/home/zhaog/.openclaw/workspace/agents/xiaomila-media/scripts/xiaomila-cron.sh: 第 186 行： [: 0
0: 需要整数表达式
/home/zhaog/.openclaw/workspace/agents/xiaomila-media/scripts/xiaomila-cron.sh: 第 229 行： [: 0
0: 需要整数表达式
/home/zhaog/.openclaw/workspace/agents/xiaomijiao/scripts/xiaomijiao-cron.sh: 第 229 行： [: 0
0: 需要整数表达式
/home/zhaog/.openclaw/workspace/agents/xiaomijiao/scripts/xiaomijiao-cron.sh: 第 229 行： [: 0
0: 需要整数表达式
/home/zhaog/.openclaw/workspace/agents/xiaomijiao/scripts/xiaomijiao-cron.sh: 第 229 行： [: 0
0: 需要整数表达式
/home/zhaog/.openclaw/workspace/agents/xiaomijiao/scripts/xiaomijiao-cron.sh: 第 229 行： [: 0
0: 需要整数表达式
/home/zhaog/.openclaw/workspace/agents/xiaomijiao/scripts/xiaomijiao-cron.sh: 第 229 行： [: 0
0: 需要整数表达式
/home/zhaog/.openclaw/workspace/agents/xiaomijiao/scripts/xiaomijiao-cron.sh: 第 229 行： [: 0
0: 需要整数表达式
/home/zhaog/.openclaw/workspace/agents/xiaomijiao/scripts/xiaomijiao-cron.sh: 第 229 行： [: 0
0: 需要整数表达式
/home/zhaog/.openclaw/workspace/agents/xiaomijiao/scripts/xiaomijiao-cron.sh: 第 229 行： [: 0
0: 需要整数表达式
/home/zhaog/.openclaw/workspace/agents/xiaomijiao/scripts/xiaomijiao-cron.sh: 第 229 行： [: 0
0: 需要整数表达式
[2026-03-26 02:10:01] [cleanup] 清理旧日志...
/home/zhaog/.openclaw/workspace/agents/xiaomijiao/scripts/xiaomijiao-cron.sh: 第 229 行： [: 0
0: 需要整数表达式
[2026-03-26 02:10:01] [cleanup] ✅ 清理完成
/home/zhaog/.openclaw/workspace/agents/xiaomijiao/scripts/xiaomijiao-cron.sh: 第 229 行： [: 0
0: 需要整数表达式
/home/zhaog/.openclaw/workspace/agents/xiaomijiao/scripts/xiaomijiao-cron.sh: 第 229 行： [: 0
0: 需要整数表达式
/home/zhaog/.openclaw/workspace/agents/xiaomijiao/scripts/xiaomijiao-cron.sh: 第 229 行： [: 0
0: 需要整数表达式
/home/zhaog/.openclaw/workspace/agents/xiaomijiao/scripts/xiaomijiao-cron.sh: 第 229 行： [: 0
0: 需要整数表达式
[2026-03-26 06:10:01] [qmd-update] 更新 QMD 向量索引...
[2026-03-26 06:10:01] [qmd-update] ✅ QMD 更新完成
/home/zhaog/.openclaw/workspace/agents/xiaomijiao/scripts/xiaomijiao-cron.sh: 第 229 行： [: 0
0: 需要整数表达式
/home/zhaog/.openclaw/workspace/agents/xiaomijiao/scripts/xiaomijiao-cron.sh: 第 229 行： [: 0
0: 需要整数表达式
/home/zhaog/.openclaw/workspace/agents/xiaomijiao/scripts/xiaomijiao-cron.sh: 第 229 行： [: 0
0: 需要整数表达式
/home/zhaog/.openclaw/workspace/agents/xiaomijiao/scripts/xiaomijiao-cron.sh: 第 229 行： [: 0
0: 需要整数表达式
/home/zhaog/.openclaw/workspace/agents/xiaomijiao/scripts/xiaomijiao-cron.sh: 第 229 行： [: 0
0: 需要整数表达式
/home/zhaog/.openclaw/workspace/agents/xiaomijiao/scripts/xiaomijiao-cron.sh: 第 229 行： [: 0
0: 需要整数表达式
/home/zhaog/.openclaw/workspace/agents/xiaomijiao/scripts/xiaomijiao-cron.sh: 第 229 行： [: 0
0: 需要整数表达式
/home/zhaog/.openclaw/workspace/agents/xiaomijiao/scripts/xiaomijiao-cron.sh: 第 229 行： [: 0
0: 需要整数表达式
