[2026-03-10 11:50:39] === Git 自动提交开始 ===
[2026-03-10 12:00:01] === Git 自动提交开始 ===
[2026-03-10 12:00:01] ✅ 提交成功：+218 ~0 -0
[2026-03-10 12:00:01] === Git 自动提交完成 ===
[2026-03-10 13:00:01] === Git 自动提交开始 ===
[2026-03-10 13:00:01] ✅ 提交成功：+419 ~0 -0
[2026-03-10 13:00:01] === Git 自动提交完成 ===
[2026-03-10 14:00:01] === Git 自动提交开始 ===
[2026-03-10 14:00:01] ℹ️  无变更需要提交
[2026-03-10 14:00:01] === Git 自动提交完成 ===
[2026-03-10 15:00:01] === Git 自动提交开始 ===
[2026-03-10 15:00:01] ℹ️  无变更需要提交
[2026-03-10 15:00:01] === Git 自动提交完成 ===
[2026-03-10 16:00:01] === Git 自动提交开始 ===
[2026-03-10 16:00:01] ℹ️  无变更需要提交
[2026-03-10 16:00:01] === Git 自动提交完成 ===
[2026-03-10 17:00:02] === Git 自动提交开始 ===
[2026-03-10 17:00:02] ✅ 提交成功：+1741 ~1 -0
[2026-03-10 17:00:02] === Git 自动提交完成 ===
[2026-03-10 18:00:01] === Git 自动提交开始 ===
[2026-03-10 18:00:01] ✅ 提交成功：+1285 ~0 -0
[2026-03-10 18:00:01] === Git 自动提交完成 ===
[2026-03-10 19:00:01] === Git 自动提交开始 ===
[2026-03-10 19:00:01] ✅ 提交成功：+1556 ~0 -0
[2026-03-10 19:00:01] === Git 自动提交完成 ===
[2026-03-10 20:00:01] === Git 自动提交开始 ===
[2026-03-10 20:00:01] ✅ 提交成功：+1439 ~857 -0
[2026-03-10 20:00:01] === Git 自动提交完成 ===
[2026-03-10 21:00:01] === Git 自动提交开始 ===
[2026-03-10 21:00:01] ℹ️  无变更需要提交
[2026-03-10 21:00:01] === Git 自动提交完成 ===
[2026-03-10 22:00:01] === Git 自动提交开始 ===
[2026-03-10 22:00:01] ✅ 提交成功：+522 ~1 -0
[2026-03-10 22:00:01] === Git 自动提交完成 ===
[2026-03-10 23:00:01] === Git 自动提交开始 ===
[2026-03-10 23:00:01] ℹ️  无变更需要提交
[2026-03-10 23:00:01] === Git 自动提交完成 ===
[2026-03-11 00:00:01] === Git 自动提交开始 ===
[2026-03-11 00:00:01] ✅ 提交成功：+18 ~0 -0
[2026-03-11 00:00:01] === Git 自动提交完成 ===
[2026-03-11 01:00:02] === Git 自动提交开始 ===
[2026-03-11 01:00:02] ℹ️  无变更需要提交
[2026-03-11 01:00:02] === Git 自动提交完成 ===
[2026-03-11 02:00:01] === Git 自动提交开始 ===
[2026-03-11 02:00:01] ℹ️  无变更需要提交
[2026-03-11 02:00:01] === Git 自动提交完成 ===
[2026-03-11 03:00:01] === Git 自动提交开始 ===
[2026-03-11 03:00:01] ℹ️  无变更需要提交
[2026-03-11 03:00:01] === Git 自动提交完成 ===
[2026-03-11 04:00:01] === Git 自动提交开始 ===
[2026-03-11 04:00:01] ℹ️  无变更需要提交
[2026-03-11 04:00:01] === Git 自动提交完成 ===
[2026-03-11 05:00:01] === Git 自动提交开始 ===
[2026-03-11 05:00:01] ℹ️  无变更需要提交
[2026-03-11 05:00:01] === Git 自动提交完成 ===
[2026-03-11 10:00:01] === Git 自动提交开始 ===
[2026-03-11 10:00:02] ✅ 提交成功：+101 ~0 -0
[2026-03-11 10:00:02] === Git 自动提交完成 ===
[2026-03-11 11:00:01] === Git 自动提交开始 ===
[2026-03-11 11:00:01] ℹ️  无变更需要提交
[2026-03-11 11:00:01] === Git 自动提交完成 ===
[2026-03-11 12:00:01] === Git 自动提交开始 ===
[2026-03-11 12:00:01] ℹ️  无变更需要提交
[2026-03-11 12:00:01] === Git 自动提交完成 ===
[2026-03-11 13:00:01] === Git 自动提交开始 ===
[2026-03-11 13:00:01] ✅ 提交成功：+217 ~0 -0
[2026-03-11 13:00:01] === Git 自动提交完成 ===
[2026-03-11 14:00:01] === Git 自动提交开始 ===
[2026-03-11 14:00:01] ✅ 提交成功：+294 ~0 -0
[2026-03-11 14:00:01] === Git 自动提交完成 ===
[2026-03-11 15:00:01] === Git 自动提交开始 ===
[2026-03-11 15:00:01] ℹ️  无变更需要提交
[2026-03-11 15:00:01] === Git 自动提交完成 ===
[2026-03-11 16:00:01] === Git 自动提交开始 ===
[2026-03-11 16:00:01] ✅ 提交成功：+34864 ~0 -0
[2026-03-11 16:00:01] 📤 推送到远程...
fatal: could not read Username for 'https://github.com': 没有那个设备或地址
[2026-03-11 16:00:02] === Git 自动提交完成 ===
[2026-03-11 17:00:01] === Git 自动提交开始 ===
[2026-03-11 17:00:01] ✅ 提交成功：+24 ~0 -0
[2026-03-11 17:00:01] 📤 推送到远程...
fatal: could not read Username for 'https://github.com': 没有那个设备或地址
[2026-03-11 17:00:03] === Git 自动提交完成 ===
[2026-03-11 18:00:01] === Git 自动提交开始 ===
[2026-03-11 18:00:01] ✅ 提交成功：+798171 ~4 -0
[2026-03-11 18:00:01] 📤 推送到远程...
fatal: could not read Username for 'https://github.com': 没有那个设备或地址
[2026-03-11 18:00:02] === Git 自动提交完成 ===
[2026-03-11 19:00:01] === Git 自动提交开始 ===
[2026-03-11 19:00:02] ✅ 提交成功：+72134 ~0 -0
[2026-03-11 19:00:02] 📤 推送到远程...
fatal: could not read Username for 'https://github.com': 没有那个设备或地址
[2026-03-11 19:00:03] === Git 自动提交完成 ===
[2026-03-11 20:00:01] === Git 自动提交开始 ===
[2026-03-11 21:00:01] === Git 自动提交开始 ===
[2026-03-11 22:00:01] === Git 自动提交开始 ===
[2026-03-12 10:00:01] === Git 自动提交开始 ===
[2026-03-12 11:00:01] === Git 自动提交开始 ===
[2026-03-12 12:00:01] === Git 自动提交开始 ===
[2026-03-12 13:00:01] === Git 自动提交开始 ===
[2026-03-12 14:00:01] === Git 自动提交开始 ===
[2026-03-12 15:00:01] === Git 自动提交开始 ===
[2026-03-12 16:00:01] === Git 自动提交开始 ===
[2026-03-12 17:00:01] === Git 自动提交开始 ===
[2026-03-12 18:00:01] === Git 自动提交开始 ===
[2026-03-12 19:00:01] === Git 自动提交开始 ===
[2026-03-12 19:00:01] ✅ 提交成功：+1180 ~0 -0
[2026-03-12 19:00:01] 📤 推送到远程...
To github.com:zhaog100/openclaw-skills.git
   c479646..cc731c9  HEAD -> master
[2026-03-12 19:00:23] === Git 自动提交完成 ===
[2026-03-12 20:00:01] === Git 自动提交开始 ===
[2026-03-12 21:00:01] === Git 自动提交开始 ===
[2026-03-12 22:00:01] === Git 自动提交开始 ===
[2026-03-12 23:00:01] === Git 自动提交开始 ===
[2026-03-13 00:00:01] === Git 自动提交开始 ===
[2026-03-13 01:00:01] === Git 自动提交开始 ===
[2026-03-13 01:00:01] ✅ 提交成功：+628 ~0 -0
[2026-03-13 01:00:01] 📤 推送到远程...
To github.com:zhaog100/openclaw-skills.git
 ! [rejected]        HEAD -> master (fetch first)
error: 无法推送一些引用到 'github.com:zhaog100/openclaw-skills.git'
提示：Updates were rejected because the remote contains work that you do not
提示：have locally. This is usually caused by another repository pushing to
提示：the same ref. If you want to integrate the remote changes, use
提示：'git pull' before pushing again.
提示：See the 'Note about fast-forwards' in 'git push --help' for details.
[2026-03-13 01:00:37] === Git 自动提交完成 ===
[2026-03-13 02:00:01] === Git 自动提交开始 ===
[2026-03-13 03:00:01] === Git 自动提交开始 ===
[2026-03-13 03:00:01] ✅ 提交成功：+628 ~0 -0
[2026-03-13 03:00:01] 📤 推送到远程...
To github.com:zhaog100/openclaw-skills.git
 ! [rejected]        HEAD -> master (fetch first)
error: 无法推送一些引用到 'github.com:zhaog100/openclaw-skills.git'
提示：Updates were rejected because the remote contains work that you do not
提示：have locally. This is usually caused by another repository pushing to
提示：the same ref. If you want to integrate the remote changes, use
提示：'git pull' before pushing again.
提示：See the 'Note about fast-forwards' in 'git push --help' for details.
[2026-03-13 03:00:21] === Git 自动提交完成 ===
[2026-03-13 04:00:01] === Git 自动提交开始 ===
[2026-03-13 05:00:01] === Git 自动提交开始 ===
[2026-03-13 06:00:01] === Git 自动提交开始 ===
[2026-03-13 07:00:02] === Git 自动提交开始 ===
[2026-03-13 08:00:01] === Git 自动提交开始 ===
[2026-03-13 08:00:01] ✅ 提交成功：+1330 ~41 -0
[2026-03-13 08:00:01] 📤 推送到远程...
To github.com:zhaog100/openclaw-skills.git
 ! [rejected]        HEAD -> master (fetch first)
error: 无法推送一些引用到 'github.com:zhaog100/openclaw-skills.git'
提示：Updates were rejected because the remote contains work that you do not
提示：have locally. This is usually caused by another repository pushing to
提示：the same ref. If you want to integrate the remote changes, use
提示：'git pull' before pushing again.
提示：See the 'Note about fast-forwards' in 'git push --help' for details.
[2026-03-13 08:00:21] === Git 自动提交完成 ===
[2026-03-13 09:00:01] === Git 自动提交开始 ===
[2026-03-13 09:00:01] ✅ 提交成功：+30 ~0 -0
[2026-03-13 09:00:01] 📤 推送到远程...
To github.com:zhaog100/openclaw-skills.git
   3cae813..226b338  HEAD -> master
[2026-03-13 09:00:21] === Git 自动提交完成 ===
[2026-03-13 10:00:01] === Git 自动提交开始 ===
[2026-03-13 10:00:01] ✅ 提交成功：+110 ~0 -0
[2026-03-13 10:00:01] 📤 推送到远程...
To github.com:zhaog100/openclaw-skills.git
   ff62387..c1e32ed  HEAD -> master
[2026-03-13 10:00:21] === Git 自动提交完成 ===
[2026-03-13 11:00:01] === Git 自动提交开始 ===
[2026-03-13 12:00:01] === Git 自动提交开始 ===
[2026-03-13 12:00:01] ✅ 提交成功：+676 ~0 -0
[2026-03-13 12:00:01] 📤 推送到远程...
To github.com:zhaog100/openclaw-skills.git
   a086c45..3c0bf9f  HEAD -> master
[2026-03-13 12:00:25] === Git 自动提交完成 ===
[2026-03-13 13:00:01] === Git 自动提交开始 ===
[2026-03-13 14:00:01] === Git 自动提交开始 ===
[2026-03-13 14:00:02] ✅ 提交成功：+628 ~0 -0
[2026-03-13 14:00:02] 📤 推送到远程...
[2026-03-13 15:00:01] === Git 自动提交开始 ===
[2026-03-13 16:00:01] === Git 自动提交开始 ===
[2026-03-13 17:00:02] === Git 自动提交开始 ===
[2026-03-13 18:00:01] === Git 自动提交开始 ===
[2026-03-13 19:00:01] === Git 自动提交开始 ===
[2026-03-13 20:00:02] === Git 自动提交开始 ===
[2026-03-13 20:00:02] ✅ 提交成功：+628 ~0 -0
[2026-03-13 20:00:02] 📤 推送到远程...
To github.com:zhaog100/openclaw-skills.git
 ! [rejected]        HEAD -> master (fetch first)
error: 无法推送一些引用到 'github.com:zhaog100/openclaw-skills.git'
提示：Updates were rejected because the remote contains work that you do not
提示：have locally. This is usually caused by another repository pushing to
提示：the same ref. If you want to integrate the remote changes, use
提示：'git pull' before pushing again.
提示：See the 'Note about fast-forwards' in 'git push --help' for details.
[2026-03-13 20:00:24] === Git 自动提交完成 ===
[2026-03-13 21:00:01] === Git 自动提交开始 ===
[2026-03-13 22:00:02] === Git 自动提交开始 ===
[2026-03-13 23:00:01] === Git 自动提交开始 ===
[2026-03-14 00:00:01] === Git 自动提交开始 ===
[2026-03-14 01:00:01] === Git 自动提交开始 ===
[2026-03-14 02:00:01] === Git 自动提交开始 ===
[2026-03-14 02:00:01] ✅ 提交成功：+628 ~0 -0
[2026-03-14 02:00:01] 📤 推送到远程...
To github.com:zhaog100/openclaw-skills.git
 ! [rejected]        HEAD -> master (fetch first)
error: 无法推送一些引用到 'github.com:zhaog100/openclaw-skills.git'
提示：Updates were rejected because the remote contains work that you do not
提示：have locally. This is usually caused by another repository pushing to
提示：the same ref. If you want to integrate the remote changes, use
提示：'git pull' before pushing again.
提示：See the 'Note about fast-forwards' in 'git push --help' for details.
[2026-03-14 02:00:32] === Git 自动提交完成 ===
[2026-03-14 03:00:01] === Git 自动提交开始 ===
[2026-03-14 04:00:01] === Git 自动提交开始 ===
[2026-03-14 04:00:01] ✅ 提交成功：+628 ~0 -0
[2026-03-14 04:00:01] 📤 推送到远程...
To github.com:zhaog100/openclaw-skills.git
 ! [rejected]        HEAD -> master (fetch first)
error: 无法推送一些引用到 'github.com:zhaog100/openclaw-skills.git'
提示：Updates were rejected because the remote contains work that you do not
提示：have locally. This is usually caused by another repository pushing to
提示：the same ref. If you want to integrate the remote changes, use
提示：'git pull' before pushing again.
提示：See the 'Note about fast-forwards' in 'git push --help' for details.
[2026-03-14 04:00:20] === Git 自动提交完成 ===
[2026-03-14 05:00:01] === Git 自动提交开始 ===
[2026-03-14 06:00:01] === Git 自动提交开始 ===
[2026-03-14 07:00:01] === Git 自动提交开始 ===
[2026-03-14 08:00:01] === Git 自动提交开始 ===
[2026-03-14 09:00:01] === Git 自动提交开始 ===
[2026-03-14 10:00:01] === Git 自动提交开始 ===
[2026-03-14 11:00:01] === Git 自动提交开始 ===
[2026-03-14 12:00:01] === Git 自动提交开始 ===
[2026-03-14 13:00:01] === Git 自动提交开始 ===
[2026-03-14 14:00:01] === Git 自动提交开始 ===
[2026-03-14 14:00:01] ✅ 提交成功：+1642 ~0 -0
[2026-03-14 14:00:01] 📤 推送到远程...
To github.com:zhaog100/openclaw-skills.git
 ! [rejected]        HEAD -> master (fetch first)
error: 无法推送一些引用到 'github.com:zhaog100/openclaw-skills.git'
提示：Updates were rejected because the remote contains work that you do not
提示：have locally. This is usually caused by another repository pushing to
提示：the same ref. If you want to integrate the remote changes, use
提示：'git pull' before pushing again.
提示：See the 'Note about fast-forwards' in 'git push --help' for details.
[2026-03-14 14:00:29] === Git 自动提交完成 ===
[2026-03-14 15:00:01] === Git 自动提交开始 ===
[2026-03-14 16:00:01] === Git 自动提交开始 ===
[2026-03-14 16:00:02] ✅ 提交成功：+826 ~0 -0
[2026-03-14 16:00:02] 📤 推送到远程...
To github.com:zhaog100/openclaw-skills.git
 ! [rejected]        HEAD -> master (fetch first)
error: 无法推送一些引用到 'github.com:zhaog100/openclaw-skills.git'
提示：Updates were rejected because the remote contains work that you do not
提示：have locally. This is usually caused by another repository pushing to
提示：the same ref. If you want to integrate the remote changes, use
提示：'git pull' before pushing again.
提示：See the 'Note about fast-forwards' in 'git push --help' for details.
[2026-03-14 16:00:26] === Git 自动提交完成 ===
[2026-03-14 17:00:01] === Git 自动提交开始 ===
[2026-03-14 18:00:01] === Git 自动提交开始 ===
[2026-03-14 19:00:01] === Git 自动提交开始 ===
[2026-03-14 19:00:01] ✅ 提交成功：+719 ~0 -0
[2026-03-14 19:00:01] 📤 推送到远程...
To github.com:zhaog100/openclaw-skills.git
 ! [rejected]        HEAD -> master (fetch first)
error: 无法推送一些引用到 'github.com:zhaog100/openclaw-skills.git'
提示：Updates were rejected because the remote contains work that you do not
提示：have locally. This is usually caused by another repository pushing to
提示：the same ref. If you want to integrate the remote changes, use
提示：'git pull' before pushing again.
提示：See the 'Note about fast-forwards' in 'git push --help' for details.
[2026-03-14 19:00:27] === Git 自动提交完成 ===
[2026-03-14 20:00:02] === Git 自动提交开始 ===
[2026-03-14 20:00:02] ✅ 提交成功：+497 ~0 -0
[2026-03-14 20:00:02] 📤 推送到远程...
To github.com:zhaog100/openclaw-skills.git
 ! [rejected]        HEAD -> master (fetch first)
error: 无法推送一些引用到 'github.com:zhaog100/openclaw-skills.git'
提示：Updates were rejected because the remote contains work that you do not
提示：have locally. This is usually caused by another repository pushing to
提示：the same ref. If you want to integrate the remote changes, use
提示：'git pull' before pushing again.
提示：See the 'Note about fast-forwards' in 'git push --help' for details.
[2026-03-14 20:00:25] === Git 自动提交完成 ===
[2026-03-14 21:00:01] === Git 自动提交开始 ===
[2026-03-14 22:00:01] === Git 自动提交开始 ===
[2026-03-14 23:00:01] === Git 自动提交开始 ===
[2026-03-14 23:00:01] ✅ 提交成功：+408 ~2 -0
[2026-03-14 23:00:01] 📤 推送到远程...
To github.com:zhaog100/openclaw-skills.git
 ! [rejected]        HEAD -> master (fetch first)
error: 无法推送一些引用到 'github.com:zhaog100/openclaw-skills.git'
提示：Updates were rejected because the remote contains work that you do not
提示：have locally. This is usually caused by another repository pushing to
提示：the same ref. If you want to integrate the remote changes, use
提示：'git pull' before pushing again.
提示：See the 'Note about fast-forwards' in 'git push --help' for details.
[2026-03-14 23:00:46] === Git 自动提交完成 ===
[2026-03-15 00:00:01] === Git 自动提交开始 ===
[2026-03-15 01:00:01] === Git 自动提交开始 ===
[2026-03-15 02:00:01] === Git 自动提交开始 ===
[2026-03-15 03:00:01] === Git 自动提交开始 ===
[2026-03-15 04:00:01] === Git 自动提交开始 ===
[2026-03-15 05:00:01] === Git 自动提交开始 ===
[2026-03-15 06:00:01] === Git 自动提交开始 ===
[2026-03-15 07:00:01] === Git 自动提交开始 ===
[2026-03-15 08:00:01] === Git 自动提交开始 ===
[2026-03-15 09:00:01] === Git 自动提交开始 ===
[2026-03-15 10:00:01] === Git 自动提交开始 ===
[2026-03-15 11:00:01] === Git 自动提交开始 ===
[2026-03-15 12:00:01] === Git 自动提交开始 ===
[2026-03-15 12:00:02] ✅ 提交成功：+407 ~0 -0
[2026-03-15 12:00:02] 📤 推送到远程...
To github.com:zhaog100/openclaw-skills.git
   19e0d34..9f6471b  HEAD -> master
[2026-03-15 12:00:31] === Git 自动提交完成 ===
[2026-03-15 13:00:01] === Git 自动提交开始 ===
[2026-03-15 14:00:01] === Git 自动提交开始 ===
[2026-03-15 15:00:01] === Git 自动提交开始 ===
[2026-03-15 16:00:01] === Git 自动提交开始 ===
[2026-03-15 17:00:01] === Git 自动提交开始 ===
[2026-03-15 17:00:01] ✅ 提交成功：+504 ~180 -0
[2026-03-15 17:00:01] 📤 推送到远程...
To github.com:zhaog100/openclaw-skills.git
 ! [rejected]        HEAD -> master (fetch first)
error: 无法推送一些引用到 'github.com:zhaog100/openclaw-skills.git'
提示：Updates were rejected because the remote contains work that you do not
提示：have locally. This is usually caused by another repository pushing to
提示：the same ref. If you want to integrate the remote changes, use
提示：'git pull' before pushing again.
提示：See the 'Note about fast-forwards' in 'git push --help' for details.
[2026-03-15 17:00:25] === Git 自动提交完成 ===
[2026-03-15 18:00:01] === Git 自动提交开始 ===
[2026-03-15 19:00:01] === Git 自动提交开始 ===
[2026-03-15 20:00:01] === Git 自动提交开始 ===
[2026-03-15 21:00:01] === Git 自动提交开始 ===
[2026-03-15 22:00:02] === Git 自动提交开始 ===
[2026-03-15 23:00:01] === Git 自动提交开始 ===
[2026-03-16 00:00:01] === Git 自动提交开始 ===
[2026-03-16 01:00:01] === Git 自动提交开始 ===
[2026-03-16 02:00:01] === Git 自动提交开始 ===
[2026-03-16 03:00:01] === Git 自动提交开始 ===
[2026-03-16 04:00:01] === Git 自动提交开始 ===
[2026-03-16 05:00:02] === Git 自动提交开始 ===
[2026-03-16 06:00:01] === Git 自动提交开始 ===
[2026-03-16 07:00:01] === Git 自动提交开始 ===
[2026-03-16 08:00:01] === Git 自动提交开始 ===
[2026-03-16 11:00:01] === Git 自动提交开始 ===
[2026-03-16 13:00:01] === Git 自动提交开始 ===
[2026-03-16 14:00:01] === Git 自动提交开始 ===
