[2026-03-09 18:30:01] 🔍 开始无感会话切换检查
[2026-03-09 18:30:01] ⚠️ 获取会话信息失败
[2026-03-09 18:30:01] 📊 当前上下文使用率: 0%
[2026-03-09 18:30:01] ✅ 上下文正常（0% < 85%）
[2026-03-09 18:40:01] 🔍 开始无感会话切换检查
[2026-03-09 18:40:01] ⚠️ 获取会话信息失败
[2026-03-09 18:40:01] 📊 当前上下文使用率: 0%
[2026-03-09 18:40:01] ✅ 上下文正常（0% < 85%）
[2026-03-09 18:50:01] 🔍 开始无感会话切换检查
[2026-03-09 18:50:01] ⚠️ 获取会话信息失败
[2026-03-09 18:50:01] 📊 当前上下文使用率: 0%
[2026-03-09 18:50:01] ✅ 上下文正常（0% < 85%）
[2026-03-09 19:00:01] 🔍 开始无感会话切换检查
[2026-03-09 19:00:01] ⚠️ 获取会话信息失败
[2026-03-09 19:00:01] 📊 当前上下文使用率: 0%
[2026-03-09 19:00:01] ✅ 上下文正常（0% < 85%）
[2026-03-09 19:10:01] 🔍 开始无感会话切换检查
[2026-03-09 19:10:01] ⚠️ 获取会话信息失败
[2026-03-09 19:10:01] 📊 当前上下文使用率: 0%
[2026-03-09 19:10:01] ✅ 上下文正常（0% < 85%）
[2026-03-09 19:20:01] 🔍 开始无感会话切换检查
[2026-03-09 19:20:01] ⚠️ 获取会话信息失败
[2026-03-09 19:20:01] 📊 当前上下文使用率: 0%
[2026-03-09 19:20:01] ✅ 上下文正常（0% < 85%）
[2026-03-09 19:30:01] 🔍 开始无感会话切换检查
[2026-03-09 19:30:01] ⚠️ 获取会话信息失败
[2026-03-09 19:30:01] 📊 当前上下文使用率: 0%
[2026-03-09 19:30:01] ✅ 上下文正常（0% < 85%）
[2026-03-09 19:40:01] 🔍 开始无感会话切换检查
[2026-03-09 19:40:01] ⚠️ 获取会话信息失败
[2026-03-09 19:40:01] 📊 当前上下文使用率: 0%
[2026-03-09 19:40:01] ✅ 上下文正常（0% < 85%）
[2026-03-09 19:50:01] 🔍 开始无感会话切换检查
[2026-03-09 19:50:01] ⚠️ 获取会话信息失败
[2026-03-09 19:50:01] 📊 当前上下文使用率: 0%
[2026-03-09 19:50:01] ✅ 上下文正常（0% < 85%）
[2026-03-09 20:00:01] 🔍 开始无感会话切换检查
[2026-03-09 20:00:01] ⚠️ 获取会话信息失败
[2026-03-09 20:00:01] 📊 当前上下文使用率: 0%
[2026-03-09 20:00:01] ✅ 上下文正常（0% < 85%）
[2026-03-09 20:10:02] 🔍 开始无感会话切换检查
[2026-03-09 20:10:02] ⚠️ 获取会话信息失败
[2026-03-09 20:10:02] 📊 当前上下文使用率: 0%
[2026-03-09 20:10:02] ✅ 上下文正常（0% < 85%）
[2026-03-09 20:20:01] 🔍 开始无感会话切换检查
[2026-03-09 20:20:01] ⚠️ 获取会话信息失败
[2026-03-09 20:20:01] 📊 当前上下文使用率: 0%
[2026-03-09 20:20:01] ✅ 上下文正常（0% < 85%）
[2026-03-09 20:30:01] 🔍 开始无感会话切换检查
[2026-03-09 20:30:01] ⚠️ 获取会话信息失败
[2026-03-09 20:30:01] 📊 当前上下文使用率: 0%
[2026-03-09 20:30:01] ✅ 上下文正常（0% < 85%）
[2026-03-09 20:40:01] 🔍 开始无感会话切换检查
[2026-03-09 20:40:01] ⚠️ 获取会话信息失败
[2026-03-09 20:40:01] 📊 当前上下文使用率: 0%
[2026-03-09 20:40:01] ✅ 上下文正常（0% < 85%）
[2026-03-09 20:50:01] 🔍 开始无感会话切换检查
[2026-03-09 20:50:01] ⚠️ 获取会话信息失败
[2026-03-09 20:50:01] 📊 当前上下文使用率: 0%
[2026-03-09 20:50:01] ✅ 上下文正常（0% < 85%）
[2026-03-09 21:00:01] 🔍 开始无感会话切换检查
[2026-03-09 21:00:01] ⚠️ 获取会话信息失败
[2026-03-09 21:00:01] 📊 当前上下文使用率: 0%
[2026-03-09 21:00:01] ✅ 上下文正常（0% < 85%）
[2026-03-09 21:10:01] 🔍 开始无感会话切换检查
[2026-03-09 21:10:01] ⚠️ 获取会话信息失败
[2026-03-09 21:10:01] 📊 当前上下文使用率: 0%
[2026-03-09 21:10:01] ✅ 上下文正常（0% < 85%）
[2026-03-09 21:20:01] 🔍 开始无感会话切换检查
[2026-03-09 21:20:01] ⚠️ 获取会话信息失败
[2026-03-09 21:20:01] 📊 当前上下文使用率: 0%
[2026-03-09 21:20:01] ✅ 上下文正常（0% < 85%）
[2026-03-09 21:30:01] 🔍 开始无感会话切换检查
[2026-03-09 21:30:01] ⚠️ 获取会话信息失败
[2026-03-09 21:30:01] 📊 当前上下文使用率: 0%
[2026-03-09 21:30:01] ✅ 上下文正常（0% < 85%）
[2026-03-09 21:40:01] 🔍 开始无感会话切换检查
[2026-03-09 21:40:01] ⚠️ 获取会话信息失败
[2026-03-09 21:40:01] 📊 当前上下文使用率: 0%
[2026-03-09 21:40:01] ✅ 上下文正常（0% < 85%）
[2026-03-09 21:50:01] 🔍 开始无感会话切换检查
[2026-03-09 21:50:01] ⚠️ 获取会话信息失败
[2026-03-09 21:50:01] 📊 当前上下文使用率: 0%
[2026-03-09 21:50:01] ✅ 上下文正常（0% < 85%）
[2026-03-09 22:00:01] 🔍 开始无感会话切换检查
[2026-03-09 22:00:01] ⚠️ 获取会话信息失败
[2026-03-09 22:00:01] 📊 当前上下文使用率: 0%
[2026-03-09 22:00:01] ✅ 上下文正常（0% < 85%）
[2026-03-09 22:10:01] 🔍 开始无感会话切换检查
[2026-03-09 22:10:01] ⚠️ 获取会话信息失败
[2026-03-09 22:10:01] 📊 当前上下文使用率: 0%
[2026-03-09 22:10:01] ✅ 上下文正常（0% < 85%）
[2026-03-09 22:20:01] 🔍 开始无感会话切换检查
[2026-03-09 22:20:01] ⚠️ 获取会话信息失败
[2026-03-09 22:20:01] 📊 当前上下文使用率: 0%
[2026-03-09 22:20:01] ✅ 上下文正常（0% < 85%）
[2026-03-09 22:30:01] 🔍 开始无感会话切换检查
[2026-03-09 22:30:01] ⚠️ 获取会话信息失败
[2026-03-09 22:30:01] 📊 当前上下文使用率: 0%
[2026-03-09 22:30:01] ✅ 上下文正常（0% < 85%）
[2026-03-09 22:40:01] 🔍 开始无感会话切换检查
[2026-03-09 22:40:01] ⚠️ 获取会话信息失败
[2026-03-09 22:40:01] 📊 当前上下文使用率: 0%
[2026-03-09 22:40:01] ✅ 上下文正常（0% < 85%）
[2026-03-09 22:50:01] 🔍 开始无感会话切换检查
[2026-03-09 22:50:01] ⚠️ 获取会话信息失败
[2026-03-09 22:50:01] 📊 当前上下文使用率: 0%
[2026-03-09 22:50:01] ✅ 上下文正常（0% < 85%）
[2026-03-09 23:00:01] 🔍 开始无感会话切换检查
[2026-03-09 23:00:01] ⚠️ 获取会话信息失败
[2026-03-09 23:00:01] 📊 当前上下文使用率: 0%
[2026-03-09 23:00:01] ✅ 上下文正常（0% < 85%）
[2026-03-09 23:10:01] 🔍 开始无感会话切换检查
[2026-03-09 23:10:01] ⚠️ 获取会话信息失败
[2026-03-09 23:10:01] 📊 当前上下文使用率: 0%
[2026-03-09 23:10:01] ✅ 上下文正常（0% < 85%）
[2026-03-09 23:20:01] 🔍 开始无感会话切换检查
[2026-03-09 23:20:01] ⚠️ 获取会话信息失败
[2026-03-09 23:20:01] 📊 当前上下文使用率: 0%
[2026-03-09 23:20:01] ✅ 上下文正常（0% < 85%）
[2026-03-09 23:30:01] 🔍 开始无感会话切换检查
[2026-03-09 23:30:01] ⚠️ 获取会话信息失败
[2026-03-09 23:30:01] 📊 当前上下文使用率: 0%
[2026-03-09 23:30:01] ✅ 上下文正常（0% < 85%）
[2026-03-09 23:40:01] 🔍 开始无感会话切换检查
[2026-03-09 23:40:01] ⚠️ 获取会话信息失败
[2026-03-09 23:40:01] 📊 当前上下文使用率: 0%
[2026-03-09 23:40:01] ✅ 上下文正常（0% < 85%）
[2026-03-09 23:50:01] 🔍 开始无感会话切换检查
[2026-03-09 23:50:01] ⚠️ 获取会话信息失败
[2026-03-09 23:50:01] 📊 当前上下文使用率: 0%
[2026-03-09 23:50:01] ✅ 上下文正常（0% < 85%）
[2026-03-10 00:00:01] 🔍 开始无感会话切换检查
[2026-03-10 00:00:01] ⚠️ 获取会话信息失败
[2026-03-10 00:00:01] 📊 当前上下文使用率: 0%
[2026-03-10 00:00:01] ✅ 上下文正常（0% < 85%）
[2026-03-10 00:10:01] 🔍 开始无感会话切换检查
[2026-03-10 00:10:01] ⚠️ 获取会话信息失败
[2026-03-10 00:10:01] 📊 当前上下文使用率: 0%
[2026-03-10 00:10:01] ✅ 上下文正常（0% < 85%）
[2026-03-10 00:20:01] 🔍 开始无感会话切换检查
[2026-03-10 00:20:01] ⚠️ 获取会话信息失败
[2026-03-10 00:20:01] 📊 当前上下文使用率: 0%
[2026-03-10 00:20:01] ✅ 上下文正常（0% < 85%）
[2026-03-10 00:30:01] 🔍 开始无感会话切换检查
[2026-03-10 00:30:01] ⚠️ 获取会话信息失败
[2026-03-10 00:30:01] 📊 当前上下文使用率: 0%
[2026-03-10 00:30:01] ✅ 上下文正常（0% < 85%）
[2026-03-10 00:40:01] 🔍 开始无感会话切换检查
[2026-03-10 00:40:01] ⚠️ 获取会话信息失败
[2026-03-10 00:40:01] 📊 当前上下文使用率: 0%
[2026-03-10 00:40:01] ✅ 上下文正常（0% < 85%）
[2026-03-10 00:50:01] 🔍 开始无感会话切换检查
[2026-03-10 00:50:01] ⚠️ 获取会话信息失败
[2026-03-10 00:50:01] 📊 当前上下文使用率: 0%
[2026-03-10 00:50:01] ✅ 上下文正常（0% < 85%）
[2026-03-10 01:00:01] 🔍 开始无感会话切换检查
[2026-03-10 01:00:01] ⚠️ 获取会话信息失败
[2026-03-10 01:00:01] 📊 当前上下文使用率: 0%
[2026-03-10 01:00:01] ✅ 上下文正常（0% < 85%）
[2026-03-10 01:10:01] 🔍 开始无感会话切换检查
[2026-03-10 01:10:01] ⚠️ 获取会话信息失败
[2026-03-10 01:10:01] 📊 当前上下文使用率: 0%
[2026-03-10 01:10:01] ✅ 上下文正常（0% < 85%）
[2026-03-10 01:20:01] 🔍 开始无感会话切换检查
[2026-03-10 01:20:01] ⚠️ 获取会话信息失败
[2026-03-10 01:20:01] 📊 当前上下文使用率: 0%
[2026-03-10 01:20:01] ✅ 上下文正常（0% < 85%）
[2026-03-10 01:30:01] 🔍 开始无感会话切换检查
[2026-03-10 01:30:01] ⚠️ 获取会话信息失败
[2026-03-10 01:30:01] 📊 当前上下文使用率: 0%
[2026-03-10 01:30:01] ✅ 上下文正常（0% < 85%）
[2026-03-10 01:40:01] 🔍 开始无感会话切换检查
[2026-03-10 01:40:01] ⚠️ 获取会话信息失败
[2026-03-10 01:40:01] 📊 当前上下文使用率: 0%
[2026-03-10 01:40:01] ✅ 上下文正常（0% < 85%）
[2026-03-10 01:50:01] 🔍 开始无感会话切换检查
[2026-03-10 01:50:01] ⚠️ 获取会话信息失败
[2026-03-10 01:50:01] 📊 当前上下文使用率: 0%
[2026-03-10 01:50:01] ✅ 上下文正常（0% < 85%）
[2026-03-10 02:00:01] 🔍 开始无感会话切换检查
[2026-03-10 02:00:01] ⚠️ 获取会话信息失败
[2026-03-10 02:00:01] 📊 当前上下文使用率: 0%
[2026-03-10 02:00:01] ✅ 上下文正常（0% < 85%）
[2026-03-10 02:10:01] 🔍 开始无感会话切换检查
[2026-03-10 02:10:01] ⚠️ 获取会话信息失败
[2026-03-10 02:10:01] 📊 当前上下文使用率: 0%
[2026-03-10 02:10:01] ✅ 上下文正常（0% < 85%）
[2026-03-10 02:20:01] 🔍 开始无感会话切换检查
[2026-03-10 02:20:01] ⚠️ 获取会话信息失败
[2026-03-10 02:20:01] 📊 当前上下文使用率: 0%
[2026-03-10 02:20:01] ✅ 上下文正常（0% < 85%）
[2026-03-10 02:30:01] 🔍 开始无感会话切换检查
[2026-03-10 02:30:01] ⚠️ 获取会话信息失败
[2026-03-10 02:30:01] 📊 当前上下文使用率: 0%
[2026-03-10 02:30:01] ✅ 上下文正常（0% < 85%）
[2026-03-10 02:40:01] 🔍 开始无感会话切换检查
[2026-03-10 02:40:01] ⚠️ 获取会话信息失败
[2026-03-10 02:40:01] 📊 当前上下文使用率: 0%
[2026-03-10 02:40:01] ✅ 上下文正常（0% < 85%）
[2026-03-10 02:50:01] 🔍 开始无感会话切换检查
[2026-03-10 02:50:01] ⚠️ 获取会话信息失败
[2026-03-10 02:50:01] 📊 当前上下文使用率: 0%
[2026-03-10 02:50:01] ✅ 上下文正常（0% < 85%）
[2026-03-10 03:00:01] 🔍 开始无感会话切换检查
[2026-03-10 03:00:01] ⚠️ 获取会话信息失败
[2026-03-10 03:00:01] 📊 当前上下文使用率: 0%
[2026-03-10 03:00:01] ✅ 上下文正常（0% < 85%）
[2026-03-10 03:10:01] 🔍 开始无感会话切换检查
[2026-03-10 03:10:01] ⚠️ 获取会话信息失败
[2026-03-10 03:10:01] 📊 当前上下文使用率: 0%
[2026-03-10 03:10:01] ✅ 上下文正常（0% < 85%）
[2026-03-10 03:20:01] 🔍 开始无感会话切换检查
[2026-03-10 03:20:01] ⚠️ 获取会话信息失败
[2026-03-10 03:20:01] 📊 当前上下文使用率: 0%
[2026-03-10 03:20:01] ✅ 上下文正常（0% < 85%）
[2026-03-10 03:30:01] 🔍 开始无感会话切换检查
[2026-03-10 03:30:01] ⚠️ 获取会话信息失败
[2026-03-10 03:30:01] 📊 当前上下文使用率: 0%
[2026-03-10 03:30:01] ✅ 上下文正常（0% < 85%）
[2026-03-10 03:40:01] 🔍 开始无感会话切换检查
[2026-03-10 03:40:01] ⚠️ 获取会话信息失败
[2026-03-10 03:40:01] 📊 当前上下文使用率: 0%
[2026-03-10 03:40:01] ✅ 上下文正常（0% < 85%）
[2026-03-10 03:50:01] 🔍 开始无感会话切换检查
[2026-03-10 03:50:01] ⚠️ 获取会话信息失败
[2026-03-10 03:50:01] 📊 当前上下文使用率: 0%
[2026-03-10 03:50:01] ✅ 上下文正常（0% < 85%）
[2026-03-10 04:00:01] 🔍 开始无感会话切换检查
[2026-03-10 04:00:01] ⚠️ 获取会话信息失败
[2026-03-10 04:00:01] 📊 当前上下文使用率: 0%
[2026-03-10 04:00:01] ✅ 上下文正常（0% < 85%）
[2026-03-10 04:10:01] 🔍 开始无感会话切换检查
[2026-03-10 04:10:01] ⚠️ 获取会话信息失败
[2026-03-10 04:10:01] 📊 当前上下文使用率: 0%
[2026-03-10 04:10:01] ✅ 上下文正常（0% < 85%）
[2026-03-10 04:20:01] 🔍 开始无感会话切换检查
[2026-03-10 04:20:01] ⚠️ 获取会话信息失败
[2026-03-10 04:20:01] 📊 当前上下文使用率: 0%
[2026-03-10 04:20:01] ✅ 上下文正常（0% < 85%）
[2026-03-10 04:30:01] 🔍 开始无感会话切换检查
[2026-03-10 04:30:01] ⚠️ 获取会话信息失败
[2026-03-10 04:30:01] 📊 当前上下文使用率: 0%
[2026-03-10 04:30:01] ✅ 上下文正常（0% < 85%）
[2026-03-10 04:40:01] 🔍 开始无感会话切换检查
[2026-03-10 04:40:01] ⚠️ 获取会话信息失败
[2026-03-10 04:40:01] 📊 当前上下文使用率: 0%
[2026-03-10 04:40:01] ✅ 上下文正常（0% < 85%）
[2026-03-10 04:50:01] 🔍 开始无感会话切换检查
[2026-03-10 04:50:01] ⚠️ 获取会话信息失败
[2026-03-10 04:50:01] 📊 当前上下文使用率: 0%
[2026-03-10 04:50:01] ✅ 上下文正常（0% < 85%）
[2026-03-10 05:00:01] 🔍 开始无感会话切换检查
[2026-03-10 05:00:01] ⚠️ 获取会话信息失败
[2026-03-10 05:00:01] 📊 当前上下文使用率: 0%
[2026-03-10 05:00:01] ✅ 上下文正常（0% < 85%）
[2026-03-10 05:10:01] 🔍 开始无感会话切换检查
[2026-03-10 05:10:01] ⚠️ 获取会话信息失败
[2026-03-10 05:10:01] 📊 当前上下文使用率: 0%
[2026-03-10 05:10:01] ✅ 上下文正常（0% < 85%）
[2026-03-10 05:20:01] 🔍 开始无感会话切换检查
[2026-03-10 05:20:01] ⚠️ 获取会话信息失败
[2026-03-10 05:20:01] 📊 当前上下文使用率: 0%
[2026-03-10 05:20:01] ✅ 上下文正常（0% < 85%）
[2026-03-10 05:30:01] 🔍 开始无感会话切换检查
[2026-03-10 05:30:01] ⚠️ 获取会话信息失败
[2026-03-10 05:30:01] 📊 当前上下文使用率: 0%
[2026-03-10 05:30:01] ✅ 上下文正常（0% < 85%）
[2026-03-10 05:40:01] 🔍 开始无感会话切换检查
[2026-03-10 05:40:01] ⚠️ 获取会话信息失败
[2026-03-10 05:40:01] 📊 当前上下文使用率: 0%
[2026-03-10 05:40:01] ✅ 上下文正常（0% < 85%）
[2026-03-10 05:50:01] 🔍 开始无感会话切换检查
[2026-03-10 05:50:01] ⚠️ 获取会话信息失败
[2026-03-10 05:50:01] 📊 当前上下文使用率: 0%
[2026-03-10 05:50:01] ✅ 上下文正常（0% < 85%）
[2026-03-10 06:00:01] 🔍 开始无感会话切换检查
[2026-03-10 06:00:01] ⚠️ 获取会话信息失败
[2026-03-10 06:00:01] 📊 当前上下文使用率: 0%
[2026-03-10 06:00:01] ✅ 上下文正常（0% < 85%）
[2026-03-10 06:10:01] 🔍 开始无感会话切换检查
[2026-03-10 06:10:01] ⚠️ 获取会话信息失败
[2026-03-10 06:10:01] 📊 当前上下文使用率: 0%
[2026-03-10 06:10:01] ✅ 上下文正常（0% < 85%）
[2026-03-10 06:20:01] 🔍 开始无感会话切换检查
[2026-03-10 06:20:01] ⚠️ 获取会话信息失败
[2026-03-10 06:20:01] 📊 当前上下文使用率: 0%
[2026-03-10 06:20:01] ✅ 上下文正常（0% < 85%）
[2026-03-10 06:30:01] 🔍 开始无感会话切换检查
[2026-03-10 06:30:01] ⚠️ 获取会话信息失败
[2026-03-10 06:30:01] 📊 当前上下文使用率: 0%
[2026-03-10 06:30:01] ✅ 上下文正常（0% < 85%）
[2026-03-10 06:40:01] 🔍 开始无感会话切换检查
[2026-03-10 06:40:01] ⚠️ 获取会话信息失败
[2026-03-10 06:40:01] 📊 当前上下文使用率: 0%
[2026-03-10 06:40:01] ✅ 上下文正常（0% < 85%）
[2026-03-10 06:50:01] 🔍 开始无感会话切换检查
[2026-03-10 06:50:01] ⚠️ 获取会话信息失败
[2026-03-10 06:50:01] 📊 当前上下文使用率: 0%
[2026-03-10 06:50:01] ✅ 上下文正常（0% < 85%）
[2026-03-10 07:00:01] 🔍 开始无感会话切换检查
[2026-03-10 07:00:01] ⚠️ 获取会话信息失败
[2026-03-10 07:00:01] 📊 当前上下文使用率: 0%
[2026-03-10 07:00:01] ✅ 上下文正常（0% < 85%）
[2026-03-10 07:10:01] 🔍 开始无感会话切换检查
[2026-03-10 07:10:01] ⚠️ 获取会话信息失败
[2026-03-10 07:10:01] 📊 当前上下文使用率: 0%
[2026-03-10 07:10:01] ✅ 上下文正常（0% < 85%）
[2026-03-10 07:20:01] 🔍 开始无感会话切换检查
[2026-03-10 07:20:01] ⚠️ 获取会话信息失败
[2026-03-10 07:20:01] 📊 当前上下文使用率: 0%
[2026-03-10 07:20:01] ✅ 上下文正常（0% < 85%）
[2026-03-10 07:30:01] 🔍 开始无感会话切换检查
[2026-03-10 07:30:01] ⚠️ 获取会话信息失败
[2026-03-10 07:30:01] 📊 当前上下文使用率: 0%
[2026-03-10 07:30:01] ✅ 上下文正常（0% < 85%）
[2026-03-10 07:40:01] 🔍 开始无感会话切换检查
[2026-03-10 07:40:01] ⚠️ 获取会话信息失败
[2026-03-10 07:40:01] 📊 当前上下文使用率: 0%
[2026-03-10 07:40:01] ✅ 上下文正常（0% < 85%）
[2026-03-10 07:50:01] 🔍 开始无感会话切换检查
[2026-03-10 07:50:01] ⚠️ 获取会话信息失败
[2026-03-10 07:50:01] 📊 当前上下文使用率: 0%
[2026-03-10 07:50:01] ✅ 上下文正常（0% < 85%）
[2026-03-10 08:00:01] 🔍 开始无感会话切换检查
[2026-03-10 08:00:01] ⚠️ 获取会话信息失败
[2026-03-10 08:00:01] 📊 当前上下文使用率: 0%
[2026-03-10 08:00:01] ✅ 上下文正常（0% < 85%）
[2026-03-10 08:10:01] 🔍 开始无感会话切换检查
[2026-03-10 08:10:01] ⚠️ 获取会话信息失败
[2026-03-10 08:10:01] 📊 当前上下文使用率: 0%
[2026-03-10 08:10:01] ✅ 上下文正常（0% < 85%）
[2026-03-10 08:20:01] 🔍 开始无感会话切换检查
[2026-03-10 08:20:01] ⚠️ 获取会话信息失败
[2026-03-10 08:20:01] 📊 当前上下文使用率: 0%
[2026-03-10 08:20:01] ✅ 上下文正常（0% < 85%）
[2026-03-10 08:30:01] 🔍 开始无感会话切换检查
[2026-03-10 08:30:01] ⚠️ 获取会话信息失败
[2026-03-10 08:30:01] 📊 当前上下文使用率: 0%
[2026-03-10 08:30:01] ✅ 上下文正常（0% < 85%）
[2026-03-10 08:40:01] 🔍 开始无感会话切换检查
[2026-03-10 08:40:01] ⚠️ 获取会话信息失败
[2026-03-10 08:40:01] 📊 当前上下文使用率: 0%
[2026-03-10 08:40:01] ✅ 上下文正常（0% < 85%）
[2026-03-10 09:20:01] 🔍 开始无感会话切换检查
[2026-03-10 09:20:01] ⚠️ 获取会话信息失败
[2026-03-10 09:20:01] 📊 当前上下文使用率: 0%
[2026-03-10 09:20:01] ✅ 上下文正常（0% < 85%）
[2026-03-10 09:30:01] 🔍 开始无感会话切换检查
[2026-03-10 09:30:01] ⚠️ 获取会话信息失败
[2026-03-10 09:30:01] 📊 当前上下文使用率: 0%
[2026-03-10 09:30:01] ✅ 上下文正常（0% < 85%）
[2026-03-10 09:40:02] 🔍 开始无感会话切换检查
[2026-03-10 09:40:02] ⚠️ 获取会话信息失败
[2026-03-10 09:40:02] 📊 当前上下文使用率: 0%
[2026-03-10 09:40:02] ✅ 上下文正常（0% < 85%）
[2026-03-10 09:50:01] 🔍 开始无感会话切换检查
[2026-03-10 09:50:01] ⚠️ 获取会话信息失败
[2026-03-10 09:50:01] 📊 当前上下文使用率: 0%
[2026-03-10 09:50:01] ✅ 上下文正常（0% < 85%）
[2026-03-10 10:00:01] 🔍 开始无感会话切换检查
[2026-03-10 10:00:01] ⚠️ 获取会话信息失败
[2026-03-10 10:00:01] 📊 当前上下文使用率: 0%
[2026-03-10 10:00:01] ✅ 上下文正常（0% < 85%）
[2026-03-10 10:10:01] 🔍 开始无感会话切换检查
[2026-03-10 10:10:01] ⚠️ 获取会话信息失败
[2026-03-10 10:10:01] 📊 当前上下文使用率: 0%
[2026-03-10 10:10:01] ✅ 上下文正常（0% < 85%）
[2026-03-10 10:20:01] 🔍 开始无感会话切换检查
[2026-03-10 10:20:01] ⚠️ 获取会话信息失败
[2026-03-10 10:20:01] 📊 当前上下文使用率: 0%
[2026-03-10 10:20:01] ✅ 上下文正常（0% < 85%）
[2026-03-10 10:30:01] 🔍 开始无感会话切换检查
[2026-03-10 10:30:01] ⚠️ 获取会话信息失败
[2026-03-10 10:30:01] 📊 当前上下文使用率: 0%
[2026-03-10 10:30:01] ✅ 上下文正常（0% < 85%）
[2026-03-10 10:40:01] 🔍 开始无感会话切换检查
[2026-03-10 10:40:01] ⚠️ 获取会话信息失败
[2026-03-10 10:40:01] 📊 当前上下文使用率: 0%
[2026-03-10 10:40:01] ✅ 上下文正常（0% < 85%）
[2026-03-10 10:50:01] 🔍 开始无感会话切换检查
[2026-03-10 10:50:01] ⚠️ 获取会话信息失败
[2026-03-10 10:50:01] 📊 当前上下文使用率: 0%
[2026-03-10 10:50:01] ✅ 上下文正常（0% < 85%）
[2026-03-10 11:00:01] 🔍 开始无感会话切换检查
[2026-03-10 11:00:01] ⚠️ 获取会话信息失败
[2026-03-10 11:00:01] 📊 当前上下文使用率: 0%
[2026-03-10 11:00:01] ✅ 上下文正常（0% < 85%）
[2026-03-10 11:10:01] 🔍 开始无感会话切换检查
[2026-03-10 11:10:01] ⚠️ 获取会话信息失败
[2026-03-10 11:10:01] 📊 当前上下文使用率: 0%
[2026-03-10 11:10:01] ✅ 上下文正常（0% < 85%）
[2026-03-10 11:20:01] 🔍 开始无感会话切换检查
[2026-03-10 11:20:01] ⚠️ 获取会话信息失败
[2026-03-10 11:20:01] 📊 当前上下文使用率: 0%
[2026-03-10 11:20:01] ✅ 上下文正常（0% < 85%）
[2026-03-10 11:30:01] 🔍 开始无感会话切换检查
[2026-03-10 11:30:01] ⚠️ 获取会话信息失败
[2026-03-10 11:30:01] 📊 当前上下文使用率: 0%
[2026-03-10 11:30:01] ✅ 上下文正常（0% < 85%）
[2026-03-10 11:40:01] 🔍 开始无感会话切换检查
[2026-03-10 11:40:01] ⚠️ 获取会话信息失败
[2026-03-10 11:40:01] 📊 当前上下文使用率: 0%
[2026-03-10 11:40:01] ✅ 上下文正常（0% < 85%）
[2026-03-10 11:50:02] 🔍 开始无感会话切换检查
[2026-03-10 11:50:02] ⚠️ 获取会话信息失败
[2026-03-10 11:50:02] 📊 当前上下文使用率: 0%
[2026-03-10 11:50:02] ✅ 上下文正常（0% < 85%）
[2026-03-10 11:55:01] 🔍 开始无感会话切换检查
[2026-03-10 11:55:01] ⚠️ 获取会话信息失败
[2026-03-10 11:55:01] 📊 当前上下文使用率: 0%
[2026-03-10 11:55:01] ✅ 上下文正常（0% < 85%）
[2026-03-10 12:00:01] 🔍 开始无感会话切换检查
[2026-03-10 12:00:01] ⚠️ 获取会话信息失败
[2026-03-10 12:00:01] 📊 当前上下文使用率: 0%
[2026-03-10 12:00:01] ✅ 上下文正常（0% < 85%）
[2026-03-10 12:05:01] 🔍 开始无感会话切换检查
[2026-03-10 12:05:01] ⚠️ 获取会话信息失败
[2026-03-10 12:05:01] 📊 当前上下文使用率: 0%
[2026-03-10 12:05:01] ✅ 上下文正常（0% < 85%）
[2026-03-10 12:10:01] 🔍 开始无感会话切换检查
[2026-03-10 12:10:01] ⚠️ 获取会话信息失败
[2026-03-10 12:10:01] 📊 当前上下文使用率: 0%
[2026-03-10 12:10:01] ✅ 上下文正常（0% < 85%）
[2026-03-10 12:15:01] 🔍 开始无感会话切换检查
[2026-03-10 12:15:01] ⚠️ 获取会话信息失败
[2026-03-10 12:15:01] 📊 当前上下文使用率: 0%
[2026-03-10 12:15:01] ✅ 上下文正常（0% < 85%）
[2026-03-10 12:20:01] 🔍 开始无感会话切换检查
[2026-03-10 12:20:01] ⚠️ 获取会话信息失败
[2026-03-10 12:20:01] 📊 当前上下文使用率: 0%
[2026-03-10 12:20:01] ✅ 上下文正常（0% < 85%）
[2026-03-10 12:25:01] 🔍 开始无感会话切换检查
[2026-03-10 12:25:01] ⚠️ 获取会话信息失败
[2026-03-10 12:25:01] 📊 当前上下文使用率: 0%
[2026-03-10 12:25:01] ✅ 上下文正常（0% < 85%）
[2026-03-10 12:30:01] 🔍 开始无感会话切换检查
[2026-03-10 12:30:01] ⚠️ 获取会话信息失败
[2026-03-10 12:30:01] 📊 当前上下文使用率: 0%
[2026-03-10 12:30:01] ✅ 上下文正常（0% < 85%）
[2026-03-10 12:35:01] 🔍 开始无感会话切换检查
[2026-03-10 12:35:01] ⚠️ 获取会话信息失败
[2026-03-10 12:35:01] 📊 当前上下文使用率: 0%
[2026-03-10 12:35:01] ✅ 上下文正常（0% < 85%）
[2026-03-10 12:40:01] 🔍 开始无感会话切换检查
[2026-03-10 12:40:01] ⚠️ 获取会话信息失败
[2026-03-10 12:40:01] 📊 当前上下文使用率: 0%
[2026-03-10 12:40:01] ✅ 上下文正常（0% < 85%）
[2026-03-10 12:45:01] 🔍 开始无感会话切换检查
[2026-03-10 12:45:01] ⚠️ 获取会话信息失败
[2026-03-10 12:45:01] 📊 当前上下文使用率: 0%
[2026-03-10 12:45:01] ✅ 上下文正常（0% < 85%）
[2026-03-10 12:50:01] 🔍 开始无感会话切换检查
[2026-03-10 12:50:01] ⚠️ 获取会话信息失败
[2026-03-10 12:50:01] 📊 当前上下文使用率: 0%
[2026-03-10 12:50:01] ✅ 上下文正常（0% < 85%）
[2026-03-10 12:55:01] 🔍 开始无感会话切换检查
[2026-03-10 12:55:01] ⚠️ 获取会话信息失败
[2026-03-10 12:55:01] 📊 当前上下文使用率: 0%
[2026-03-10 12:55:01] ✅ 上下文正常（0% < 85%）
[2026-03-10 13:00:01] 🔍 开始无感会话切换检查
[2026-03-10 13:00:01] ⚠️ 获取会话信息失败
[2026-03-10 13:00:01] 📊 当前上下文使用率: 0%
[2026-03-10 13:00:01] ✅ 上下文正常（0% < 85%）
[2026-03-10 13:05:01] 🔍 开始无感会话切换检查
[2026-03-10 13:05:01] ⚠️ 获取会话信息失败
[2026-03-10 13:05:01] 📊 当前上下文使用率: 0%
[2026-03-10 13:05:01] ✅ 上下文正常（0% < 85%）
[2026-03-10 13:10:01] 🔍 开始无感会话切换检查
[2026-03-10 13:10:01] ⚠️ 获取会话信息失败
[2026-03-10 13:10:01] 📊 当前上下文使用率: 0%
[2026-03-10 13:10:01] ✅ 上下文正常（0% < 85%）
[2026-03-10 13:15:01] 🔍 开始无感会话切换检查
[2026-03-10 13:15:01] ⚠️ 获取会话信息失败
[2026-03-10 13:15:01] 📊 当前上下文使用率: 0%
[2026-03-10 13:15:01] ✅ 上下文正常（0% < 85%）
[2026-03-10 13:20:01] 🔍 开始无感会话切换检查
[2026-03-10 13:20:01] ⚠️ 获取会话信息失败
[2026-03-10 13:20:01] 📊 当前上下文使用率: 0%
[2026-03-10 13:20:01] ✅ 上下文正常（0% < 85%）
[2026-03-10 13:25:01] 🔍 开始无感会话切换检查
[2026-03-10 13:25:01] ⚠️ 获取会话信息失败
[2026-03-10 13:25:01] 📊 当前上下文使用率: 0%
[2026-03-10 13:25:01] ✅ 上下文正常（0% < 85%）
[2026-03-10 13:30:01] 🔍 开始无感会话切换检查
[2026-03-10 13:30:01] ⚠️ 获取会话信息失败
[2026-03-10 13:30:01] 📊 当前上下文使用率: 0%
[2026-03-10 13:30:01] ✅ 上下文正常（0% < 85%）
[2026-03-10 13:35:01] 🔍 开始无感会话切换检查
[2026-03-10 13:35:01] ⚠️ 获取会话信息失败
[2026-03-10 13:35:01] 📊 当前上下文使用率: 0%
[2026-03-10 13:35:01] ✅ 上下文正常（0% < 85%）
[2026-03-10 13:40:01] 🔍 开始无感会话切换检查
[2026-03-10 13:40:01] ⚠️ 获取会话信息失败
[2026-03-10 13:40:01] 📊 当前上下文使用率: 0%
[2026-03-10 13:40:01] ✅ 上下文正常（0% < 85%）
[2026-03-10 13:45:01] 🔍 开始无感会话切换检查
[2026-03-10 13:45:01] ⚠️ 获取会话信息失败
[2026-03-10 13:45:01] 📊 当前上下文使用率: 0%
[2026-03-10 13:45:01] ✅ 上下文正常（0% < 85%）
[2026-03-10 13:50:01] 🔍 开始无感会话切换检查
[2026-03-10 13:50:01] ⚠️ 获取会话信息失败
[2026-03-10 13:50:01] 📊 当前上下文使用率: 0%
[2026-03-10 13:50:01] ✅ 上下文正常（0% < 85%）
[2026-03-10 13:55:01] 🔍 开始无感会话切换检查
[2026-03-10 13:55:01] ⚠️ 获取会话信息失败
[2026-03-10 13:55:01] 📊 当前上下文使用率: 0%
[2026-03-10 13:55:01] ✅ 上下文正常（0% < 85%）
[2026-03-10 13:57:14] 🔍 开始无感会话切换检查
[2026-03-10 13:57:16] ⚠️ 未找到QQ会话
[2026-03-10 13:57:16] 📊 当前上下文使用率: 0%
[2026-03-10 13:57:16] ✅ 上下文正常（0% < 85%）
[2026-03-10 14:00:01] 🔍 开始无感会话切换检查
[2026-03-10 14:00:01] ⚠️ 获取会话信息失败
[2026-03-10 14:00:01] 📊 当前上下文使用率: 0%
[2026-03-10 14:00:01] ✅ 上下文正常（0% < 85%）
[2026-03-10 14:05:01] 🔍 开始无感会话切换检查
[2026-03-10 14:05:01] ⚠️ 获取会话信息失败
[2026-03-10 14:05:01] 📊 当前上下文使用率: 0%
[2026-03-10 14:05:01] ✅ 上下文正常（0% < 85%）
[2026-03-10 14:10:01] 🔍 开始无感会话切换检查
[2026-03-10 14:10:01] ⚠️ 获取会话信息失败
[2026-03-10 14:10:01] 📊 当前上下文使用率: 0%
[2026-03-10 14:10:01] ✅ 上下文正常（0% < 85%）
[2026-03-10 14:15:01] 🔍 开始无感会话切换检查
[2026-03-10 14:15:01] ⚠️ 获取会话信息失败
[2026-03-10 14:15:01] 📊 当前上下文使用率: 0%
[2026-03-10 14:15:01] ✅ 上下文正常（0% < 85%）
[2026-03-10 14:20:01] 🔍 开始无感会话切换检查
[2026-03-10 14:20:01] ⚠️ 获取会话信息失败
[2026-03-10 14:20:01] 📊 当前上下文使用率: 0%
[2026-03-10 14:20:01] ✅ 上下文正常（0% < 85%）
[2026-03-10 14:25:01] 🔍 开始无感会话切换检查
[2026-03-10 14:25:01] ⚠️ 获取会话信息失败
[2026-03-10 14:25:01] 📊 当前上下文使用率: 0%
[2026-03-10 14:25:01] ✅ 上下文正常（0% < 85%）
[2026-03-10 14:30:01] 🔍 开始无感会话切换检查
[2026-03-10 14:30:01] ⚠️ 获取会话信息失败
[2026-03-10 14:30:01] 📊 当前上下文使用率: 0%
[2026-03-10 14:30:01] ✅ 上下文正常（0% < 85%）
[2026-03-10 14:35:01] 🔍 开始无感会话切换检查
[2026-03-10 14:35:01] ⚠️ 获取会话信息失败
[2026-03-10 14:35:01] 📊 当前上下文使用率: 0%
[2026-03-10 14:35:01] ✅ 上下文正常（0% < 85%）
[2026-03-10 14:40:01] 🔍 开始无感会话切换检查
[2026-03-10 14:40:01] ⚠️ 获取会话信息失败
[2026-03-10 14:40:01] 📊 当前上下文使用率: 0%
[2026-03-10 14:40:01] ✅ 上下文正常（0% < 85%）
[2026-03-10 14:45:01] 🔍 开始无感会话切换检查
[2026-03-10 14:45:01] ⚠️ 获取会话信息失败
[2026-03-10 14:45:01] 📊 当前上下文使用率: 0%
[2026-03-10 14:45:01] ✅ 上下文正常（0% < 85%）
[2026-03-10 14:50:01] 🔍 开始无感会话切换检查
[2026-03-10 14:50:01] ⚠️ 获取会话信息失败
[2026-03-10 14:50:01] 📊 当前上下文使用率: 0%
[2026-03-10 14:50:01] ✅ 上下文正常（0% < 85%）
[2026-03-10 14:55:01] 🔍 开始无感会话切换检查
[2026-03-10 14:55:01] ⚠️ 获取会话信息失败
[2026-03-10 14:55:01] 📊 当前上下文使用率: 0%
[2026-03-10 14:55:01] ✅ 上下文正常（0% < 85%）
[2026-03-10 15:00:01] 🔍 开始无感会话切换检查
[2026-03-10 15:00:01] ⚠️ 获取会话信息失败
[2026-03-10 15:00:01] 📊 当前上下文使用率: 0%
[2026-03-10 15:00:01] ✅ 上下文正常（0% < 85%）
[2026-03-10 15:10:01] 🔍 开始无感会话切换检查
[2026-03-10 15:10:01] ⚠️ 获取会话信息失败
[2026-03-10 15:10:01] 📊 当前上下文使用率: 0%
[2026-03-10 15:10:01] ✅ 上下文正常（0% < 85%）
[2026-03-10 15:15:01] 🔍 开始无感会话切换检查
[2026-03-10 15:15:01] ⚠️ 获取会话信息失败
[2026-03-10 15:15:01] 📊 当前上下文使用率: 0%
[2026-03-10 15:15:01] ✅ 上下文正常（0% < 85%）
[2026-03-10 15:20:01] 🔍 开始无感会话切换检查
[2026-03-10 15:20:01] ⚠️ 获取会话信息失败
[2026-03-10 15:20:01] 📊 当前上下文使用率: 0%
[2026-03-10 15:20:01] ✅ 上下文正常（0% < 85%）
[2026-03-10 15:25:01] 🔍 开始无感会话切换检查
[2026-03-10 15:25:01] ⚠️ 获取会话信息失败
[2026-03-10 15:25:01] 📊 当前上下文使用率: 0%
[2026-03-10 15:25:01] ✅ 上下文正常（0% < 85%）
[2026-03-10 15:30:01] 🔍 开始无感会话切换检查
[2026-03-10 15:30:01] ⚠️ 获取会话信息失败
[2026-03-10 15:30:01] 📊 当前上下文使用率: 0%
[2026-03-10 15:30:01] ✅ 上下文正常（0% < 85%）
[2026-03-10 15:35:01] 🔍 开始无感会话切换检查
[2026-03-10 15:35:01] ⚠️ 获取会话信息失败
[2026-03-10 15:35:01] 📊 当前上下文使用率: 0%
[2026-03-10 15:35:01] ✅ 上下文正常（0% < 85%）
[2026-03-10 15:40:01] 🔍 开始无感会话切换检查
[2026-03-10 15:40:01] ⚠️ 获取会话信息失败
[2026-03-10 15:40:01] 📊 当前上下文使用率: 0%
[2026-03-10 15:40:01] ✅ 上下文正常（0% < 85%）
[2026-03-10 15:45:01] 🔍 开始无感会话切换检查
[2026-03-10 15:45:01] ⚠️ 获取会话信息失败
[2026-03-10 15:45:01] 📊 当前上下文使用率: 0%
[2026-03-10 15:45:01] ✅ 上下文正常（0% < 85%）
[2026-03-10 15:50:01] 🔍 开始无感会话切换检查
[2026-03-10 15:50:01] ⚠️ 获取会话信息失败
[2026-03-10 15:50:01] 📊 当前上下文使用率: 0%
[2026-03-10 15:50:01] ✅ 上下文正常（0% < 85%）
[2026-03-10 15:55:01] 🔍 开始无感会话切换检查
[2026-03-10 15:55:01] ⚠️ 获取会话信息失败
[2026-03-10 15:55:01] 📊 当前上下文使用率: 0%
[2026-03-10 15:55:01] ✅ 上下文正常（0% < 85%）
[2026-03-10 16:00:01] 🔍 开始无感会话切换检查
[2026-03-10 16:00:01] ⚠️ 获取会话信息失败
[2026-03-10 16:00:01] 📊 当前上下文使用率: 0%
[2026-03-10 16:00:01] ✅ 上下文正常（0% < 85%）
[2026-03-10 16:05:01] 🔍 开始无感会话切换检查
[2026-03-10 16:05:01] ⚠️ 获取会话信息失败
[2026-03-10 16:05:01] 📊 当前上下文使用率: 0%
[2026-03-10 16:05:01] ✅ 上下文正常（0% < 85%）
[2026-03-10 16:10:01] 🔍 开始无感会话切换检查
[2026-03-10 16:10:01] ⚠️ 获取会话信息失败
[2026-03-10 16:10:01] 📊 当前上下文使用率: 0%
[2026-03-10 16:10:01] ✅ 上下文正常（0% < 85%）
[2026-03-10 16:15:01] 🔍 开始无感会话切换检查
[2026-03-10 16:15:01] ⚠️ 获取会话信息失败
[2026-03-10 16:15:01] 📊 当前上下文使用率: 0%
[2026-03-10 16:15:01] ✅ 上下文正常（0% < 85%）
[2026-03-10 16:20:01] 🔍 开始无感会话切换检查
[2026-03-10 16:20:01] ⚠️ 获取会话信息失败
[2026-03-10 16:20:01] 📊 当前上下文使用率: 0%
[2026-03-10 16:20:01] ✅ 上下文正常（0% < 85%）
[2026-03-10 16:25:01] 🔍 开始无感会话切换检查
[2026-03-10 16:25:01] ⚠️ 获取会话信息失败
[2026-03-10 16:25:01] 📊 当前上下文使用率: 0%
[2026-03-10 16:25:01] ✅ 上下文正常（0% < 85%）
[2026-03-10 16:30:01] 🔍 开始无感会话切换检查
[2026-03-10 16:30:01] ⚠️ 获取会话信息失败
[2026-03-10 16:30:01] 📊 当前上下文使用率: 0%
[2026-03-10 16:30:01] ✅ 上下文正常（0% < 85%）
[2026-03-10 16:35:01] 🔍 开始无感会话切换检查
[2026-03-10 16:35:01] ⚠️ 获取会话信息失败
[2026-03-10 16:35:01] 📊 当前上下文使用率: 0%
[2026-03-10 16:35:01] ✅ 上下文正常（0% < 85%）
[2026-03-10 16:40:01] 🔍 开始无感会话切换检查
[2026-03-10 16:40:01] ⚠️ 获取会话信息失败
[2026-03-10 16:40:01] 📊 当前上下文使用率: 0%
[2026-03-10 16:40:01] ✅ 上下文正常（0% < 85%）
[2026-03-10 16:45:01] 🔍 开始无感会话切换检查
[2026-03-10 16:45:01] ⚠️ 获取会话信息失败
[2026-03-10 16:45:01] 📊 当前上下文使用率: 0%
[2026-03-10 16:45:01] ✅ 上下文正常（0% < 85%）
[2026-03-10 16:50:01] 🔍 开始无感会话切换检查
[2026-03-10 16:50:01] ⚠️ 获取会话信息失败
[2026-03-10 16:50:01] 📊 当前上下文使用率: 0%
[2026-03-10 16:50:01] ✅ 上下文正常（0% < 85%）
[2026-03-10 16:55:01] 🔍 开始无感会话切换检查
[2026-03-10 16:55:01] ⚠️ 获取会话信息失败
[2026-03-10 16:55:01] 📊 当前上下文使用率: 0%
[2026-03-10 16:55:01] ✅ 上下文正常（0% < 85%）
[2026-03-10 17:00:02] 🔍 开始无感会话切换检查
[2026-03-10 17:00:02] ⚠️ 获取会话信息失败
[2026-03-10 17:00:02] 📊 当前上下文使用率: 0%
[2026-03-10 17:00:02] ✅ 上下文正常（0% < 85%）
[2026-03-10 17:05:01] 🔍 开始无感会话切换检查
[2026-03-10 17:05:01] ⚠️ 获取会话信息失败
[2026-03-10 17:05:01] 📊 当前上下文使用率: 0%
[2026-03-10 17:05:01] ✅ 上下文正常（0% < 85%）
[2026-03-10 17:10:01] 🔍 开始无感会话切换检查
[2026-03-10 17:10:01] ⚠️ 获取会话信息失败
[2026-03-10 17:10:01] 📊 当前上下文使用率: 0%
[2026-03-10 17:10:01] ✅ 上下文正常（0% < 85%）
[2026-03-10 17:15:01] 🔍 开始无感会话切换检查
[2026-03-10 17:15:01] ⚠️ 获取会话信息失败
[2026-03-10 17:15:01] 📊 当前上下文使用率: 0%
[2026-03-10 17:15:01] ✅ 上下文正常（0% < 85%）
[2026-03-10 17:20:01] 🔍 开始无感会话切换检查
[2026-03-10 17:20:01] ⚠️ 获取会话信息失败
[2026-03-10 17:20:01] 📊 当前上下文使用率: 0%
[2026-03-10 17:20:01] ✅ 上下文正常（0% < 85%）
[2026-03-10 17:25:01] 🔍 开始无感会话切换检查
[2026-03-10 17:25:01] ⚠️ 获取会话信息失败
[2026-03-10 17:25:01] 📊 当前上下文使用率: 0%
[2026-03-10 17:25:01] ✅ 上下文正常（0% < 85%）
[2026-03-10 17:30:01] 🔍 开始无感会话切换检查
[2026-03-10 17:30:01] ⚠️ 获取会话信息失败
[2026-03-10 17:30:01] 📊 当前上下文使用率: 0%
[2026-03-10 17:30:01] ✅ 上下文正常（0% < 85%）
[2026-03-10 17:35:01] 🔍 开始无感会话切换检查
[2026-03-10 17:35:01] ⚠️ 获取会话信息失败
[2026-03-10 17:35:01] 📊 当前上下文使用率: 0%
[2026-03-10 17:35:01] ✅ 上下文正常（0% < 85%）
[2026-03-10 17:40:01] 🔍 开始无感会话切换检查
[2026-03-10 17:40:01] ⚠️ 获取会话信息失败
[2026-03-10 17:40:01] 📊 当前上下文使用率: 0%
[2026-03-10 17:40:01] ✅ 上下文正常（0% < 85%）
[2026-03-10 17:45:01] 🔍 开始无感会话切换检查
[2026-03-10 17:45:01] ⚠️ 获取会话信息失败
[2026-03-10 17:45:01] 📊 当前上下文使用率: 0%
[2026-03-10 17:45:01] ✅ 上下文正常（0% < 85%）
[2026-03-10 17:50:01] 🔍 开始无感会话切换检查
[2026-03-10 17:50:01] ⚠️ 获取会话信息失败
[2026-03-10 17:50:01] 📊 当前上下文使用率: 0%
[2026-03-10 17:50:01] ✅ 上下文正常（0% < 85%）
[2026-03-10 17:55:01] 🔍 开始无感会话切换检查
[2026-03-10 17:55:01] ⚠️ 获取会话信息失败
[2026-03-10 17:55:01] 📊 当前上下文使用率: 0%
[2026-03-10 17:55:01] ✅ 上下文正常（0% < 85%）
[2026-03-10 18:00:01] 🔍 开始无感会话切换检查
[2026-03-10 18:00:01] ⚠️ 获取会话信息失败
[2026-03-10 18:00:01] 📊 当前上下文使用率: 0%
[2026-03-10 18:00:01] ✅ 上下文正常（0% < 85%）
[2026-03-10 18:05:01] 🔍 开始无感会话切换检查
[2026-03-10 18:05:01] ⚠️ 获取会话信息失败
[2026-03-10 18:05:01] 📊 当前上下文使用率: 0%
[2026-03-10 18:05:01] ✅ 上下文正常（0% < 85%）
[2026-03-10 18:10:01] 🔍 开始无感会话切换检查
[2026-03-10 18:10:01] ⚠️ 获取会话信息失败
[2026-03-10 18:10:01] 📊 当前上下文使用率: 0%
[2026-03-10 18:10:01] ✅ 上下文正常（0% < 85%）
[2026-03-10 18:15:01] 🔍 开始无感会话切换检查
[2026-03-10 18:15:01] ⚠️ 获取会话信息失败
[2026-03-10 18:15:01] 📊 当前上下文使用率: 0%
[2026-03-10 18:15:01] ✅ 上下文正常（0% < 85%）
[2026-03-10 18:20:01] 🔍 开始无感会话切换检查
[2026-03-10 18:20:01] ⚠️ 获取会话信息失败
[2026-03-10 18:20:01] 📊 当前上下文使用率: 0%
[2026-03-10 18:20:01] ✅ 上下文正常（0% < 85%）
[2026-03-10 18:25:01] 🔍 开始无感会话切换检查
[2026-03-10 18:25:01] ⚠️ 获取会话信息失败
[2026-03-10 18:25:01] 📊 当前上下文使用率: 0%
[2026-03-10 18:25:01] ✅ 上下文正常（0% < 85%）
[2026-03-10 18:30:01] 🔍 开始无感会话切换检查
[2026-03-10 18:30:01] ⚠️ 获取会话信息失败
[2026-03-10 18:30:01] 📊 当前上下文使用率: 0%
[2026-03-10 18:30:01] ✅ 上下文正常（0% < 85%）
[2026-03-10 18:35:01] 🔍 开始无感会话切换检查
[2026-03-10 18:35:01] ⚠️ 获取会话信息失败
[2026-03-10 18:35:01] 📊 当前上下文使用率: 0%
[2026-03-10 18:35:01] ✅ 上下文正常（0% < 85%）
[2026-03-10 18:40:01] 🔍 开始无感会话切换检查
[2026-03-10 18:40:01] ⚠️ 获取会话信息失败
[2026-03-10 18:40:01] 📊 当前上下文使用率: 0%
[2026-03-10 18:40:01] ✅ 上下文正常（0% < 85%）
[2026-03-10 18:45:01] 🔍 开始无感会话切换检查
[2026-03-10 18:45:01] ⚠️ 获取会话信息失败
[2026-03-10 18:45:01] 📊 当前上下文使用率: 0%
[2026-03-10 18:45:01] ✅ 上下文正常（0% < 85%）
[2026-03-10 18:50:01] 🔍 开始无感会话切换检查
[2026-03-10 18:50:01] ⚠️ 获取会话信息失败
[2026-03-10 18:50:01] 📊 当前上下文使用率: 0%
[2026-03-10 18:50:01] ✅ 上下文正常（0% < 85%）
[2026-03-10 18:55:01] 🔍 开始无感会话切换检查
[2026-03-10 18:55:01] ⚠️ 获取会话信息失败
[2026-03-10 18:55:01] 📊 当前上下文使用率: 0%
[2026-03-10 18:55:01] ✅ 上下文正常（0% < 85%）
[2026-03-10 19:00:01] 🔍 开始无感会话切换检查
[2026-03-10 19:00:01] ⚠️ 获取会话信息失败
[2026-03-10 19:00:01] 📊 当前上下文使用率: 0%
[2026-03-10 19:00:01] ✅ 上下文正常（0% < 85%）
[2026-03-10 19:05:01] 🔍 开始无感会话切换检查
[2026-03-10 19:05:01] ⚠️ 获取会话信息失败
[2026-03-10 19:05:01] 📊 当前上下文使用率: 0%
[2026-03-10 19:05:01] ✅ 上下文正常（0% < 85%）
[2026-03-10 19:10:01] 🔍 开始无感会话切换检查
[2026-03-10 19:10:01] ⚠️ 获取会话信息失败
[2026-03-10 19:10:01] 📊 当前上下文使用率: 0%
[2026-03-10 19:10:01] ✅ 上下文正常（0% < 85%）
[2026-03-10 19:15:01] 🔍 开始无感会话切换检查
[2026-03-10 19:15:01] ⚠️ 获取会话信息失败
[2026-03-10 19:15:01] 📊 当前上下文使用率: 0%
[2026-03-10 19:15:01] ✅ 上下文正常（0% < 85%）
[2026-03-10 19:20:01] 🔍 开始无感会话切换检查
[2026-03-10 19:20:01] ⚠️ 获取会话信息失败
[2026-03-10 19:20:01] 📊 当前上下文使用率: 0%
[2026-03-10 19:20:01] ✅ 上下文正常（0% < 85%）
[2026-03-10 19:25:01] 🔍 开始无感会话切换检查
[2026-03-10 19:25:01] ⚠️ 获取会话信息失败
[2026-03-10 19:25:01] 📊 当前上下文使用率: 0%
[2026-03-10 19:25:01] ✅ 上下文正常（0% < 85%）
[2026-03-10 19:30:01] 🔍 开始无感会话切换检查
[2026-03-10 19:30:01] ⚠️ 获取会话信息失败
[2026-03-10 19:30:01] 📊 当前上下文使用率: 0%
[2026-03-10 19:30:01] ✅ 上下文正常（0% < 85%）
[2026-03-10 19:35:01] 🔍 开始无感会话切换检查
[2026-03-10 19:35:01] ⚠️ 获取会话信息失败
[2026-03-10 19:35:01] 📊 当前上下文使用率: 0%
[2026-03-10 19:35:01] ✅ 上下文正常（0% < 85%）
[2026-03-10 19:40:01] 🔍 开始无感会话切换检查
[2026-03-10 19:40:01] ⚠️ 获取会话信息失败
[2026-03-10 19:40:01] 📊 当前上下文使用率: 0%
[2026-03-10 19:40:01] ✅ 上下文正常（0% < 85%）
[2026-03-10 19:45:01] 🔍 开始无感会话切换检查
[2026-03-10 19:45:01] ⚠️ 获取会话信息失败
[2026-03-10 19:45:01] 📊 当前上下文使用率: 0%
[2026-03-10 19:45:01] ✅ 上下文正常（0% < 85%）
[2026-03-10 19:50:01] 🔍 开始无感会话切换检查
[2026-03-10 19:50:01] ⚠️ 获取会话信息失败
[2026-03-10 19:50:01] 📊 当前上下文使用率: 0%
[2026-03-10 19:50:01] ✅ 上下文正常（0% < 85%）
[2026-03-10 19:55:01] 🔍 开始无感会话切换检查
[2026-03-10 19:55:01] ⚠️ 获取会话信息失败
[2026-03-10 19:55:01] 📊 当前上下文使用率: 0%
[2026-03-10 19:55:01] ✅ 上下文正常（0% < 85%）
[2026-03-10 20:00:01] 🔍 开始无感会话切换检查
[2026-03-10 20:00:01] ⚠️ 获取会话信息失败
[2026-03-10 20:00:01] 📊 当前上下文使用率: 0%
[2026-03-10 20:00:01] ✅ 上下文正常（0% < 85%）
[2026-03-10 20:05:01] 🔍 开始无感会话切换检查
[2026-03-10 20:05:01] ⚠️ 获取会话信息失败
[2026-03-10 20:05:01] 📊 当前上下文使用率: 0%
[2026-03-10 20:05:01] ✅ 上下文正常（0% < 85%）
[2026-03-10 20:10:01] 🔍 开始无感会话切换检查
[2026-03-10 20:10:01] ⚠️ 获取会话信息失败
[2026-03-10 20:10:01] 📊 当前上下文使用率: 0%
[2026-03-10 20:10:01] ✅ 上下文正常（0% < 85%）
[2026-03-10 20:15:01] 🔍 开始无感会话切换检查
[2026-03-10 20:15:01] ⚠️ 获取会话信息失败
[2026-03-10 20:15:01] 📊 当前上下文使用率: 0%
[2026-03-10 20:15:01] ✅ 上下文正常（0% < 85%）
[2026-03-10 20:20:01] 🔍 开始无感会话切换检查
[2026-03-10 20:20:01] ⚠️ 获取会话信息失败
[2026-03-10 20:20:01] 📊 当前上下文使用率: 0%
[2026-03-10 20:20:01] ✅ 上下文正常（0% < 85%）
[2026-03-10 20:25:01] 🔍 开始无感会话切换检查
[2026-03-10 20:25:01] ⚠️ 获取会话信息失败
[2026-03-10 20:25:01] 📊 当前上下文使用率: 0%
[2026-03-10 20:25:01] ✅ 上下文正常（0% < 85%）
[2026-03-10 20:30:01] 🔍 开始无感会话切换检查
[2026-03-10 20:30:01] ⚠️ 获取会话信息失败
[2026-03-10 20:30:01] 📊 当前上下文使用率: 0%
[2026-03-10 20:30:01] ✅ 上下文正常（0% < 85%）
[2026-03-10 20:35:01] 🔍 开始无感会话切换检查
[2026-03-10 20:35:01] ⚠️ 获取会话信息失败
[2026-03-10 20:35:01] 📊 当前上下文使用率: 0%
[2026-03-10 20:35:01] ✅ 上下文正常（0% < 85%）
[2026-03-10 20:40:01] 🔍 开始无感会话切换检查
[2026-03-10 20:40:01] ⚠️ 获取会话信息失败
[2026-03-10 20:40:01] 📊 当前上下文使用率: 0%
[2026-03-10 20:40:01] ✅ 上下文正常（0% < 85%）
[2026-03-10 20:45:01] 🔍 开始无感会话切换检查
[2026-03-10 20:45:01] ⚠️ 获取会话信息失败
[2026-03-10 20:45:01] 📊 当前上下文使用率: 0%
[2026-03-10 20:45:01] ✅ 上下文正常（0% < 85%）
[2026-03-10 20:50:01] 🔍 开始无感会话切换检查
[2026-03-10 20:50:01] ⚠️ 获取会话信息失败
[2026-03-10 20:50:01] 📊 当前上下文使用率: 0%
[2026-03-10 20:50:01] ✅ 上下文正常（0% < 85%）
[2026-03-10 20:55:01] 🔍 开始无感会话切换检查
[2026-03-10 20:55:01] ⚠️ 获取会话信息失败
[2026-03-10 20:55:01] 📊 当前上下文使用率: 0%
[2026-03-10 20:55:01] ✅ 上下文正常（0% < 85%）
[2026-03-10 21:00:01] 🔍 开始无感会话切换检查
[2026-03-10 21:00:01] ⚠️ 获取会话信息失败
[2026-03-10 21:00:01] 📊 当前上下文使用率: 0%
[2026-03-10 21:00:01] ✅ 上下文正常（0% < 85%）
[2026-03-10 21:05:01] 🔍 开始无感会话切换检查
[2026-03-10 21:05:01] ⚠️ 获取会话信息失败
[2026-03-10 21:05:01] 📊 当前上下文使用率: 0%
[2026-03-10 21:05:01] ✅ 上下文正常（0% < 85%）
[2026-03-10 21:10:01] 🔍 开始无感会话切换检查
[2026-03-10 21:10:01] ⚠️ 获取会话信息失败
[2026-03-10 21:10:01] 📊 当前上下文使用率: 0%
[2026-03-10 21:10:01] ✅ 上下文正常（0% < 85%）
[2026-03-10 21:15:01] 🔍 开始无感会话切换检查
[2026-03-10 21:15:01] ⚠️ 获取会话信息失败
[2026-03-10 21:15:01] 📊 当前上下文使用率: 0%
[2026-03-10 21:15:01] ✅ 上下文正常（0% < 85%）
[2026-03-10 21:20:01] 🔍 开始无感会话切换检查
[2026-03-10 21:20:01] ⚠️ 获取会话信息失败
[2026-03-10 21:20:01] 📊 当前上下文使用率: 0%
[2026-03-10 21:20:01] ✅ 上下文正常（0% < 85%）
[2026-03-10 21:25:01] 🔍 开始无感会话切换检查
[2026-03-10 21:25:01] ⚠️ 获取会话信息失败
[2026-03-10 21:25:01] 📊 当前上下文使用率: 0%
[2026-03-10 21:25:01] ✅ 上下文正常（0% < 85%）
[2026-03-10 21:30:01] 🔍 开始无感会话切换检查
[2026-03-10 21:30:01] ⚠️ 获取会话信息失败
[2026-03-10 21:30:01] 📊 当前上下文使用率: 0%
[2026-03-10 21:30:01] ✅ 上下文正常（0% < 85%）
[2026-03-10 21:35:01] 🔍 开始无感会话切换检查
[2026-03-10 21:35:01] ⚠️ 获取会话信息失败
[2026-03-10 21:35:01] 📊 当前上下文使用率: 0%
[2026-03-10 21:35:01] ✅ 上下文正常（0% < 85%）
[2026-03-10 21:40:01] 🔍 开始无感会话切换检查
[2026-03-10 21:40:01] ⚠️ 获取会话信息失败
[2026-03-10 21:40:01] 📊 当前上下文使用率: 0%
[2026-03-10 21:40:01] ✅ 上下文正常（0% < 85%）
[2026-03-10 21:45:01] 🔍 开始无感会话切换检查
[2026-03-10 21:45:01] ⚠️ 获取会话信息失败
[2026-03-10 21:45:01] 📊 当前上下文使用率: 0%
[2026-03-10 21:45:01] ✅ 上下文正常（0% < 85%）
[2026-03-10 21:50:01] 🔍 开始无感会话切换检查
[2026-03-10 21:50:01] ⚠️ 获取会话信息失败
[2026-03-10 21:50:01] 📊 当前上下文使用率: 0%
[2026-03-10 21:50:01] ✅ 上下文正常（0% < 85%）
[2026-03-10 21:55:01] 🔍 开始无感会话切换检查
[2026-03-10 21:55:01] ⚠️ 获取会话信息失败
[2026-03-10 21:55:01] 📊 当前上下文使用率: 0%
[2026-03-10 21:55:01] ✅ 上下文正常（0% < 85%）
[2026-03-10 22:00:01] 🔍 开始无感会话切换检查
[2026-03-10 22:00:01] ⚠️ 获取会话信息失败
[2026-03-10 22:00:01] 📊 当前上下文使用率: 0%
[2026-03-10 22:00:01] ✅ 上下文正常（0% < 85%）
[2026-03-10 22:05:01] 🔍 开始无感会话切换检查
[2026-03-10 22:05:01] ⚠️ 获取会话信息失败
[2026-03-10 22:05:01] 📊 当前上下文使用率: 0%
[2026-03-10 22:05:01] ✅ 上下文正常（0% < 85%）
[2026-03-10 22:10:01] 🔍 开始无感会话切换检查
[2026-03-10 22:10:01] ⚠️ 获取会话信息失败
[2026-03-10 22:10:01] 📊 当前上下文使用率: 0%
[2026-03-10 22:10:01] ✅ 上下文正常（0% < 85%）
[2026-03-10 22:15:01] 🔍 开始无感会话切换检查
[2026-03-10 22:15:01] ⚠️ 获取会话信息失败
[2026-03-10 22:15:01] 📊 当前上下文使用率: 0%
[2026-03-10 22:15:01] ✅ 上下文正常（0% < 85%）
[2026-03-10 22:20:01] 🔍 开始无感会话切换检查
[2026-03-10 22:20:01] ⚠️ 获取会话信息失败
[2026-03-10 22:20:01] 📊 当前上下文使用率: 0%
[2026-03-10 22:20:01] ✅ 上下文正常（0% < 85%）
[2026-03-10 22:25:01] 🔍 开始无感会话切换检查
[2026-03-10 22:25:01] ⚠️ 获取会话信息失败
[2026-03-10 22:25:01] 📊 当前上下文使用率: 0%
[2026-03-10 22:25:01] ✅ 上下文正常（0% < 85%）
[2026-03-10 22:30:01] 🔍 开始无感会话切换检查
[2026-03-10 22:30:01] ⚠️ 获取会话信息失败
[2026-03-10 22:30:01] 📊 当前上下文使用率: 0%
[2026-03-10 22:30:01] ✅ 上下文正常（0% < 85%）
[2026-03-10 22:35:01] 🔍 开始无感会话切换检查
[2026-03-10 22:35:01] ⚠️ 获取会话信息失败
[2026-03-10 22:35:01] 📊 当前上下文使用率: 0%
[2026-03-10 22:35:01] ✅ 上下文正常（0% < 85%）
[2026-03-10 22:40:01] 🔍 开始无感会话切换检查
[2026-03-10 22:40:01] ⚠️ 获取会话信息失败
[2026-03-10 22:40:01] 📊 当前上下文使用率: 0%
[2026-03-10 22:40:01] ✅ 上下文正常（0% < 85%）
[2026-03-10 22:45:01] 🔍 开始无感会话切换检查
[2026-03-10 22:45:01] ⚠️ 获取会话信息失败
[2026-03-10 22:45:01] 📊 当前上下文使用率: 0%
[2026-03-10 22:45:01] ✅ 上下文正常（0% < 85%）
[2026-03-10 22:50:01] 🔍 开始无感会话切换检查
[2026-03-10 22:50:01] ⚠️ 获取会话信息失败
[2026-03-10 22:50:01] 📊 当前上下文使用率: 0%
[2026-03-10 22:50:01] ✅ 上下文正常（0% < 85%）
[2026-03-10 22:55:01] 🔍 开始无感会话切换检查
[2026-03-10 22:55:01] ⚠️ 获取会话信息失败
[2026-03-10 22:55:01] 📊 当前上下文使用率: 0%
[2026-03-10 22:55:01] ✅ 上下文正常（0% < 85%）
[2026-03-10 23:00:01] 🔍 开始无感会话切换检查
[2026-03-10 23:00:01] ⚠️ 获取会话信息失败
[2026-03-10 23:00:01] 📊 当前上下文使用率: 0%
[2026-03-10 23:00:01] ✅ 上下文正常（0% < 85%）
[2026-03-10 23:05:01] 🔍 开始无感会话切换检查
[2026-03-10 23:05:01] ⚠️ 获取会话信息失败
[2026-03-10 23:05:01] 📊 当前上下文使用率: 0%
[2026-03-10 23:05:01] ✅ 上下文正常（0% < 85%）
[2026-03-10 23:10:01] 🔍 开始无感会话切换检查
[2026-03-10 23:10:01] ⚠️ 获取会话信息失败
[2026-03-10 23:10:01] 📊 当前上下文使用率: 0%
[2026-03-10 23:10:01] ✅ 上下文正常（0% < 85%）
[2026-03-10 23:15:01] 🔍 开始无感会话切换检查
[2026-03-10 23:15:01] ⚠️ 获取会话信息失败
[2026-03-10 23:15:01] 📊 当前上下文使用率: 0%
[2026-03-10 23:15:01] ✅ 上下文正常（0% < 85%）
[2026-03-10 23:20:01] 🔍 开始无感会话切换检查
[2026-03-10 23:20:01] ⚠️ 获取会话信息失败
[2026-03-10 23:20:01] 📊 当前上下文使用率: 0%
[2026-03-10 23:20:01] ✅ 上下文正常（0% < 85%）
[2026-03-10 23:25:01] 🔍 开始无感会话切换检查
[2026-03-10 23:25:01] ⚠️ 获取会话信息失败
[2026-03-10 23:25:01] 📊 当前上下文使用率: 0%
[2026-03-10 23:25:01] ✅ 上下文正常（0% < 85%）
[2026-03-10 23:30:01] 🔍 开始无感会话切换检查
[2026-03-10 23:30:01] ⚠️ 获取会话信息失败
[2026-03-10 23:30:01] 📊 当前上下文使用率: 0%
[2026-03-10 23:30:01] ✅ 上下文正常（0% < 85%）
[2026-03-10 23:35:01] 🔍 开始无感会话切换检查
[2026-03-10 23:35:01] ⚠️ 获取会话信息失败
[2026-03-10 23:35:01] 📊 当前上下文使用率: 0%
[2026-03-10 23:35:01] ✅ 上下文正常（0% < 85%）
[2026-03-10 23:40:01] 🔍 开始无感会话切换检查
[2026-03-10 23:40:01] ⚠️ 获取会话信息失败
[2026-03-10 23:40:01] 📊 当前上下文使用率: 0%
[2026-03-10 23:40:01] ✅ 上下文正常（0% < 85%）
[2026-03-10 23:45:01] 🔍 开始无感会话切换检查
[2026-03-10 23:45:01] ⚠️ 获取会话信息失败
[2026-03-10 23:45:01] 📊 当前上下文使用率: 0%
[2026-03-10 23:45:01] ✅ 上下文正常（0% < 85%）
[2026-03-10 23:50:01] 🔍 开始无感会话切换检查
[2026-03-10 23:50:01] ⚠️ 获取会话信息失败
[2026-03-10 23:50:01] 📊 当前上下文使用率: 0%
[2026-03-10 23:50:01] ✅ 上下文正常（0% < 85%）
[2026-03-10 23:55:01] 🔍 开始无感会话切换检查
[2026-03-10 23:55:01] ⚠️ 获取会话信息失败
[2026-03-10 23:55:01] 📊 当前上下文使用率: 0%
[2026-03-10 23:55:01] ✅ 上下文正常（0% < 85%）
[2026-03-11 00:00:01] 🔍 开始无感会话切换检查
[2026-03-11 00:00:01] ⚠️ 获取会话信息失败
[2026-03-11 00:00:01] 📊 当前上下文使用率: 0%
[2026-03-11 00:00:01] ✅ 上下文正常（0% < 85%）
[2026-03-11 00:05:01] 🔍 开始无感会话切换检查
[2026-03-11 00:05:01] ⚠️ 获取会话信息失败
[2026-03-11 00:05:01] 📊 当前上下文使用率: 0%
[2026-03-11 00:05:01] ✅ 上下文正常（0% < 85%）
[2026-03-11 00:10:01] 🔍 开始无感会话切换检查
[2026-03-11 00:10:01] ⚠️ 获取会话信息失败
[2026-03-11 00:10:01] 📊 当前上下文使用率: 0%
[2026-03-11 00:10:01] ✅ 上下文正常（0% < 85%）
[2026-03-11 00:15:01] 🔍 开始无感会话切换检查
[2026-03-11 00:15:01] ⚠️ 获取会话信息失败
[2026-03-11 00:15:01] 📊 当前上下文使用率: 0%
[2026-03-11 00:15:01] ✅ 上下文正常（0% < 85%）
[2026-03-11 00:20:01] 🔍 开始无感会话切换检查
[2026-03-11 00:20:01] ⚠️ 获取会话信息失败
[2026-03-11 00:20:01] 📊 当前上下文使用率: 0%
[2026-03-11 00:20:01] ✅ 上下文正常（0% < 85%）
[2026-03-11 00:25:01] 🔍 开始无感会话切换检查
[2026-03-11 00:25:01] ⚠️ 获取会话信息失败
[2026-03-11 00:25:01] 📊 当前上下文使用率: 0%
[2026-03-11 00:25:01] ✅ 上下文正常（0% < 85%）
[2026-03-11 00:30:01] 🔍 开始无感会话切换检查
[2026-03-11 00:30:01] ⚠️ 获取会话信息失败
[2026-03-11 00:30:01] 📊 当前上下文使用率: 0%
[2026-03-11 00:30:01] ✅ 上下文正常（0% < 85%）
[2026-03-11 00:35:01] 🔍 开始无感会话切换检查
[2026-03-11 00:35:01] ⚠️ 获取会话信息失败
[2026-03-11 00:35:01] 📊 当前上下文使用率: 0%
[2026-03-11 00:35:01] ✅ 上下文正常（0% < 85%）
[2026-03-11 00:40:01] 🔍 开始无感会话切换检查
[2026-03-11 00:40:01] ⚠️ 获取会话信息失败
[2026-03-11 00:40:01] 📊 当前上下文使用率: 0%
[2026-03-11 00:40:01] ✅ 上下文正常（0% < 85%）
[2026-03-11 00:45:01] 🔍 开始无感会话切换检查
[2026-03-11 00:45:01] ⚠️ 获取会话信息失败
[2026-03-11 00:45:01] 📊 当前上下文使用率: 0%
[2026-03-11 00:45:01] ✅ 上下文正常（0% < 85%）
[2026-03-11 00:50:01] 🔍 开始无感会话切换检查
[2026-03-11 00:50:01] ⚠️ 获取会话信息失败
[2026-03-11 00:50:01] 📊 当前上下文使用率: 0%
[2026-03-11 00:50:01] ✅ 上下文正常（0% < 85%）
[2026-03-11 00:55:01] 🔍 开始无感会话切换检查
[2026-03-11 00:55:01] ⚠️ 获取会话信息失败
[2026-03-11 00:55:01] 📊 当前上下文使用率: 0%
[2026-03-11 00:55:01] ✅ 上下文正常（0% < 85%）
[2026-03-11 01:00:02] 🔍 开始无感会话切换检查
[2026-03-11 01:00:02] ⚠️ 获取会话信息失败
[2026-03-11 01:00:02] 📊 当前上下文使用率: 0%
[2026-03-11 01:00:02] ✅ 上下文正常（0% < 85%）
[2026-03-11 01:05:01] 🔍 开始无感会话切换检查
[2026-03-11 01:05:01] ⚠️ 获取会话信息失败
[2026-03-11 01:05:01] 📊 当前上下文使用率: 0%
[2026-03-11 01:05:01] ✅ 上下文正常（0% < 85%）
[2026-03-11 01:10:01] 🔍 开始无感会话切换检查
[2026-03-11 01:10:01] ⚠️ 获取会话信息失败
[2026-03-11 01:10:01] 📊 当前上下文使用率: 0%
[2026-03-11 01:10:01] ✅ 上下文正常（0% < 85%）
[2026-03-11 01:15:01] 🔍 开始无感会话切换检查
[2026-03-11 01:15:01] ⚠️ 获取会话信息失败
[2026-03-11 01:15:01] 📊 当前上下文使用率: 0%
[2026-03-11 01:15:01] ✅ 上下文正常（0% < 85%）
[2026-03-11 01:20:01] 🔍 开始无感会话切换检查
[2026-03-11 01:20:01] ⚠️ 获取会话信息失败
[2026-03-11 01:20:01] 📊 当前上下文使用率: 0%
[2026-03-11 01:20:01] ✅ 上下文正常（0% < 85%）
[2026-03-11 01:25:01] 🔍 开始无感会话切换检查
[2026-03-11 01:25:01] ⚠️ 获取会话信息失败
[2026-03-11 01:25:01] 📊 当前上下文使用率: 0%
[2026-03-11 01:25:01] ✅ 上下文正常（0% < 85%）
[2026-03-11 01:30:01] 🔍 开始无感会话切换检查
[2026-03-11 01:30:01] ⚠️ 获取会话信息失败
[2026-03-11 01:30:01] 📊 当前上下文使用率: 0%
[2026-03-11 01:30:01] ✅ 上下文正常（0% < 85%）
[2026-03-11 01:35:01] 🔍 开始无感会话切换检查
[2026-03-11 01:35:01] ⚠️ 获取会话信息失败
[2026-03-11 01:35:01] 📊 当前上下文使用率: 0%
[2026-03-11 01:35:01] ✅ 上下文正常（0% < 85%）
[2026-03-11 01:40:01] 🔍 开始无感会话切换检查
[2026-03-11 01:40:01] ⚠️ 获取会话信息失败
[2026-03-11 01:40:01] 📊 当前上下文使用率: 0%
[2026-03-11 01:40:01] ✅ 上下文正常（0% < 85%）
[2026-03-11 01:45:01] 🔍 开始无感会话切换检查
[2026-03-11 01:45:01] ⚠️ 获取会话信息失败
[2026-03-11 01:45:01] 📊 当前上下文使用率: 0%
[2026-03-11 01:45:01] ✅ 上下文正常（0% < 85%）
[2026-03-11 01:50:01] 🔍 开始无感会话切换检查
[2026-03-11 01:50:01] ⚠️ 获取会话信息失败
[2026-03-11 01:50:01] 📊 当前上下文使用率: 0%
[2026-03-11 01:50:01] ✅ 上下文正常（0% < 85%）
[2026-03-11 01:55:01] 🔍 开始无感会话切换检查
[2026-03-11 01:55:01] ⚠️ 获取会话信息失败
[2026-03-11 01:55:01] 📊 当前上下文使用率: 0%
[2026-03-11 01:55:01] ✅ 上下文正常（0% < 85%）
[2026-03-11 02:00:01] 🔍 开始无感会话切换检查
[2026-03-11 02:00:01] ⚠️ 获取会话信息失败
[2026-03-11 02:00:01] 📊 当前上下文使用率: 0%
[2026-03-11 02:00:01] ✅ 上下文正常（0% < 85%）
[2026-03-11 02:05:01] 🔍 开始无感会话切换检查
[2026-03-11 02:05:01] ⚠️ 获取会话信息失败
[2026-03-11 02:05:01] 📊 当前上下文使用率: 0%
[2026-03-11 02:05:01] ✅ 上下文正常（0% < 85%）
[2026-03-11 02:10:01] 🔍 开始无感会话切换检查
[2026-03-11 02:10:01] ⚠️ 获取会话信息失败
[2026-03-11 02:10:01] 📊 当前上下文使用率: 0%
[2026-03-11 02:10:01] ✅ 上下文正常（0% < 85%）
[2026-03-11 02:15:01] 🔍 开始无感会话切换检查
[2026-03-11 02:15:01] ⚠️ 获取会话信息失败
[2026-03-11 02:15:01] 📊 当前上下文使用率: 0%
[2026-03-11 02:15:01] ✅ 上下文正常（0% < 85%）
[2026-03-11 02:20:01] 🔍 开始无感会话切换检查
[2026-03-11 02:20:01] ⚠️ 获取会话信息失败
[2026-03-11 02:20:01] 📊 当前上下文使用率: 0%
[2026-03-11 02:20:01] ✅ 上下文正常（0% < 85%）
[2026-03-11 02:25:01] 🔍 开始无感会话切换检查
[2026-03-11 02:25:01] ⚠️ 获取会话信息失败
[2026-03-11 02:25:01] 📊 当前上下文使用率: 0%
[2026-03-11 02:25:01] ✅ 上下文正常（0% < 85%）
[2026-03-11 02:30:01] 🔍 开始无感会话切换检查
[2026-03-11 02:30:01] ⚠️ 获取会话信息失败
[2026-03-11 02:30:01] 📊 当前上下文使用率: 0%
[2026-03-11 02:30:01] ✅ 上下文正常（0% < 85%）
[2026-03-11 02:35:01] 🔍 开始无感会话切换检查
[2026-03-11 02:35:01] ⚠️ 获取会话信息失败
[2026-03-11 02:35:01] 📊 当前上下文使用率: 0%
[2026-03-11 02:35:01] ✅ 上下文正常（0% < 85%）
[2026-03-11 02:40:01] 🔍 开始无感会话切换检查
[2026-03-11 02:40:01] ⚠️ 获取会话信息失败
[2026-03-11 02:40:01] 📊 当前上下文使用率: 0%
[2026-03-11 02:40:01] ✅ 上下文正常（0% < 85%）
[2026-03-11 02:45:01] 🔍 开始无感会话切换检查
[2026-03-11 02:45:01] ⚠️ 获取会话信息失败
[2026-03-11 02:45:01] 📊 当前上下文使用率: 0%
[2026-03-11 02:45:01] ✅ 上下文正常（0% < 85%）
[2026-03-11 02:50:01] 🔍 开始无感会话切换检查
[2026-03-11 02:50:01] ⚠️ 获取会话信息失败
[2026-03-11 02:50:01] 📊 当前上下文使用率: 0%
[2026-03-11 02:50:01] ✅ 上下文正常（0% < 85%）
[2026-03-11 02:55:01] 🔍 开始无感会话切换检查
[2026-03-11 02:55:01] ⚠️ 获取会话信息失败
[2026-03-11 02:55:01] 📊 当前上下文使用率: 0%
[2026-03-11 02:55:01] ✅ 上下文正常（0% < 85%）
[2026-03-11 03:00:01] 🔍 开始无感会话切换检查
[2026-03-11 03:00:01] ⚠️ 获取会话信息失败
[2026-03-11 03:00:01] 📊 当前上下文使用率: 0%
[2026-03-11 03:00:01] ✅ 上下文正常（0% < 85%）
[2026-03-11 03:05:01] 🔍 开始无感会话切换检查
[2026-03-11 03:05:01] ⚠️ 获取会话信息失败
[2026-03-11 03:05:01] 📊 当前上下文使用率: 0%
[2026-03-11 03:05:01] ✅ 上下文正常（0% < 85%）
[2026-03-11 03:10:01] 🔍 开始无感会话切换检查
[2026-03-11 03:10:01] ⚠️ 获取会话信息失败
[2026-03-11 03:10:01] 📊 当前上下文使用率: 0%
[2026-03-11 03:10:01] ✅ 上下文正常（0% < 85%）
[2026-03-11 03:15:01] 🔍 开始无感会话切换检查
[2026-03-11 03:15:01] ⚠️ 获取会话信息失败
[2026-03-11 03:15:01] 📊 当前上下文使用率: 0%
[2026-03-11 03:15:01] ✅ 上下文正常（0% < 85%）
[2026-03-11 03:20:01] 🔍 开始无感会话切换检查
[2026-03-11 03:20:01] ⚠️ 获取会话信息失败
[2026-03-11 03:20:01] 📊 当前上下文使用率: 0%
[2026-03-11 03:20:01] ✅ 上下文正常（0% < 85%）
[2026-03-11 03:25:01] 🔍 开始无感会话切换检查
[2026-03-11 03:25:01] ⚠️ 获取会话信息失败
[2026-03-11 03:25:01] 📊 当前上下文使用率: 0%
[2026-03-11 03:25:01] ✅ 上下文正常（0% < 85%）
[2026-03-11 03:30:01] 🔍 开始无感会话切换检查
[2026-03-11 03:30:01] ⚠️ 获取会话信息失败
[2026-03-11 03:30:01] 📊 当前上下文使用率: 0%
[2026-03-11 03:30:01] ✅ 上下文正常（0% < 85%）
[2026-03-11 03:35:01] 🔍 开始无感会话切换检查
[2026-03-11 03:35:01] ⚠️ 获取会话信息失败
[2026-03-11 03:35:01] 📊 当前上下文使用率: 0%
[2026-03-11 03:35:01] ✅ 上下文正常（0% < 85%）
[2026-03-11 03:40:02] 🔍 开始无感会话切换检查
[2026-03-11 03:40:02] ⚠️ 获取会话信息失败
[2026-03-11 03:40:02] 📊 当前上下文使用率: 0%
[2026-03-11 03:40:02] ✅ 上下文正常（0% < 85%）
[2026-03-11 03:45:01] 🔍 开始无感会话切换检查
[2026-03-11 03:45:01] ⚠️ 获取会话信息失败
[2026-03-11 03:45:01] 📊 当前上下文使用率: 0%
[2026-03-11 03:45:01] ✅ 上下文正常（0% < 85%）
[2026-03-11 03:50:01] 🔍 开始无感会话切换检查
[2026-03-11 03:50:01] ⚠️ 获取会话信息失败
[2026-03-11 03:50:01] 📊 当前上下文使用率: 0%
[2026-03-11 03:50:01] ✅ 上下文正常（0% < 85%）
[2026-03-11 03:55:01] 🔍 开始无感会话切换检查
[2026-03-11 03:55:01] ⚠️ 获取会话信息失败
[2026-03-11 03:55:01] 📊 当前上下文使用率: 0%
[2026-03-11 03:55:01] ✅ 上下文正常（0% < 85%）
[2026-03-11 04:00:01] 🔍 开始无感会话切换检查
[2026-03-11 04:00:01] ⚠️ 获取会话信息失败
[2026-03-11 04:00:01] 📊 当前上下文使用率: 0%
[2026-03-11 04:00:01] ✅ 上下文正常（0% < 85%）
[2026-03-11 04:05:02] 🔍 开始无感会话切换检查
[2026-03-11 04:05:02] ⚠️ 获取会话信息失败
[2026-03-11 04:05:02] 📊 当前上下文使用率: 0%
[2026-03-11 04:05:02] ✅ 上下文正常（0% < 85%）
[2026-03-11 04:10:01] 🔍 开始无感会话切换检查
[2026-03-11 04:10:01] ⚠️ 获取会话信息失败
[2026-03-11 04:10:01] 📊 当前上下文使用率: 0%
[2026-03-11 04:10:01] ✅ 上下文正常（0% < 85%）
[2026-03-11 04:15:01] 🔍 开始无感会话切换检查
[2026-03-11 04:15:01] ⚠️ 获取会话信息失败
[2026-03-11 04:15:01] 📊 当前上下文使用率: 0%
[2026-03-11 04:15:01] ✅ 上下文正常（0% < 85%）
[2026-03-11 04:20:01] 🔍 开始无感会话切换检查
[2026-03-11 04:20:01] ⚠️ 获取会话信息失败
[2026-03-11 04:20:01] 📊 当前上下文使用率: 0%
[2026-03-11 04:20:01] ✅ 上下文正常（0% < 85%）
[2026-03-11 04:25:01] 🔍 开始无感会话切换检查
[2026-03-11 04:25:01] ⚠️ 获取会话信息失败
[2026-03-11 04:25:01] 📊 当前上下文使用率: 0%
[2026-03-11 04:25:01] ✅ 上下文正常（0% < 85%）
[2026-03-11 04:30:01] 🔍 开始无感会话切换检查
[2026-03-11 04:30:01] ⚠️ 获取会话信息失败
[2026-03-11 04:30:01] 📊 当前上下文使用率: 0%
[2026-03-11 04:30:01] ✅ 上下文正常（0% < 85%）
[2026-03-11 04:35:01] 🔍 开始无感会话切换检查
[2026-03-11 04:35:01] ⚠️ 获取会话信息失败
[2026-03-11 04:35:01] 📊 当前上下文使用率: 0%
[2026-03-11 04:35:01] ✅ 上下文正常（0% < 85%）
[2026-03-11 04:40:01] 🔍 开始无感会话切换检查
[2026-03-11 04:40:01] ⚠️ 获取会话信息失败
[2026-03-11 04:40:01] 📊 当前上下文使用率: 0%
[2026-03-11 04:40:01] ✅ 上下文正常（0% < 85%）
[2026-03-11 04:45:01] 🔍 开始无感会话切换检查
[2026-03-11 04:45:01] ⚠️ 获取会话信息失败
[2026-03-11 04:45:01] 📊 当前上下文使用率: 0%
[2026-03-11 04:45:01] ✅ 上下文正常（0% < 85%）
[2026-03-11 04:50:01] 🔍 开始无感会话切换检查
[2026-03-11 04:50:01] ⚠️ 获取会话信息失败
[2026-03-11 04:50:01] 📊 当前上下文使用率: 0%
[2026-03-11 04:50:01] ✅ 上下文正常（0% < 85%）
[2026-03-11 04:55:01] 🔍 开始无感会话切换检查
[2026-03-11 04:55:01] ⚠️ 获取会话信息失败
[2026-03-11 04:55:01] 📊 当前上下文使用率: 0%
[2026-03-11 04:55:01] ✅ 上下文正常（0% < 85%）
[2026-03-11 05:00:01] 🔍 开始无感会话切换检查
[2026-03-11 05:00:01] ⚠️ 获取会话信息失败
[2026-03-11 05:00:01] 📊 当前上下文使用率: 0%
[2026-03-11 05:00:01] ✅ 上下文正常（0% < 85%）
[2026-03-11 05:05:01] 🔍 开始无感会话切换检查
[2026-03-11 05:05:01] ⚠️ 获取会话信息失败
[2026-03-11 05:05:01] 📊 当前上下文使用率: 0%
[2026-03-11 05:05:01] ✅ 上下文正常（0% < 85%）
[2026-03-11 05:10:01] 🔍 开始无感会话切换检查
[2026-03-11 05:10:01] ⚠️ 获取会话信息失败
[2026-03-11 05:10:01] 📊 当前上下文使用率: 0%
[2026-03-11 05:10:01] ✅ 上下文正常（0% < 85%）
[2026-03-11 05:15:01] 🔍 开始无感会话切换检查
[2026-03-11 05:15:01] ⚠️ 获取会话信息失败
[2026-03-11 05:15:01] 📊 当前上下文使用率: 0%
[2026-03-11 05:15:01] ✅ 上下文正常（0% < 85%）
[2026-03-11 05:20:01] 🔍 开始无感会话切换检查
[2026-03-11 05:20:01] ⚠️ 获取会话信息失败
[2026-03-11 05:20:01] 📊 当前上下文使用率: 0%
[2026-03-11 05:20:01] ✅ 上下文正常（0% < 85%）
[2026-03-11 05:25:01] 🔍 开始无感会话切换检查
[2026-03-11 05:25:01] ⚠️ 获取会话信息失败
[2026-03-11 05:25:01] 📊 当前上下文使用率: 0%
[2026-03-11 05:25:01] ✅ 上下文正常（0% < 85%）
[2026-03-11 05:30:01] 🔍 开始无感会话切换检查
[2026-03-11 05:30:01] ⚠️ 获取会话信息失败
[2026-03-11 05:30:01] 📊 当前上下文使用率: 0%
[2026-03-11 05:30:01] ✅ 上下文正常（0% < 85%）
[2026-03-11 05:35:01] 🔍 开始无感会话切换检查
[2026-03-11 05:35:01] ⚠️ 获取会话信息失败
[2026-03-11 05:35:01] 📊 当前上下文使用率: 0%
[2026-03-11 05:35:01] ✅ 上下文正常（0% < 85%）
[2026-03-11 05:40:01] 🔍 开始无感会话切换检查
[2026-03-11 05:40:01] ⚠️ 获取会话信息失败
[2026-03-11 05:40:01] 📊 当前上下文使用率: 0%
[2026-03-11 05:40:01] ✅ 上下文正常（0% < 85%）
[2026-03-11 09:15:01] 🔍 开始无感会话切换检查
[2026-03-11 09:15:01] ⚠️ 获取会话信息失败
[2026-03-11 09:15:01] 📊 当前上下文使用率: 0%
[2026-03-11 09:15:01] ✅ 上下文正常（0% < 85%）
[2026-03-11 09:20:01] 🔍 开始无感会话切换检查
[2026-03-11 09:20:01] ⚠️ 获取会话信息失败
[2026-03-11 09:20:01] 📊 当前上下文使用率: 0%
[2026-03-11 09:20:01] ✅ 上下文正常（0% < 85%）
[2026-03-11 09:25:01] 🔍 开始无感会话切换检查
[2026-03-11 09:25:01] ⚠️ 获取会话信息失败
[2026-03-11 09:25:01] 📊 当前上下文使用率: 0%
[2026-03-11 09:25:01] ✅ 上下文正常（0% < 85%）
[2026-03-11 09:30:01] 🔍 开始无感会话切换检查
[2026-03-11 09:30:01] ⚠️ 获取会话信息失败
[2026-03-11 09:30:01] 📊 当前上下文使用率: 0%
[2026-03-11 09:30:01] ✅ 上下文正常（0% < 85%）
[2026-03-11 09:35:02] 🔍 开始无感会话切换检查
[2026-03-11 09:35:02] ⚠️ 获取会话信息失败
[2026-03-11 09:35:02] 📊 当前上下文使用率: 0%
[2026-03-11 09:35:02] ✅ 上下文正常（0% < 85%）
[2026-03-11 09:40:01] 🔍 开始无感会话切换检查
[2026-03-11 09:40:01] ⚠️ 获取会话信息失败
[2026-03-11 09:40:01] 📊 当前上下文使用率: 0%
[2026-03-11 09:40:01] ✅ 上下文正常（0% < 85%）
[2026-03-11 09:45:01] 🔍 开始无感会话切换检查
[2026-03-11 09:45:01] ⚠️ 获取会话信息失败
[2026-03-11 09:45:01] 📊 当前上下文使用率: 0%
[2026-03-11 09:45:01] ✅ 上下文正常（0% < 85%）
[2026-03-11 09:50:01] 🔍 开始无感会话切换检查
[2026-03-11 09:50:01] ⚠️ 获取会话信息失败
[2026-03-11 09:50:01] 📊 当前上下文使用率: 0%
[2026-03-11 09:50:01] ✅ 上下文正常（0% < 85%）
[2026-03-11 09:55:01] 🔍 开始无感会话切换检查
[2026-03-11 09:55:01] ⚠️ 获取会话信息失败
[2026-03-11 09:55:01] 📊 当前上下文使用率: 0%
[2026-03-11 09:55:01] ✅ 上下文正常（0% < 85%）
[2026-03-11 10:00:01] 🔍 开始无感会话切换检查
[2026-03-11 10:00:01] ⚠️ 获取会话信息失败
[2026-03-11 10:00:01] 📊 当前上下文使用率: 0%
[2026-03-11 10:00:01] ✅ 上下文正常（0% < 85%）
[2026-03-11 10:05:01] 🔍 开始无感会话切换检查
[2026-03-11 10:05:01] ⚠️ 获取会话信息失败
[2026-03-11 10:05:01] 📊 当前上下文使用率: 0%
[2026-03-11 10:05:01] ✅ 上下文正常（0% < 85%）
[2026-03-11 10:10:01] 🔍 开始无感会话切换检查
[2026-03-11 10:10:01] ⚠️ 获取会话信息失败
[2026-03-11 10:10:01] 📊 当前上下文使用率: 0%
[2026-03-11 10:10:01] ✅ 上下文正常（0% < 85%）
[2026-03-11 10:15:01] 🔍 开始无感会话切换检查
[2026-03-11 10:15:01] ⚠️ 获取会话信息失败
[2026-03-11 10:15:01] 📊 当前上下文使用率: 0%
[2026-03-11 10:15:01] ✅ 上下文正常（0% < 85%）
[2026-03-11 10:20:01] 🔍 开始无感会话切换检查
[2026-03-11 10:20:01] ⚠️ 获取会话信息失败
[2026-03-11 10:20:01] 📊 当前上下文使用率: 0%
[2026-03-11 10:20:01] ✅ 上下文正常（0% < 85%）
[2026-03-11 10:25:01] 🔍 开始无感会话切换检查
[2026-03-11 10:25:01] ⚠️ 获取会话信息失败
[2026-03-11 10:25:01] 📊 当前上下文使用率: 0%
[2026-03-11 10:25:01] ✅ 上下文正常（0% < 85%）
[2026-03-11 10:30:01] 🔍 开始无感会话切换检查
[2026-03-11 10:30:01] ⚠️ 获取会话信息失败
[2026-03-11 10:30:01] 📊 当前上下文使用率: 0%
[2026-03-11 10:30:01] ✅ 上下文正常（0% < 85%）
[2026-03-11 10:35:01] 🔍 开始无感会话切换检查
[2026-03-11 10:35:01] ⚠️ 获取会话信息失败
[2026-03-11 10:35:01] 📊 当前上下文使用率: 0%
[2026-03-11 10:35:01] ✅ 上下文正常（0% < 85%）
[2026-03-11 10:40:01] 🔍 开始无感会话切换检查
[2026-03-11 10:40:01] ⚠️ 获取会话信息失败
[2026-03-11 10:40:01] 📊 当前上下文使用率: 0%
[2026-03-11 10:40:01] ✅ 上下文正常（0% < 85%）
[2026-03-11 10:45:01] 🔍 开始无感会话切换检查
[2026-03-11 10:45:01] ⚠️ 获取会话信息失败
[2026-03-11 10:45:01] 📊 当前上下文使用率: 0%
[2026-03-11 10:45:01] ✅ 上下文正常（0% < 85%）
[2026-03-11 10:50:01] 🔍 开始无感会话切换检查
[2026-03-11 10:50:01] ⚠️ 获取会话信息失败
[2026-03-11 10:50:02] 📊 当前上下文使用率: 0%
[2026-03-11 10:50:02] ✅ 上下文正常（0% < 85%）
[2026-03-11 10:55:01] 🔍 开始无感会话切换检查
[2026-03-11 10:55:01] ⚠️ 获取会话信息失败
[2026-03-11 10:55:01] 📊 当前上下文使用率: 0%
[2026-03-11 10:55:01] ✅ 上下文正常（0% < 85%）
[2026-03-11 11:00:01] 🔍 开始无感会话切换检查
[2026-03-11 11:00:01] ⚠️ 获取会话信息失败
[2026-03-11 11:00:01] 📊 当前上下文使用率: 0%
[2026-03-11 11:00:01] ✅ 上下文正常（0% < 85%）
[2026-03-11 11:05:01] 🔍 开始无感会话切换检查
[2026-03-11 11:05:01] ⚠️ 获取会话信息失败
[2026-03-11 11:05:01] 📊 当前上下文使用率: 0%
[2026-03-11 11:05:01] ✅ 上下文正常（0% < 85%）
[2026-03-11 11:10:01] 🔍 开始无感会话切换检查
[2026-03-11 11:10:01] ⚠️ 获取会话信息失败
[2026-03-11 11:10:01] 📊 当前上下文使用率: 0%
[2026-03-11 11:10:01] ✅ 上下文正常（0% < 85%）
[2026-03-11 11:15:01] 🔍 开始无感会话切换检查
[2026-03-11 11:15:01] ⚠️ 获取会话信息失败
[2026-03-11 11:15:01] 📊 当前上下文使用率: 0%
[2026-03-11 11:15:01] ✅ 上下文正常（0% < 85%）
[2026-03-11 11:20:01] 🔍 开始无感会话切换检查
[2026-03-11 11:20:01] ⚠️ 获取会话信息失败
[2026-03-11 11:20:01] 📊 当前上下文使用率: 0%
[2026-03-11 11:20:01] ✅ 上下文正常（0% < 85%）
[2026-03-11 11:25:01] 🔍 开始无感会话切换检查
[2026-03-11 11:25:01] ⚠️ 获取会话信息失败
[2026-03-11 11:25:01] 📊 当前上下文使用率: 0%
[2026-03-11 11:25:01] ✅ 上下文正常（0% < 85%）
[2026-03-11 11:30:01] 🔍 开始无感会话切换检查
[2026-03-11 11:30:01] ⚠️ 获取会话信息失败
[2026-03-11 11:30:01] 📊 当前上下文使用率: 0%
[2026-03-11 11:30:01] ✅ 上下文正常（0% < 85%）
[2026-03-11 11:35:01] 🔍 开始无感会话切换检查
[2026-03-11 11:35:01] ⚠️ 获取会话信息失败
[2026-03-11 11:35:01] 📊 当前上下文使用率: 0%
[2026-03-11 11:35:01] ✅ 上下文正常（0% < 85%）
[2026-03-11 11:40:01] 🔍 开始无感会话切换检查
[2026-03-11 11:40:01] ⚠️ 获取会话信息失败
[2026-03-11 11:40:01] 📊 当前上下文使用率: 0%
[2026-03-11 11:40:01] ✅ 上下文正常（0% < 85%）
[2026-03-11 11:45:01] 🔍 开始无感会话切换检查
[2026-03-11 11:45:01] ⚠️ 获取会话信息失败
[2026-03-11 11:45:01] 📊 当前上下文使用率: 0%
[2026-03-11 11:45:01] ✅ 上下文正常（0% < 85%）
[2026-03-11 11:50:01] 🔍 开始无感会话切换检查
[2026-03-11 11:50:01] ⚠️ 获取会话信息失败
[2026-03-11 11:50:01] 📊 当前上下文使用率: 0%
[2026-03-11 11:50:01] ✅ 上下文正常（0% < 85%）
[2026-03-11 11:55:02] 🔍 开始无感会话切换检查
[2026-03-11 11:55:02] ⚠️ 获取会话信息失败
[2026-03-11 11:55:02] 📊 当前上下文使用率: 0%
[2026-03-11 11:55:02] ✅ 上下文正常（0% < 85%）
[2026-03-11 12:00:01] 🔍 开始无感会话切换检查
[2026-03-11 12:00:01] ⚠️ 获取会话信息失败
[2026-03-11 12:00:01] 📊 当前上下文使用率: 0%
[2026-03-11 12:00:01] ✅ 上下文正常（0% < 85%）
[2026-03-11 12:05:01] 🔍 开始无感会话切换检查
[2026-03-11 12:05:01] ⚠️ 获取会话信息失败
[2026-03-11 12:05:01] 📊 当前上下文使用率: 0%
[2026-03-11 12:05:01] ✅ 上下文正常（0% < 85%）
[2026-03-11 12:10:01] 🔍 开始无感会话切换检查
[2026-03-11 12:10:01] ⚠️ 获取会话信息失败
[2026-03-11 12:10:01] 📊 当前上下文使用率: 0%
[2026-03-11 12:10:01] ✅ 上下文正常（0% < 85%）
[2026-03-11 12:15:01] 🔍 开始无感会话切换检查
[2026-03-11 12:15:01] ⚠️ 获取会话信息失败
[2026-03-11 12:15:01] 📊 当前上下文使用率: 0%
[2026-03-11 12:15:01] ✅ 上下文正常（0% < 85%）
[2026-03-11 12:20:01] 🔍 开始无感会话切换检查
[2026-03-11 12:20:01] ⚠️ 获取会话信息失败
[2026-03-11 12:20:01] 📊 当前上下文使用率: 0%
[2026-03-11 12:20:01] ✅ 上下文正常（0% < 85%）
[2026-03-11 12:25:01] 🔍 开始无感会话切换检查
[2026-03-11 12:25:01] ⚠️ 获取会话信息失败
[2026-03-11 12:25:01] 📊 当前上下文使用率: 0%
[2026-03-11 12:25:01] ✅ 上下文正常（0% < 85%）
[2026-03-11 12:30:01] 🔍 开始无感会话切换检查
[2026-03-11 12:30:01] ⚠️ 获取会话信息失败
[2026-03-11 12:30:01] 📊 当前上下文使用率: 0%
[2026-03-11 12:30:01] ✅ 上下文正常（0% < 85%）
[2026-03-11 12:35:01] 🔍 开始无感会话切换检查
[2026-03-11 12:35:01] ⚠️ 获取会话信息失败
[2026-03-11 12:35:01] 📊 当前上下文使用率: 0%
[2026-03-11 12:35:01] ✅ 上下文正常（0% < 85%）
[2026-03-11 12:40:01] 🔍 开始无感会话切换检查
[2026-03-11 12:40:01] ⚠️ 获取会话信息失败
[2026-03-11 12:40:01] 📊 当前上下文使用率: 0%
[2026-03-11 12:40:01] ✅ 上下文正常（0% < 85%）
[2026-03-11 12:45:01] 🔍 开始无感会话切换检查
[2026-03-11 12:45:01] ⚠️ 获取会话信息失败
[2026-03-11 12:45:01] 📊 当前上下文使用率: 0%
[2026-03-11 12:45:01] ✅ 上下文正常（0% < 85%）
[2026-03-11 12:50:01] 🔍 开始无感会话切换检查
[2026-03-11 12:50:01] ⚠️ 获取会话信息失败
[2026-03-11 12:50:01] 📊 当前上下文使用率: 0%
[2026-03-11 12:50:01] ✅ 上下文正常（0% < 85%）
[2026-03-11 12:55:01] 🔍 开始无感会话切换检查
[2026-03-11 12:55:01] ⚠️ 获取会话信息失败
[2026-03-11 12:55:01] 📊 当前上下文使用率: 0%
[2026-03-11 12:55:01] ✅ 上下文正常（0% < 85%）
[2026-03-11 13:00:01] 🔍 开始无感会话切换检查
[2026-03-11 13:00:01] ⚠️ 获取会话信息失败
[2026-03-11 13:00:01] 📊 当前上下文使用率: 0%
[2026-03-11 13:00:01] ✅ 上下文正常（0% < 85%）
[2026-03-11 13:05:01] 🔍 开始无感会话切换检查
[2026-03-11 13:05:01] ⚠️ 获取会话信息失败
[2026-03-11 13:05:01] 📊 当前上下文使用率: 0%
[2026-03-11 13:05:01] ✅ 上下文正常（0% < 85%）
[2026-03-11 13:10:01] 🔍 开始无感会话切换检查
[2026-03-11 13:10:01] ⚠️ 获取会话信息失败
[2026-03-11 13:10:01] 📊 当前上下文使用率: 0%
[2026-03-11 13:10:01] ✅ 上下文正常（0% < 85%）
[2026-03-11 13:15:01] 🔍 开始无感会话切换检查
[2026-03-11 13:15:01] ⚠️ 获取会话信息失败
[2026-03-11 13:15:01] 📊 当前上下文使用率: 0%
[2026-03-11 13:15:01] ✅ 上下文正常（0% < 85%）
[2026-03-11 13:20:01] 🔍 开始无感会话切换检查
[2026-03-11 13:20:01] ⚠️ 获取会话信息失败
[2026-03-11 13:20:01] 📊 当前上下文使用率: 0%
[2026-03-11 13:20:01] ✅ 上下文正常（0% < 85%）
[2026-03-11 13:25:01] 🔍 开始无感会话切换检查
[2026-03-11 13:25:01] ⚠️ 获取会话信息失败
[2026-03-11 13:25:01] 📊 当前上下文使用率: 0%
[2026-03-11 13:25:01] ✅ 上下文正常（0% < 85%）
[2026-03-11 13:30:01] 🔍 开始无感会话切换检查
[2026-03-11 13:30:01] ⚠️ 获取会话信息失败
[2026-03-11 13:30:01] 📊 当前上下文使用率: 0%
[2026-03-11 13:30:01] ✅ 上下文正常（0% < 85%）
[2026-03-11 13:35:01] 🔍 开始无感会话切换检查
[2026-03-11 13:35:01] ⚠️ 获取会话信息失败
[2026-03-11 13:35:01] 📊 当前上下文使用率: 0%
[2026-03-11 13:35:01] ✅ 上下文正常（0% < 85%）
[2026-03-11 13:40:01] 🔍 开始无感会话切换检查
[2026-03-11 13:40:01] ⚠️ 获取会话信息失败
[2026-03-11 13:40:01] 📊 当前上下文使用率: 0%
[2026-03-11 13:40:01] ✅ 上下文正常（0% < 85%）
[2026-03-11 13:45:01] 🔍 开始无感会话切换检查
[2026-03-11 13:45:01] ⚠️ 获取会话信息失败
[2026-03-11 13:45:01] 📊 当前上下文使用率: 0%
[2026-03-11 13:45:01] ✅ 上下文正常（0% < 85%）
[2026-03-11 13:50:01] 🔍 开始无感会话切换检查
[2026-03-11 13:50:01] ⚠️ 获取会话信息失败
[2026-03-11 13:50:01] 📊 当前上下文使用率: 0%
[2026-03-11 13:50:01] ✅ 上下文正常（0% < 85%）
[2026-03-11 13:55:01] 🔍 开始无感会话切换检查
[2026-03-11 13:55:01] ⚠️ 获取会话信息失败
[2026-03-11 13:55:01] 📊 当前上下文使用率: 0%
[2026-03-11 13:55:01] ✅ 上下文正常（0% < 85%）
[2026-03-11 14:00:01] 🔍 开始无感会话切换检查
[2026-03-11 14:00:01] ⚠️ 获取会话信息失败
[2026-03-11 14:00:01] 📊 当前上下文使用率: 0%
[2026-03-11 14:00:01] ✅ 上下文正常（0% < 85%）
[2026-03-11 14:05:01] 🔍 开始无感会话切换检查
[2026-03-11 14:05:01] ⚠️ 获取会话信息失败
[2026-03-11 14:05:01] 📊 当前上下文使用率: 0%
[2026-03-11 14:05:01] ✅ 上下文正常（0% < 85%）
[2026-03-11 14:10:01] 🔍 开始无感会话切换检查
[2026-03-11 14:10:01] ⚠️ 获取会话信息失败
[2026-03-11 14:10:01] 📊 当前上下文使用率: 0%
[2026-03-11 14:10:01] ✅ 上下文正常（0% < 85%）
[2026-03-11 14:15:01] 🔍 开始无感会话切换检查
[2026-03-11 14:15:01] ⚠️ 获取会话信息失败
[2026-03-11 14:15:01] 📊 当前上下文使用率: 0%
[2026-03-11 14:15:01] ✅ 上下文正常（0% < 85%）
[2026-03-11 14:20:01] 🔍 开始无感会话切换检查
[2026-03-11 14:20:01] ⚠️ 获取会话信息失败
[2026-03-11 14:20:01] 📊 当前上下文使用率: 0%
[2026-03-11 14:20:01] ✅ 上下文正常（0% < 85%）
[2026-03-11 14:25:01] 🔍 开始无感会话切换检查
[2026-03-11 14:25:01] ⚠️ 获取会话信息失败
[2026-03-11 14:25:01] 📊 当前上下文使用率: 0%
[2026-03-11 14:25:01] ✅ 上下文正常（0% < 85%）
[2026-03-11 14:30:01] 🔍 开始无感会话切换检查
[2026-03-11 14:30:01] ⚠️ 获取会话信息失败
[2026-03-11 14:30:01] 📊 当前上下文使用率: 0%
[2026-03-11 14:30:01] ✅ 上下文正常（0% < 85%）
[2026-03-11 14:35:01] 🔍 开始无感会话切换检查
[2026-03-11 14:35:01] ⚠️ 获取会话信息失败
[2026-03-11 14:35:01] 📊 当前上下文使用率: 0%
[2026-03-11 14:35:01] ✅ 上下文正常（0% < 85%）
[2026-03-11 14:40:01] 🔍 开始无感会话切换检查
[2026-03-11 14:40:01] ⚠️ 获取会话信息失败
[2026-03-11 14:40:01] 📊 当前上下文使用率: 0%
[2026-03-11 14:40:01] ✅ 上下文正常（0% < 85%）
[2026-03-11 14:45:01] 🔍 开始无感会话切换检查
[2026-03-11 14:45:01] ⚠️ 获取会话信息失败
[2026-03-11 14:45:01] 📊 当前上下文使用率: 0%
[2026-03-11 14:45:01] ✅ 上下文正常（0% < 85%）
[2026-03-11 14:50:01] 🔍 开始无感会话切换检查
[2026-03-11 14:50:01] ⚠️ 获取会话信息失败
[2026-03-11 14:50:01] 📊 当前上下文使用率: 0%
[2026-03-11 14:50:01] ✅ 上下文正常（0% < 85%）
[2026-03-11 14:55:01] 🔍 开始无感会话切换检查
[2026-03-11 14:55:01] ⚠️ 获取会话信息失败
[2026-03-11 14:55:01] 📊 当前上下文使用率: 0%
[2026-03-11 14:55:01] ✅ 上下文正常（0% < 85%）
[2026-03-11 15:00:01] 🔍 开始无感会话切换检查
[2026-03-11 15:00:01] ⚠️ 获取会话信息失败
[2026-03-11 15:00:01] 📊 当前上下文使用率: 0%
[2026-03-11 15:00:01] ✅ 上下文正常（0% < 85%）
[2026-03-11 15:05:01] 🔍 开始无感会话切换检查
[2026-03-11 15:05:01] ⚠️ 获取会话信息失败
[2026-03-11 15:05:01] 📊 当前上下文使用率: 0%
[2026-03-11 15:05:01] ✅ 上下文正常（0% < 85%）
[2026-03-11 15:10:01] 🔍 开始无感会话切换检查
[2026-03-11 15:10:01] ⚠️ 获取会话信息失败
[2026-03-11 15:10:01] 📊 当前上下文使用率: 0%
[2026-03-11 15:10:01] ✅ 上下文正常（0% < 85%）
[2026-03-11 15:15:01] 🔍 开始无感会话切换检查
[2026-03-11 15:15:01] ⚠️ 获取会话信息失败
[2026-03-11 15:15:01] 📊 当前上下文使用率: 0%
[2026-03-11 15:15:01] ✅ 上下文正常（0% < 85%）
[2026-03-11 15:20:01] 🔍 开始无感会话切换检查
[2026-03-11 15:20:01] ⚠️ 获取会话信息失败
[2026-03-11 15:20:01] 📊 当前上下文使用率: 0%
[2026-03-11 15:20:01] ✅ 上下文正常（0% < 85%）
[2026-03-11 15:25:01] 🔍 开始无感会话切换检查
[2026-03-11 15:25:01] ⚠️ 获取会话信息失败
[2026-03-11 15:25:01] 📊 当前上下文使用率: 0%
[2026-03-11 15:25:01] ✅ 上下文正常（0% < 85%）
[2026-03-11 15:30:01] 🔍 开始无感会话切换检查
[2026-03-11 15:30:01] ⚠️ 获取会话信息失败
[2026-03-11 15:30:01] 📊 当前上下文使用率: 0%
[2026-03-11 15:30:01] ✅ 上下文正常（0% < 85%）
[2026-03-11 15:35:01] 🔍 开始无感会话切换检查
[2026-03-11 15:35:01] ⚠️ 获取会话信息失败
[2026-03-11 15:35:01] 📊 当前上下文使用率: 0%
[2026-03-11 15:35:01] ✅ 上下文正常（0% < 85%）
[2026-03-11 15:40:01] 🔍 开始无感会话切换检查
[2026-03-11 15:40:01] ⚠️ 获取会话信息失败
[2026-03-11 15:40:01] 📊 当前上下文使用率: 0%
[2026-03-11 15:40:01] ✅ 上下文正常（0% < 85%）
[2026-03-11 15:45:01] 🔍 开始无感会话切换检查
[2026-03-11 15:45:01] ⚠️ 获取会话信息失败
[2026-03-11 15:45:01] 📊 当前上下文使用率: 0%
[2026-03-11 15:45:01] ✅ 上下文正常（0% < 85%）
[2026-03-11 15:50:01] 🔍 开始无感会话切换检查
[2026-03-11 15:50:01] ⚠️ 获取会话信息失败
[2026-03-11 15:50:01] 📊 当前上下文使用率: 0%
[2026-03-11 15:50:01] ✅ 上下文正常（0% < 85%）
[2026-03-11 15:55:01] 🔍 开始无感会话切换检查
[2026-03-11 15:55:01] ⚠️ 获取会话信息失败
[2026-03-11 15:55:01] 📊 当前上下文使用率: 0%
[2026-03-11 15:55:01] ✅ 上下文正常（0% < 85%）
[2026-03-11 16:00:01] 🔍 开始无感会话切换检查
[2026-03-11 16:00:01] ⚠️ 获取会话信息失败
[2026-03-11 16:00:01] 📊 当前上下文使用率: 0%
[2026-03-11 16:00:01] ✅ 上下文正常（0% < 85%）
[2026-03-11 16:05:01] 🔍 开始无感会话切换检查
[2026-03-11 16:05:01] ⚠️ 获取会话信息失败
[2026-03-11 16:05:01] 📊 当前上下文使用率: 0%
[2026-03-11 16:05:01] ✅ 上下文正常（0% < 85%）
[2026-03-11 16:10:01] 🔍 开始无感会话切换检查
[2026-03-11 16:10:01] ⚠️ 获取会话信息失败
[2026-03-11 16:10:01] 📊 当前上下文使用率: 0%
[2026-03-11 16:10:01] ✅ 上下文正常（0% < 85%）
[2026-03-11 16:15:01] 🔍 开始无感会话切换检查
[2026-03-11 16:15:01] ⚠️ 获取会话信息失败
[2026-03-11 16:15:01] 📊 当前上下文使用率: 0%
[2026-03-11 16:15:01] ✅ 上下文正常（0% < 85%）
[2026-03-11 16:20:01] 🔍 开始无感会话切换检查
[2026-03-11 16:20:01] ⚠️ 获取会话信息失败
[2026-03-11 16:20:01] 📊 当前上下文使用率: 0%
[2026-03-11 16:20:01] ✅ 上下文正常（0% < 85%）
[2026-03-11 16:25:01] 🔍 开始无感会话切换检查
[2026-03-11 16:25:01] ⚠️ 获取会话信息失败
[2026-03-11 16:25:01] 📊 当前上下文使用率: 0%
[2026-03-11 16:25:01] ✅ 上下文正常（0% < 85%）
[2026-03-11 16:30:01] 🔍 开始无感会话切换检查
[2026-03-11 16:30:01] ⚠️ 获取会话信息失败
[2026-03-11 16:30:01] 📊 当前上下文使用率: 0%
[2026-03-11 16:30:01] ✅ 上下文正常（0% < 85%）
[2026-03-11 16:35:01] 🔍 开始无感会话切换检查
[2026-03-11 16:35:01] ⚠️ 获取会话信息失败
[2026-03-11 16:35:01] 📊 当前上下文使用率: 0%
[2026-03-11 16:35:01] ✅ 上下文正常（0% < 85%）
[2026-03-11 16:40:01] 🔍 开始无感会话切换检查
[2026-03-11 16:40:01] ⚠️ 获取会话信息失败
[2026-03-11 16:40:01] 📊 当前上下文使用率: 0%
[2026-03-11 16:40:01] ✅ 上下文正常（0% < 85%）
[2026-03-11 16:45:01] 🔍 开始无感会话切换检查
[2026-03-11 16:45:01] ⚠️ 获取会话信息失败
[2026-03-11 16:45:01] 📊 当前上下文使用率: 0%
[2026-03-11 16:45:01] ✅ 上下文正常（0% < 85%）
[2026-03-11 16:50:01] 🔍 开始无感会话切换检查
[2026-03-11 16:50:01] ⚠️ 获取会话信息失败
[2026-03-11 16:50:01] 📊 当前上下文使用率: 0%
[2026-03-11 16:50:01] ✅ 上下文正常（0% < 85%）
[2026-03-11 16:55:01] 🔍 开始无感会话切换检查
[2026-03-11 16:55:01] ⚠️ 获取会话信息失败
[2026-03-11 16:55:01] 📊 当前上下文使用率: 0%
[2026-03-11 16:55:01] ✅ 上下文正常（0% < 85%）
[2026-03-11 17:00:01] 🔍 开始无感会话切换检查
[2026-03-11 17:00:01] ⚠️ 获取会话信息失败
[2026-03-11 17:00:01] 📊 当前上下文使用率: 0%
[2026-03-11 17:00:01] ✅ 上下文正常（0% < 85%）
[2026-03-11 17:05:01] 🔍 开始无感会话切换检查
[2026-03-11 17:05:01] ⚠️ 获取会话信息失败
[2026-03-11 17:05:01] 📊 当前上下文使用率: 0%
[2026-03-11 17:05:01] ✅ 上下文正常（0% < 85%）
[2026-03-11 17:10:01] 🔍 开始无感会话切换检查
[2026-03-11 17:10:01] ⚠️ 获取会话信息失败
[2026-03-11 17:10:01] 📊 当前上下文使用率: 0%
[2026-03-11 17:10:01] ✅ 上下文正常（0% < 85%）
[2026-03-11 17:15:01] 🔍 开始无感会话切换检查
[2026-03-11 17:15:01] ⚠️ 获取会话信息失败
[2026-03-11 17:15:01] 📊 当前上下文使用率: 0%
[2026-03-11 17:15:01] ✅ 上下文正常（0% < 85%）
[2026-03-11 17:20:01] 🔍 开始无感会话切换检查
[2026-03-11 17:20:01] ⚠️ 获取会话信息失败
[2026-03-11 17:20:01] 📊 当前上下文使用率: 0%
[2026-03-11 17:20:01] ✅ 上下文正常（0% < 85%）
[2026-03-11 17:25:01] 🔍 开始无感会话切换检查
[2026-03-11 17:25:01] ⚠️ 获取会话信息失败
[2026-03-11 17:25:01] 📊 当前上下文使用率: 0%
[2026-03-11 17:25:01] ✅ 上下文正常（0% < 85%）
[2026-03-11 17:30:01] 🔍 开始无感会话切换检查
[2026-03-11 17:30:01] ⚠️ 获取会话信息失败
[2026-03-11 17:30:01] 📊 当前上下文使用率: 0%
[2026-03-11 17:30:01] ✅ 上下文正常（0% < 85%）
[2026-03-11 17:40:01] 🔍 开始无感会话切换检查
[2026-03-11 17:40:01] ⚠️ 获取会话信息失败
[2026-03-11 17:40:01] 📊 当前上下文使用率: 0%
[2026-03-11 17:40:01] ✅ 上下文正常（0% < 85%）
[2026-03-11 17:45:01] 🔍 开始无感会话切换检查
[2026-03-11 17:45:01] ⚠️ 获取会话信息失败
[2026-03-11 17:45:01] 📊 当前上下文使用率: 0%
[2026-03-11 17:45:01] ✅ 上下文正常（0% < 85%）
[2026-03-11 17:50:01] 🔍 开始无感会话切换检查
[2026-03-11 17:50:01] ⚠️ 获取会话信息失败
[2026-03-11 17:50:01] 📊 当前上下文使用率: 0%
[2026-03-11 17:50:01] ✅ 上下文正常（0% < 85%）
[2026-03-11 17:55:01] 🔍 开始无感会话切换检查
[2026-03-11 17:55:01] ⚠️ 获取会话信息失败
[2026-03-11 17:55:01] 📊 当前上下文使用率: 0%
[2026-03-11 17:55:01] ✅ 上下文正常（0% < 85%）
[2026-03-11 18:00:01] 🔍 开始无感会话切换检查
[2026-03-11 18:00:01] ⚠️ 获取会话信息失败
[2026-03-11 18:00:01] 📊 当前上下文使用率: 0%
[2026-03-11 18:00:01] ✅ 上下文正常（0% < 85%）
[2026-03-11 18:05:01] 🔍 开始无感会话切换检查
[2026-03-11 18:05:01] ⚠️ 获取会话信息失败
[2026-03-11 18:05:01] 📊 当前上下文使用率: 0%
[2026-03-11 18:05:01] ✅ 上下文正常（0% < 85%）
[2026-03-11 18:10:01] 🔍 开始无感会话切换检查
[2026-03-11 18:10:01] ⚠️ 获取会话信息失败
[2026-03-11 18:10:01] 📊 当前上下文使用率: 0%
[2026-03-11 18:10:01] ✅ 上下文正常（0% < 85%）
[2026-03-11 18:15:01] 🔍 开始无感会话切换检查
[2026-03-11 18:15:01] ⚠️ 获取会话信息失败
[2026-03-11 18:15:01] 📊 当前上下文使用率: 0%
[2026-03-11 18:15:01] ✅ 上下文正常（0% < 85%）
[2026-03-11 18:20:01] 🔍 开始无感会话切换检查
[2026-03-11 18:20:01] ⚠️ 获取会话信息失败
[2026-03-11 18:20:01] 📊 当前上下文使用率: 0%
[2026-03-11 18:20:01] ✅ 上下文正常（0% < 85%）
[2026-03-11 18:25:01] 🔍 开始无感会话切换检查
[2026-03-11 18:25:01] ⚠️ 获取会话信息失败
[2026-03-11 18:25:01] 📊 当前上下文使用率: 0%
[2026-03-11 18:25:01] ✅ 上下文正常（0% < 85%）
[2026-03-11 18:30:01] 🔍 开始无感会话切换检查
[2026-03-11 18:30:01] ⚠️ 获取会话信息失败
[2026-03-11 18:30:01] 📊 当前上下文使用率: 0%
[2026-03-11 18:30:01] ✅ 上下文正常（0% < 85%）
[2026-03-11 18:35:01] 🔍 开始无感会话切换检查
[2026-03-11 18:35:01] ⚠️ 获取会话信息失败
[2026-03-11 18:35:01] 📊 当前上下文使用率: 0%
[2026-03-11 18:35:01] ✅ 上下文正常（0% < 85%）
[2026-03-11 18:40:01] 🔍 开始无感会话切换检查
[2026-03-11 18:40:01] ⚠️ 获取会话信息失败
[2026-03-11 18:40:01] 📊 当前上下文使用率: 0%
[2026-03-11 18:40:01] ✅ 上下文正常（0% < 85%）
[2026-03-11 18:45:01] 🔍 开始无感会话切换检查
[2026-03-11 18:45:01] ⚠️ 获取会话信息失败
[2026-03-11 18:45:01] 📊 当前上下文使用率: 0%
[2026-03-11 18:45:01] ✅ 上下文正常（0% < 85%）
[2026-03-11 18:50:01] 🔍 开始无感会话切换检查
[2026-03-11 18:50:01] ⚠️ 获取会话信息失败
[2026-03-11 18:50:01] 📊 当前上下文使用率: 0%
[2026-03-11 18:50:01] ✅ 上下文正常（0% < 85%）
[2026-03-11 18:55:01] 🔍 开始无感会话切换检查
[2026-03-11 18:55:01] ⚠️ 获取会话信息失败
[2026-03-11 18:55:01] 📊 当前上下文使用率: 0%
[2026-03-11 18:55:01] ✅ 上下文正常（0% < 85%）
[2026-03-11 19:00:01] 🔍 开始无感会话切换检查
[2026-03-11 19:00:01] ⚠️ 获取会话信息失败
[2026-03-11 19:00:01] 📊 当前上下文使用率: 0%
[2026-03-11 19:00:01] ✅ 上下文正常（0% < 85%）
[2026-03-11 19:05:01] 🔍 开始无感会话切换检查
[2026-03-11 19:05:01] ⚠️ 获取会话信息失败
[2026-03-11 19:05:01] 📊 当前上下文使用率: 0%
[2026-03-11 19:05:01] ✅ 上下文正常（0% < 85%）
[2026-03-11 19:10:01] 🔍 开始无感会话切换检查
[2026-03-11 19:10:01] ⚠️ 获取会话信息失败
[2026-03-11 19:10:01] 📊 当前上下文使用率: 0%
[2026-03-11 19:10:01] ✅ 上下文正常（0% < 85%）
[2026-03-11 19:15:01] 🔍 开始无感会话切换检查
[2026-03-11 19:15:01] ⚠️ 获取会话信息失败
[2026-03-11 19:15:01] 📊 当前上下文使用率: 0%
[2026-03-11 19:15:01] ✅ 上下文正常（0% < 85%）
[2026-03-11 19:20:01] 🔍 开始无感会话切换检查
[2026-03-11 19:20:01] ⚠️ 获取会话信息失败
[2026-03-11 19:20:01] 📊 当前上下文使用率: 0%
[2026-03-11 19:20:01] ✅ 上下文正常（0% < 85%）
[2026-03-11 19:25:01] 🔍 开始无感会话切换检查
[2026-03-11 19:25:01] ⚠️ 获取会话信息失败
[2026-03-11 19:25:01] 📊 当前上下文使用率: 0%
[2026-03-11 19:25:01] ✅ 上下文正常（0% < 85%）
[2026-03-11 19:30:01] 🔍 开始无感会话切换检查
[2026-03-11 19:30:01] ⚠️ 获取会话信息失败
[2026-03-11 19:30:01] 📊 当前上下文使用率: 0%
[2026-03-11 19:30:01] ✅ 上下文正常（0% < 85%）
[2026-03-11 19:35:01] 🔍 开始无感会话切换检查
[2026-03-11 19:35:01] ⚠️ 获取会话信息失败
[2026-03-11 19:35:01] 📊 当前上下文使用率: 0%
[2026-03-11 19:35:01] ✅ 上下文正常（0% < 85%）
[2026-03-11 19:40:01] 🔍 开始无感会话切换检查
[2026-03-11 19:40:01] ⚠️ 获取会话信息失败
[2026-03-11 19:40:01] 📊 当前上下文使用率: 0%
[2026-03-11 19:40:01] ✅ 上下文正常（0% < 85%）
[2026-03-11 19:45:01] 🔍 开始无感会话切换检查
[2026-03-11 19:45:01] ⚠️ 获取会话信息失败
[2026-03-11 19:45:01] 📊 当前上下文使用率: 0%
[2026-03-11 19:45:01] ✅ 上下文正常（0% < 85%）
[2026-03-11 19:50:01] 🔍 开始无感会话切换检查
[2026-03-11 19:50:01] ⚠️ 获取会话信息失败
[2026-03-11 19:50:01] 📊 当前上下文使用率: 0%
[2026-03-11 19:50:01] ✅ 上下文正常（0% < 85%）
[2026-03-11 19:55:01] 🔍 开始无感会话切换检查
[2026-03-11 19:55:01] ⚠️ 获取会话信息失败
[2026-03-11 19:55:01] 📊 当前上下文使用率: 0%
[2026-03-11 19:55:01] ✅ 上下文正常（0% < 85%）
[2026-03-11 20:00:01] 🔍 开始无感会话切换检查
[2026-03-11 20:00:01] ⚠️ 获取会话信息失败
[2026-03-11 20:00:01] 📊 当前上下文使用率: 0%
[2026-03-11 20:00:01] ✅ 上下文正常（0% < 85%）
[2026-03-11 20:25:01] 🔍 开始无感会话切换检查
[2026-03-11 20:25:01] ⚠️ 获取会话信息失败
[2026-03-11 20:25:01] 📊 当前上下文使用率: 0%
[2026-03-11 20:25:01] ✅ 上下文正常（0% < 85%）
[2026-03-11 20:30:01] 🔍 开始无感会话切换检查
[2026-03-11 20:30:01] ⚠️ 获取会话信息失败
[2026-03-11 20:30:01] 📊 当前上下文使用率: 0%
[2026-03-11 20:30:01] ✅ 上下文正常（0% < 85%）
[2026-03-11 20:35:01] 🔍 开始无感会话切换检查
[2026-03-11 20:35:01] ⚠️ 获取会话信息失败
[2026-03-11 20:35:01] 📊 当前上下文使用率: 0%
[2026-03-11 20:35:01] ✅ 上下文正常（0% < 85%）
[2026-03-11 20:40:01] 🔍 开始无感会话切换检查
[2026-03-11 20:40:01] ⚠️ 获取会话信息失败
[2026-03-11 20:40:02] 📊 当前上下文使用率: 0%
[2026-03-11 20:40:02] ✅ 上下文正常（0% < 85%）
[2026-03-11 20:45:01] 🔍 开始无感会话切换检查
[2026-03-11 20:45:01] ⚠️ 获取会话信息失败
[2026-03-11 20:45:01] 📊 当前上下文使用率: 0%
[2026-03-11 20:45:01] ✅ 上下文正常（0% < 85%）
[2026-03-11 20:50:01] 🔍 开始无感会话切换检查
[2026-03-11 20:50:01] ⚠️ 获取会话信息失败
[2026-03-11 20:50:01] 📊 当前上下文使用率: 0%
[2026-03-11 20:50:01] ✅ 上下文正常（0% < 85%）
[2026-03-11 20:55:01] 🔍 开始无感会话切换检查
[2026-03-11 20:55:01] ⚠️ 获取会话信息失败
[2026-03-11 20:55:01] 📊 当前上下文使用率: 0%
[2026-03-11 20:55:01] ✅ 上下文正常（0% < 85%）
[2026-03-11 21:00:01] 🔍 开始无感会话切换检查
[2026-03-11 21:00:01] ⚠️ 获取会话信息失败
[2026-03-11 21:00:01] 📊 当前上下文使用率: 0%
[2026-03-11 21:00:02] ✅ 上下文正常（0% < 85%）
[2026-03-11 21:05:01] 🔍 开始无感会话切换检查
[2026-03-11 21:05:01] ⚠️ 获取会话信息失败
[2026-03-11 21:05:01] 📊 当前上下文使用率: 0%
[2026-03-11 21:05:01] ✅ 上下文正常（0% < 85%）
[2026-03-11 21:10:01] 🔍 开始无感会话切换检查
[2026-03-11 21:10:01] ⚠️ 获取会话信息失败
[2026-03-11 21:10:01] 📊 当前上下文使用率: 0%
[2026-03-11 21:10:01] ✅ 上下文正常（0% < 85%）
[2026-03-11 21:15:01] 🔍 开始无感会话切换检查
[2026-03-11 21:15:01] ⚠️ 获取会话信息失败
[2026-03-11 21:15:01] 📊 当前上下文使用率: 0%
[2026-03-11 21:15:01] ✅ 上下文正常（0% < 85%）
[2026-03-11 21:20:01] 🔍 开始无感会话切换检查
[2026-03-11 21:20:01] ⚠️ 获取会话信息失败
[2026-03-11 21:20:01] 📊 当前上下文使用率: 0%
[2026-03-11 21:20:01] ✅ 上下文正常（0% < 85%）
[2026-03-11 21:25:01] 🔍 开始无感会话切换检查
[2026-03-11 21:25:01] ⚠️ 获取会话信息失败
[2026-03-11 21:25:01] 📊 当前上下文使用率: 0%
[2026-03-11 21:25:01] ✅ 上下文正常（0% < 85%）
[2026-03-11 21:30:01] 🔍 开始无感会话切换检查
[2026-03-11 21:30:01] ⚠️ 获取会话信息失败
[2026-03-11 21:30:01] 📊 当前上下文使用率: 0%
[2026-03-11 21:30:01] ✅ 上下文正常（0% < 85%）
[2026-03-11 21:35:01] 🔍 开始无感会话切换检查
[2026-03-11 21:35:01] ⚠️ 获取会话信息失败
[2026-03-11 21:35:01] 📊 当前上下文使用率: 0%
[2026-03-11 21:35:01] ✅ 上下文正常（0% < 85%）
[2026-03-11 21:40:01] 🔍 开始无感会话切换检查
[2026-03-11 21:40:01] ⚠️ 获取会话信息失败
[2026-03-11 21:40:01] 📊 当前上下文使用率: 0%
[2026-03-11 21:40:01] ✅ 上下文正常（0% < 85%）
[2026-03-11 21:45:01] 🔍 开始无感会话切换检查
[2026-03-11 21:45:01] ⚠️ 获取会话信息失败
[2026-03-11 21:45:01] 📊 当前上下文使用率: 0%
[2026-03-11 21:45:01] ✅ 上下文正常（0% < 85%）
[2026-03-11 21:50:01] 🔍 开始无感会话切换检查
[2026-03-11 21:50:01] ⚠️ 获取会话信息失败
[2026-03-11 21:50:01] 📊 当前上下文使用率: 0%
[2026-03-11 21:50:01] ✅ 上下文正常（0% < 85%）
[2026-03-11 21:55:01] 🔍 开始无感会话切换检查
[2026-03-11 21:55:01] ⚠️ 获取会话信息失败
[2026-03-11 21:55:01] 📊 当前上下文使用率: 0%
[2026-03-11 21:55:01] ✅ 上下文正常（0% < 85%）
[2026-03-11 22:00:01] 🔍 开始无感会话切换检查
[2026-03-11 22:00:01] ⚠️ 获取会话信息失败
[2026-03-11 22:00:01] 📊 当前上下文使用率: 0%
[2026-03-11 22:00:01] ✅ 上下文正常（0% < 85%）
[2026-03-11 22:05:01] 🔍 开始无感会话切换检查
[2026-03-11 22:05:01] ⚠️ 获取会话信息失败
[2026-03-11 22:05:01] 📊 当前上下文使用率: 0%
[2026-03-11 22:05:01] ✅ 上下文正常（0% < 85%）
[2026-03-11 22:10:01] 🔍 开始无感会话切换检查
[2026-03-11 22:10:01] ⚠️ 获取会话信息失败
[2026-03-11 22:10:01] 📊 当前上下文使用率: 0%
[2026-03-11 22:10:01] ✅ 上下文正常（0% < 85%）
[2026-03-11 22:15:01] 🔍 开始无感会话切换检查
[2026-03-11 22:15:01] ⚠️ 获取会话信息失败
[2026-03-11 22:15:01] 📊 当前上下文使用率: 0%
[2026-03-11 22:15:01] ✅ 上下文正常（0% < 85%）
[2026-03-11 22:20:01] 🔍 开始无感会话切换检查
[2026-03-11 22:20:01] ⚠️ 获取会话信息失败
[2026-03-11 22:20:01] 📊 当前上下文使用率: 0%
[2026-03-11 22:20:01] ✅ 上下文正常（0% < 85%）
[2026-03-11 22:25:01] 🔍 开始无感会话切换检查
[2026-03-11 22:25:01] ⚠️ 获取会话信息失败
[2026-03-11 22:25:01] 📊 当前上下文使用率: 0%
[2026-03-11 22:25:01] ✅ 上下文正常（0% < 85%）
[2026-03-12 09:15:01] 🔍 开始无感会话切换检查
[2026-03-12 09:15:01] ⚠️ 获取会话信息失败
[2026-03-12 09:15:01] 📊 当前上下文使用率: 0%
[2026-03-12 09:15:01] ✅ 上下文正常（0% < 85%）
[2026-03-12 09:20:01] 🔍 开始无感会话切换检查
[2026-03-12 09:20:01] ⚠️ 获取会话信息失败
[2026-03-12 09:20:01] 📊 当前上下文使用率: 0%
[2026-03-12 09:20:01] ✅ 上下文正常（0% < 85%）
[2026-03-12 09:25:01] 🔍 开始无感会话切换检查
[2026-03-12 09:25:01] ⚠️ 获取会话信息失败
[2026-03-12 09:25:01] 📊 当前上下文使用率: 0%
[2026-03-12 09:25:01] ✅ 上下文正常（0% < 85%）
[2026-03-12 09:30:01] 🔍 开始无感会话切换检查
[2026-03-12 09:30:01] ⚠️ 获取会话信息失败
[2026-03-12 09:30:01] 📊 当前上下文使用率: 0%
[2026-03-12 09:30:01] ✅ 上下文正常（0% < 85%）
[2026-03-12 09:35:01] 🔍 开始无感会话切换检查
[2026-03-12 09:35:01] ⚠️ 获取会话信息失败
[2026-03-12 09:35:01] 📊 当前上下文使用率: 0%
[2026-03-12 09:35:01] ✅ 上下文正常（0% < 85%）
[2026-03-12 09:40:01] 🔍 开始无感会话切换检查
[2026-03-12 09:40:01] ⚠️ 获取会话信息失败
[2026-03-12 09:40:01] 📊 当前上下文使用率: 0%
[2026-03-12 09:40:01] ✅ 上下文正常（0% < 85%）
[2026-03-12 09:45:01] 🔍 开始无感会话切换检查
[2026-03-12 09:45:01] ⚠️ 获取会话信息失败
[2026-03-12 09:45:01] 📊 当前上下文使用率: 0%
[2026-03-12 09:45:01] ✅ 上下文正常（0% < 85%）
[2026-03-12 09:50:01] 🔍 开始无感会话切换检查
[2026-03-12 09:50:01] ⚠️ 获取会话信息失败
[2026-03-12 09:50:01] 📊 当前上下文使用率: 0%
[2026-03-12 09:50:01] ✅ 上下文正常（0% < 85%）
[2026-03-12 09:55:02] 🔍 开始无感会话切换检查
[2026-03-12 09:55:02] ⚠️ 获取会话信息失败
[2026-03-12 09:55:02] 📊 当前上下文使用率: 0%
[2026-03-12 09:55:02] ✅ 上下文正常（0% < 85%）
[2026-03-12 10:00:01] 🔍 开始无感会话切换检查
[2026-03-12 10:00:01] ⚠️ 获取会话信息失败
[2026-03-12 10:00:01] 📊 当前上下文使用率: 0%
[2026-03-12 10:00:01] ✅ 上下文正常（0% < 85%）
[2026-03-12 10:05:01] 🔍 开始无感会话切换检查
[2026-03-12 10:05:01] ⚠️ 获取会话信息失败
[2026-03-12 10:05:01] 📊 当前上下文使用率: 0%
[2026-03-12 10:05:01] ✅ 上下文正常（0% < 85%）
[2026-03-12 10:10:01] 🔍 开始无感会话切换检查
[2026-03-12 10:10:01] ⚠️ 获取会话信息失败
[2026-03-12 10:10:01] 📊 当前上下文使用率: 0%
[2026-03-12 10:10:01] ✅ 上下文正常（0% < 85%）
[2026-03-12 10:15:01] 🔍 开始无感会话切换检查
[2026-03-12 10:15:01] ⚠️ 获取会话信息失败
[2026-03-12 10:15:01] 📊 当前上下文使用率: 0%
[2026-03-12 10:15:01] ✅ 上下文正常（0% < 85%）
[2026-03-12 10:20:01] 🔍 开始无感会话切换检查
[2026-03-12 10:20:01] ⚠️ 获取会话信息失败
[2026-03-12 10:20:01] 📊 当前上下文使用率: 0%
[2026-03-12 10:20:01] ✅ 上下文正常（0% < 85%）
[2026-03-12 10:25:01] 🔍 开始无感会话切换检查
[2026-03-12 10:25:01] ⚠️ 获取会话信息失败
[2026-03-12 10:25:01] 📊 当前上下文使用率: 0%
[2026-03-12 10:25:01] ✅ 上下文正常（0% < 85%）
[2026-03-12 10:30:36] 🔍 开始无感会话切换检查
[2026-03-12 10:30:36] ⚠️ 获取会话信息失败
[2026-03-12 10:30:36] 📊 当前上下文使用率: 0%
[2026-03-12 10:30:36] ✅ 上下文正常（0% < 85%）
[2026-03-12 10:35:01] 🔍 开始无感会话切换检查
[2026-03-12 10:35:01] ⚠️ 获取会话信息失败
[2026-03-12 10:35:01] 📊 当前上下文使用率: 0%
[2026-03-12 10:35:01] ✅ 上下文正常（0% < 85%）
[2026-03-12 10:40:01] 🔍 开始无感会话切换检查
[2026-03-12 10:40:01] ⚠️ 获取会话信息失败
[2026-03-12 10:40:01] 📊 当前上下文使用率: 0%
[2026-03-12 10:40:01] ✅ 上下文正常（0% < 85%）
[2026-03-12 10:45:01] 🔍 开始无感会话切换检查
[2026-03-12 10:45:01] ⚠️ 获取会话信息失败
[2026-03-12 10:45:01] 📊 当前上下文使用率: 0%
[2026-03-12 10:45:01] ✅ 上下文正常（0% < 85%）
[2026-03-12 10:50:01] 🔍 开始无感会话切换检查
[2026-03-12 10:50:01] ⚠️ 获取会话信息失败
[2026-03-12 10:50:01] 📊 当前上下文使用率: 0%
[2026-03-12 10:50:01] ✅ 上下文正常（0% < 85%）
[2026-03-12 10:55:01] 🔍 开始无感会话切换检查
[2026-03-12 10:55:01] ⚠️ 获取会话信息失败
[2026-03-12 10:55:01] 📊 当前上下文使用率: 0%
[2026-03-12 10:55:01] ✅ 上下文正常（0% < 85%）
[2026-03-12 11:00:01] 🔍 开始无感会话切换检查
[2026-03-12 11:00:01] ⚠️ 获取会话信息失败
[2026-03-12 11:00:01] 📊 当前上下文使用率: 0%
[2026-03-12 11:00:01] ✅ 上下文正常（0% < 85%）
[2026-03-12 11:05:01] 🔍 开始无感会话切换检查
[2026-03-12 11:05:01] ⚠️ 获取会话信息失败
[2026-03-12 11:05:01] 📊 当前上下文使用率: 0%
[2026-03-12 11:05:01] ✅ 上下文正常（0% < 85%）
[2026-03-12 11:10:01] 🔍 开始无感会话切换检查
[2026-03-12 11:10:01] ⚠️ 获取会话信息失败
[2026-03-12 11:10:01] 📊 当前上下文使用率: 0%
[2026-03-12 11:10:01] ✅ 上下文正常（0% < 85%）
[2026-03-12 11:15:01] 🔍 开始无感会话切换检查
[2026-03-12 11:15:01] ⚠️ 获取会话信息失败
[2026-03-12 11:15:01] 📊 当前上下文使用率: 0%
[2026-03-12 11:15:01] ✅ 上下文正常（0% < 85%）
[2026-03-12 11:20:01] 🔍 开始无感会话切换检查
[2026-03-12 11:20:01] ⚠️ 获取会话信息失败
[2026-03-12 11:20:01] 📊 当前上下文使用率: 0%
[2026-03-12 11:20:01] ✅ 上下文正常（0% < 85%）
[2026-03-12 11:25:01] 🔍 开始无感会话切换检查
[2026-03-12 11:25:01] ⚠️ 获取会话信息失败
[2026-03-12 11:25:01] 📊 当前上下文使用率: 0%
[2026-03-12 11:25:01] ✅ 上下文正常（0% < 85%）
[2026-03-12 11:30:01] 🔍 开始无感会话切换检查
[2026-03-12 11:30:01] ⚠️ 获取会话信息失败
[2026-03-12 11:30:01] 📊 当前上下文使用率: 0%
[2026-03-12 11:30:01] ✅ 上下文正常（0% < 85%）
[2026-03-12 11:35:01] 🔍 开始无感会话切换检查
[2026-03-12 11:35:01] ⚠️ 获取会话信息失败
[2026-03-12 11:35:01] 📊 当前上下文使用率: 0%
[2026-03-12 11:35:01] ✅ 上下文正常（0% < 85%）
[2026-03-12 11:40:01] 🔍 开始无感会话切换检查
[2026-03-12 11:40:01] ⚠️ 获取会话信息失败
[2026-03-12 11:40:01] 📊 当前上下文使用率: 0%
[2026-03-12 11:40:01] ✅ 上下文正常（0% < 85%）
[2026-03-12 11:45:01] 🔍 开始无感会话切换检查
[2026-03-12 11:45:01] ⚠️ 获取会话信息失败
[2026-03-12 11:45:01] 📊 当前上下文使用率: 0%
[2026-03-12 11:45:01] ✅ 上下文正常（0% < 85%）
[2026-03-12 11:50:02] 🔍 开始无感会话切换检查
[2026-03-12 11:50:02] ⚠️ 获取会话信息失败
[2026-03-12 11:50:02] 📊 当前上下文使用率: 0%
[2026-03-12 11:50:02] ✅ 上下文正常（0% < 85%）
[2026-03-12 11:55:01] 🔍 开始无感会话切换检查
[2026-03-12 11:55:01] ⚠️ 获取会话信息失败
[2026-03-12 11:55:01] 📊 当前上下文使用率: 0%
[2026-03-12 11:55:01] ✅ 上下文正常（0% < 85%）
[2026-03-12 12:00:01] 🔍 开始无感会话切换检查
[2026-03-12 12:00:01] ⚠️ 获取会话信息失败
[2026-03-12 12:00:01] 📊 当前上下文使用率: 0%
[2026-03-12 12:00:01] ✅ 上下文正常（0% < 85%）
[2026-03-12 12:05:01] 🔍 开始无感会话切换检查
[2026-03-12 12:05:01] ⚠️ 获取会话信息失败
[2026-03-12 12:05:01] 📊 当前上下文使用率: 0%
[2026-03-12 12:05:01] ✅ 上下文正常（0% < 85%）
[2026-03-12 12:10:01] 🔍 开始无感会话切换检查
[2026-03-12 12:10:01] ⚠️ 获取会话信息失败
[2026-03-12 12:10:01] 📊 当前上下文使用率: 0%
[2026-03-12 12:10:01] ✅ 上下文正常（0% < 85%）
[2026-03-12 12:15:01] 🔍 开始无感会话切换检查
[2026-03-12 12:15:01] ⚠️ 获取会话信息失败
[2026-03-12 12:15:01] 📊 当前上下文使用率: 0%
[2026-03-12 12:15:01] ✅ 上下文正常（0% < 85%）
[2026-03-12 12:20:01] 🔍 开始无感会话切换检查
[2026-03-12 12:20:01] ⚠️ 获取会话信息失败
[2026-03-12 12:20:01] 📊 当前上下文使用率: 0%
[2026-03-12 12:20:01] ✅ 上下文正常（0% < 85%）
[2026-03-12 12:25:01] 🔍 开始无感会话切换检查
[2026-03-12 12:25:01] ⚠️ 获取会话信息失败
[2026-03-12 12:25:01] 📊 当前上下文使用率: 0%
[2026-03-12 12:25:01] ✅ 上下文正常（0% < 85%）
[2026-03-12 12:30:01] 🔍 开始无感会话切换检查
[2026-03-12 12:30:01] ⚠️ 获取会话信息失败
[2026-03-12 12:30:01] 📊 当前上下文使用率: 0%
[2026-03-12 12:30:01] ✅ 上下文正常（0% < 85%）
[2026-03-12 12:35:01] 🔍 开始无感会话切换检查
[2026-03-12 12:35:01] ⚠️ 获取会话信息失败
[2026-03-12 12:35:01] 📊 当前上下文使用率: 0%
[2026-03-12 12:35:01] ✅ 上下文正常（0% < 85%）
[2026-03-12 12:40:02] 🔍 开始无感会话切换检查
[2026-03-12 12:40:02] ⚠️ 获取会话信息失败
[2026-03-12 12:40:02] 📊 当前上下文使用率: 0%
[2026-03-12 12:40:02] ✅ 上下文正常（0% < 85%）
[2026-03-12 12:45:01] 🔍 开始无感会话切换检查
[2026-03-12 12:45:01] ⚠️ 获取会话信息失败
[2026-03-12 12:45:01] 📊 当前上下文使用率: 0%
[2026-03-12 12:45:01] ✅ 上下文正常（0% < 85%）
[2026-03-12 12:50:01] 🔍 开始无感会话切换检查
[2026-03-12 12:50:01] ⚠️ 获取会话信息失败
[2026-03-12 12:50:01] 📊 当前上下文使用率: 0%
[2026-03-12 12:50:01] ✅ 上下文正常（0% < 85%）
[2026-03-12 12:55:01] 🔍 开始无感会话切换检查
[2026-03-12 12:55:01] ⚠️ 获取会话信息失败
[2026-03-12 12:55:01] 📊 当前上下文使用率: 0%
[2026-03-12 12:55:01] ✅ 上下文正常（0% < 85%）
[2026-03-12 13:00:01] 🔍 开始无感会话切换检查
[2026-03-12 13:00:01] ⚠️ 获取会话信息失败
[2026-03-12 13:00:01] 📊 当前上下文使用率: 0%
[2026-03-12 13:00:01] ✅ 上下文正常（0% < 85%）
