[2026-03-10 12:04:40] [main] ================================
[2026-03-10 12:04:40] [main] 🚀 Session-Memory Enhanced v4.0 启动（统一增强版）
[2026-03-10 12:04:40] [main] 🎯 融合 session-memory + memu-engine 核心功能
[2026-03-10 12:04:40] [main] ================================
[2026-03-10 12:04:40] [main] 📋 加载主配置：/home/zhaog/.openclaw/workspace/skills/session-memory-enhanced/config/unified.json
[2026-03-10 12:04:40] [main] ✅ 配置加载完成
[2026-03-10 12:04:40] [main]    - 闲置时间：1800秒
[2026-03-10 12:04:40] [main]    - 消息上限：60条
[2026-03-10 12:04:40] [main]    - 结构化提取：true
[2026-03-10 12:04:40] [main]    - 向量检索：true
[2026-03-10 12:04:40] [main] ✅ Session-Memory Enhanced v4.0 完成
[2026-03-10 12:04:40] [main] 🎯 已吸收 memu-engine 核心优势
[2026-03-10 12:04:40] [main] ================================
[2026-03-10 13:00:01] [main] ================================
[2026-03-10 13:00:01] [main] 🚀 Session-Memory Enhanced v4.0 启动（统一增强版）
[2026-03-10 13:00:01] [main] 🎯 融合 session-memory + memu-engine 核心功能
[2026-03-10 13:00:01] [main] ================================
[2026-03-10 13:00:01] [main] 📋 加载主配置：/home/zhaog/.openclaw/workspace/skills/session-memory-enhanced/config/unified.json
[2026-03-10 13:00:01] [main] 📋 加载代理配置：/home/zhaog/.openclaw/workspace/config/agents.json
[2026-03-10 13:00:01] [main] ✅ 配置加载完成
[2026-03-10 13:00:01] [main]    - 闲置时间：1800秒
[2026-03-10 13:00:01] [main]    - 消息上限：60条
[2026-03-10 13:00:01] [main]    - 结构化提取：true
[2026-03-10 13:00:01] [main]    - 向量检索：true
[2026-03-10 13:00:01] [main] ✅ Session-Memory Enhanced v4.0 完成
[2026-03-10 13:00:01] [main] 🎯 已吸收 memu-engine 核心优势
[2026-03-10 13:00:01] [main] ================================
[2026-03-10 14:00:01] [main] ================================
[2026-03-10 14:00:01] [main] 🚀 Session-Memory Enhanced v4.0 启动（统一增强版）
[2026-03-10 14:00:01] [main] 🎯 融合 session-memory + memu-engine 核心功能
[2026-03-10 14:00:01] [main] ================================
[2026-03-10 14:00:01] [main] 📋 加载主配置：/home/zhaog/.openclaw/workspace/skills/session-memory-enhanced/config/unified.json
[2026-03-10 14:00:01] [main] 📋 加载代理配置：/home/zhaog/.openclaw/workspace/config/agents.json
[2026-03-10 14:00:01] [main] ✅ 配置加载完成
[2026-03-10 14:00:01] [main]    - 闲置时间：1800秒
[2026-03-10 14:00:01] [main]    - 消息上限：60条
[2026-03-10 14:00:01] [main]    - 结构化提取：true
[2026-03-10 14:00:01] [main]    - 向量检索：true
[2026-03-10 14:00:01] [main] ✅ Session-Memory Enhanced v4.0 完成
[2026-03-10 14:00:01] [main] 🎯 已吸收 memu-engine 核心优势
[2026-03-10 14:00:01] [main] ================================
[2026-03-10 15:00:01] [main] ================================
[2026-03-10 15:00:01] [main] 🚀 Session-Memory Enhanced v4.0 启动（统一增强版）
[2026-03-10 15:00:01] [main] 🎯 融合 session-memory + memu-engine 核心功能
[2026-03-10 15:00:01] [main] ================================
[2026-03-10 15:00:01] [main] 📋 加载主配置：/home/zhaog/.openclaw/workspace/skills/session-memory-enhanced/config/unified.json
[2026-03-10 15:00:01] [main] 📋 加载代理配置：/home/zhaog/.openclaw/workspace/config/agents.json
[2026-03-10 15:00:01] [main] ✅ 配置加载完成
[2026-03-10 15:00:01] [main]    - 闲置时间：1800秒
[2026-03-10 15:00:01] [main]    - 消息上限：60条
[2026-03-10 15:00:01] [main]    - 结构化提取：true
[2026-03-10 15:00:01] [main]    - 向量检索：true
[2026-03-10 15:00:01] [main] ✅ Session-Memory Enhanced v4.0 完成
[2026-03-10 15:00:01] [main] 🎯 已吸收 memu-engine 核心优势
[2026-03-10 15:00:01] [main] ================================
[2026-03-10 16:00:01] [main] ================================
[2026-03-10 16:00:01] [main] 🚀 Session-Memory Enhanced v4.0 启动（统一增强版）
[2026-03-10 16:00:01] [main] 🎯 融合 session-memory + memu-engine 核心功能
[2026-03-10 16:00:01] [main] ================================
[2026-03-10 16:00:01] [main] 📋 加载主配置：/home/zhaog/.openclaw/workspace/skills/session-memory-enhanced/config/unified.json
[2026-03-10 16:00:01] [main] 📋 加载代理配置：/home/zhaog/.openclaw/workspace/config/agents.json
[2026-03-10 16:00:01] [main] ✅ 配置加载完成
[2026-03-10 16:00:01] [main]    - 闲置时间：1800秒
[2026-03-10 16:00:01] [main]    - 消息上限：60条
[2026-03-10 16:00:01] [main]    - 结构化提取：true
[2026-03-10 16:00:01] [main]    - 向量检索：true
[2026-03-10 16:00:01] [main] ✅ Session-Memory Enhanced v4.0 完成
[2026-03-10 16:00:01] [main] 🎯 已吸收 memu-engine 核心优势
[2026-03-10 16:00:01] [main] ================================
[2026-03-10 17:00:02] [main] ================================
[2026-03-10 17:00:02] [main] 🚀 Session-Memory Enhanced v4.0 启动（统一增强版）
[2026-03-10 17:00:02] [main] 🎯 融合 session-memory + memu-engine 核心功能
[2026-03-10 17:00:02] [main] ================================
[2026-03-10 17:00:02] [main] 📋 加载主配置：/home/zhaog/.openclaw/workspace/skills/session-memory-enhanced/config/unified.json
[2026-03-10 17:00:02] [main] 📋 加载代理配置：/home/zhaog/.openclaw/workspace/config/agents.json
[2026-03-10 17:00:02] [main] ✅ 配置加载完成
[2026-03-10 17:00:02] [main]    - 闲置时间：1800秒
[2026-03-10 17:00:02] [main]    - 消息上限：60条
[2026-03-10 17:00:02] [main]    - 结构化提取：true
[2026-03-10 17:00:02] [main]    - 向量检索：true
[2026-03-10 17:00:02] [main] ✅ Session-Memory Enhanced v4.0 完成
[2026-03-10 17:00:02] [main] 🎯 已吸收 memu-engine 核心优势
[2026-03-10 17:00:02] [main] ================================
[2026-03-10 18:00:01] [main] ================================
[2026-03-10 18:00:01] [main] 🚀 Session-Memory Enhanced v4.0 启动（统一增强版）
[2026-03-10 18:00:01] [main] 🎯 融合 session-memory + memu-engine 核心功能
[2026-03-10 18:00:01] [main] ================================
[2026-03-10 18:00:01] [main] 📋 加载主配置：/home/zhaog/.openclaw/workspace/skills/session-memory-enhanced/config/unified.json
[2026-03-10 18:00:01] [main] 📋 加载代理配置：/home/zhaog/.openclaw/workspace/config/agents.json
[2026-03-10 18:00:01] [main] ✅ 配置加载完成
[2026-03-10 18:00:01] [main]    - 闲置时间：1800秒
[2026-03-10 18:00:01] [main]    - 消息上限：60条
[2026-03-10 18:00:01] [main]    - 结构化提取：true
[2026-03-10 18:00:01] [main]    - 向量检索：true
[2026-03-10 18:00:01] [main] ✅ Session-Memory Enhanced v4.0 完成
[2026-03-10 18:00:01] [main] 🎯 已吸收 memu-engine 核心优势
[2026-03-10 18:00:01] [main] ================================
[2026-03-10 19:00:01] [main] ================================
[2026-03-10 19:00:01] [main] 🚀 Session-Memory Enhanced v4.0 启动（统一增强版）
[2026-03-10 19:00:01] [main] 🎯 融合 session-memory + memu-engine 核心功能
[2026-03-10 19:00:01] [main] ================================
[2026-03-10 19:00:01] [main] 📋 加载主配置：/home/zhaog/.openclaw/workspace/skills/session-memory-enhanced/config/unified.json
[2026-03-10 19:00:01] [main] 📋 加载代理配置：/home/zhaog/.openclaw/workspace/config/agents.json
[2026-03-10 19:00:01] [main] ✅ 配置加载完成
[2026-03-10 19:00:01] [main]    - 闲置时间：1800秒
[2026-03-10 19:00:01] [main]    - 消息上限：60条
[2026-03-10 19:00:01] [main]    - 结构化提取：true
[2026-03-10 19:00:01] [main]    - 向量检索：true
[2026-03-10 19:00:01] [main] ✅ Session-Memory Enhanced v4.0 完成
[2026-03-10 19:00:01] [main] 🎯 已吸收 memu-engine 核心优势
[2026-03-10 19:00:01] [main] ================================
[2026-03-10 20:00:01] [main] ================================
[2026-03-10 20:00:01] [main] 🚀 Session-Memory Enhanced v4.0 启动（统一增强版）
[2026-03-10 20:00:01] [main] 🎯 融合 session-memory + memu-engine 核心功能
[2026-03-10 20:00:01] [main] ================================
[2026-03-10 20:00:01] [main] 📋 加载主配置：/home/zhaog/.openclaw/workspace/skills/session-memory-enhanced/config/unified.json
[2026-03-10 20:00:01] [main] 📋 加载代理配置：/home/zhaog/.openclaw/workspace/config/agents.json
[2026-03-10 20:00:01] [main] ✅ 配置加载完成
[2026-03-10 20:00:01] [main]    - 闲置时间：1800秒
[2026-03-10 20:00:01] [main]    - 消息上限：60条
[2026-03-10 20:00:01] [main]    - 结构化提取：true
[2026-03-10 20:00:01] [main]    - 向量检索：true
[2026-03-10 20:00:01] [main] ✅ Session-Memory Enhanced v4.0 完成
[2026-03-10 20:00:01] [main] 🎯 已吸收 memu-engine 核心优势
[2026-03-10 20:00:01] [main] ================================
[2026-03-10 21:00:01] [main] ================================
[2026-03-10 21:00:01] [main] 🚀 Session-Memory Enhanced v4.0 启动（统一增强版）
[2026-03-10 21:00:01] [main] 🎯 融合 session-memory + memu-engine 核心功能
[2026-03-10 21:00:01] [main] ================================
[2026-03-10 21:00:01] [main] 📋 加载主配置：/home/zhaog/.openclaw/workspace/skills/session-memory-enhanced/config/unified.json
[2026-03-10 21:00:01] [main] 📋 加载代理配置：/home/zhaog/.openclaw/workspace/config/agents.json
[2026-03-10 21:00:01] [main] ✅ 配置加载完成
[2026-03-10 21:00:01] [main]    - 闲置时间：1800秒
[2026-03-10 21:00:01] [main]    - 消息上限：60条
[2026-03-10 21:00:01] [main]    - 结构化提取：true
[2026-03-10 21:00:01] [main]    - 向量检索：true
[2026-03-10 21:00:01] [main] ✅ Session-Memory Enhanced v4.0 完成
[2026-03-10 21:00:01] [main] 🎯 已吸收 memu-engine 核心优势
[2026-03-10 21:00:01] [main] ================================
[2026-03-10 22:00:01] [main] ================================
[2026-03-10 22:00:01] [main] 🚀 Session-Memory Enhanced v4.0 启动（统一增强版）
[2026-03-10 22:00:01] [main] 🎯 融合 session-memory + memu-engine 核心功能
[2026-03-10 22:00:01] [main] ================================
[2026-03-10 22:00:01] [main] 📋 加载主配置：/home/zhaog/.openclaw/workspace/skills/session-memory-enhanced/config/unified.json
[2026-03-10 22:00:01] [main] 📋 加载代理配置：/home/zhaog/.openclaw/workspace/config/agents.json
[2026-03-10 22:00:01] [main] ✅ 配置加载完成
[2026-03-10 22:00:01] [main]    - 闲置时间：1800秒
[2026-03-10 22:00:01] [main]    - 消息上限：60条
[2026-03-10 22:00:01] [main]    - 结构化提取：true
[2026-03-10 22:00:01] [main]    - 向量检索：true
[2026-03-10 22:00:01] [main] ✅ Session-Memory Enhanced v4.0 完成
[2026-03-10 22:00:01] [main] 🎯 已吸收 memu-engine 核心优势
[2026-03-10 22:00:01] [main] ================================
[2026-03-10 23:00:01] [main] ================================
[2026-03-10 23:00:01] [main] 🚀 Session-Memory Enhanced v4.0 启动（统一增强版）
[2026-03-10 23:00:01] [main] 🎯 融合 session-memory + memu-engine 核心功能
[2026-03-10 23:00:01] [main] ================================
[2026-03-10 23:00:01] [main] 📋 加载主配置：/home/zhaog/.openclaw/workspace/skills/session-memory-enhanced/config/unified.json
[2026-03-10 23:00:01] [main] 📋 加载代理配置：/home/zhaog/.openclaw/workspace/config/agents.json
[2026-03-10 23:00:01] [main] ✅ 配置加载完成
[2026-03-10 23:00:01] [main]    - 闲置时间：1800秒
[2026-03-10 23:00:01] [main]    - 消息上限：60条
[2026-03-10 23:00:01] [main]    - 结构化提取：true
[2026-03-10 23:00:01] [main]    - 向量检索：true
[2026-03-10 23:00:01] [main] ✅ Session-Memory Enhanced v4.0 完成
[2026-03-10 23:00:01] [main] 🎯 已吸收 memu-engine 核心优势
[2026-03-10 23:00:01] [main] ================================
[2026-03-11 00:00:01] [main] ================================
[2026-03-11 00:00:01] [main] 🚀 Session-Memory Enhanced v4.0 启动（统一增强版）
[2026-03-11 00:00:01] [main] 🎯 融合 session-memory + memu-engine 核心功能
[2026-03-11 00:00:01] [main] ================================
[2026-03-11 00:00:01] [main] 📋 加载主配置：/home/zhaog/.openclaw/workspace/skills/session-memory-enhanced/config/unified.json
[2026-03-11 00:00:01] [main] 📋 加载代理配置：/home/zhaog/.openclaw/workspace/config/agents.json
[2026-03-11 00:00:01] [main] ✅ 配置加载完成
[2026-03-11 00:00:01] [main]    - 闲置时间：1800秒
[2026-03-11 00:00:01] [main]    - 消息上限：60条
[2026-03-11 00:00:01] [main]    - 结构化提取：true
[2026-03-11 00:00:01] [main]    - 向量检索：true
[2026-03-11 00:00:01] [main] ✅ Session-Memory Enhanced v4.0 完成
[2026-03-11 00:00:01] [main] 🎯 已吸收 memu-engine 核心优势
[2026-03-11 00:00:01] [main] ================================
[2026-03-11 01:00:02] [main] ================================
[2026-03-11 01:00:02] [main] 🚀 Session-Memory Enhanced v4.0 启动（统一增强版）
[2026-03-11 01:00:02] [main] 🎯 融合 session-memory + memu-engine 核心功能
[2026-03-11 01:00:02] [main] ================================
[2026-03-11 01:00:02] [main] 📋 加载主配置：/home/zhaog/.openclaw/workspace/skills/session-memory-enhanced/config/unified.json
[2026-03-11 01:00:02] [main] 📋 加载代理配置：/home/zhaog/.openclaw/workspace/config/agents.json
[2026-03-11 01:00:02] [main] ✅ 配置加载完成
[2026-03-11 01:00:02] [main]    - 闲置时间：1800秒
[2026-03-11 01:00:02] [main]    - 消息上限：60条
[2026-03-11 01:00:02] [main]    - 结构化提取：true
[2026-03-11 01:00:02] [main]    - 向量检索：true
[2026-03-11 01:00:02] [main] ✅ Session-Memory Enhanced v4.0 完成
[2026-03-11 01:00:02] [main] 🎯 已吸收 memu-engine 核心优势
[2026-03-11 01:00:02] [main] ================================
[2026-03-11 02:00:01] [main] ================================
[2026-03-11 02:00:01] [main] 🚀 Session-Memory Enhanced v4.0 启动（统一增强版）
[2026-03-11 02:00:01] [main] 🎯 融合 session-memory + memu-engine 核心功能
[2026-03-11 02:00:01] [main] ================================
[2026-03-11 02:00:01] [main] 📋 加载主配置：/home/zhaog/.openclaw/workspace/skills/session-memory-enhanced/config/unified.json
[2026-03-11 02:00:01] [main] 📋 加载代理配置：/home/zhaog/.openclaw/workspace/config/agents.json
[2026-03-11 02:00:01] [main] ✅ 配置加载完成
[2026-03-11 02:00:01] [main]    - 闲置时间：1800秒
[2026-03-11 02:00:01] [main]    - 消息上限：60条
[2026-03-11 02:00:01] [main]    - 结构化提取：true
[2026-03-11 02:00:01] [main]    - 向量检索：true
[2026-03-11 02:00:01] [main] ✅ Session-Memory Enhanced v4.0 完成
[2026-03-11 02:00:01] [main] 🎯 已吸收 memu-engine 核心优势
[2026-03-11 02:00:01] [main] ================================
[2026-03-11 03:00:01] [main] ================================
[2026-03-11 03:00:01] [main] 🚀 Session-Memory Enhanced v4.0 启动（统一增强版）
[2026-03-11 03:00:01] [main] 🎯 融合 session-memory + memu-engine 核心功能
[2026-03-11 03:00:01] [main] ================================
[2026-03-11 03:00:01] [main] 📋 加载主配置：/home/zhaog/.openclaw/workspace/skills/session-memory-enhanced/config/unified.json
[2026-03-11 03:00:01] [main] 📋 加载代理配置：/home/zhaog/.openclaw/workspace/config/agents.json
[2026-03-11 03:00:01] [main] ✅ 配置加载完成
[2026-03-11 03:00:01] [main]    - 闲置时间：1800秒
[2026-03-11 03:00:01] [main]    - 消息上限：60条
[2026-03-11 03:00:01] [main]    - 结构化提取：true
[2026-03-11 03:00:01] [main]    - 向量检索：true
[2026-03-11 03:00:01] [main] ✅ Session-Memory Enhanced v4.0 完成
[2026-03-11 03:00:01] [main] 🎯 已吸收 memu-engine 核心优势
[2026-03-11 03:00:01] [main] ================================
[2026-03-11 04:00:01] [main] ================================
[2026-03-11 04:00:01] [main] 🚀 Session-Memory Enhanced v4.0 启动（统一增强版）
[2026-03-11 04:00:01] [main] 🎯 融合 session-memory + memu-engine 核心功能
[2026-03-11 04:00:01] [main] ================================
[2026-03-11 04:00:01] [main] 📋 加载主配置：/home/zhaog/.openclaw/workspace/skills/session-memory-enhanced/config/unified.json
[2026-03-11 04:00:01] [main] 📋 加载代理配置：/home/zhaog/.openclaw/workspace/config/agents.json
[2026-03-11 04:00:01] [main] ✅ 配置加载完成
[2026-03-11 04:00:01] [main]    - 闲置时间：1800秒
[2026-03-11 04:00:01] [main]    - 消息上限：60条
[2026-03-11 04:00:01] [main]    - 结构化提取：true
[2026-03-11 04:00:01] [main]    - 向量检索：true
[2026-03-11 04:00:01] [main] ✅ Session-Memory Enhanced v4.0 完成
[2026-03-11 04:00:01] [main] 🎯 已吸收 memu-engine 核心优势
[2026-03-11 04:00:01] [main] ================================
[2026-03-11 05:00:01] [main] ================================
[2026-03-11 05:00:01] [main] 🚀 Session-Memory Enhanced v4.0 启动（统一增强版）
[2026-03-11 05:00:01] [main] 🎯 融合 session-memory + memu-engine 核心功能
[2026-03-11 05:00:01] [main] ================================
[2026-03-11 05:00:01] [main] 📋 加载主配置：/home/zhaog/.openclaw/workspace/skills/session-memory-enhanced/config/unified.json
[2026-03-11 05:00:01] [main] 📋 加载代理配置：/home/zhaog/.openclaw/workspace/config/agents.json
[2026-03-11 05:00:01] [main] ✅ 配置加载完成
[2026-03-11 05:00:01] [main]    - 闲置时间：1800秒
[2026-03-11 05:00:01] [main]    - 消息上限：60条
[2026-03-11 05:00:01] [main]    - 结构化提取：true
[2026-03-11 05:00:01] [main]    - 向量检索：true
[2026-03-11 05:00:01] [main] ✅ Session-Memory Enhanced v4.0 完成
[2026-03-11 05:00:01] [main] 🎯 已吸收 memu-engine 核心优势
[2026-03-11 05:00:01] [main] ================================
[2026-03-11 10:00:01] [main] ================================
[2026-03-11 10:00:02] [main] 🚀 Session-Memory Enhanced v4.0 启动（统一增强版）
[2026-03-11 10:00:02] [main] 🎯 融合 session-memory + memu-engine 核心功能
[2026-03-11 10:00:02] [main] ================================
[2026-03-11 10:00:02] [main] 📋 加载主配置：/home/zhaog/.openclaw/workspace/skills/session-memory-enhanced/config/unified.json
[2026-03-11 10:00:02] [main] 📋 加载代理配置：/home/zhaog/.openclaw/workspace/config/agents.json
[2026-03-11 10:00:02] [main] ✅ 配置加载完成
[2026-03-11 10:00:02] [main]    - 闲置时间：1800秒
[2026-03-11 10:00:02] [main]    - 消息上限：60条
[2026-03-11 10:00:02] [main]    - 结构化提取：true
[2026-03-11 10:00:02] [main]    - 向量检索：true
[2026-03-11 10:00:02] [main] ✅ Session-Memory Enhanced v4.0 完成
[2026-03-11 10:00:02] [main] 🎯 已吸收 memu-engine 核心优势
[2026-03-11 10:00:02] [main] ================================
[2026-03-11 11:00:01] [main] ================================
[2026-03-11 11:00:01] [main] 🚀 Session-Memory Enhanced v4.0 启动（统一增强版）
[2026-03-11 11:00:01] [main] 🎯 融合 session-memory + memu-engine 核心功能
[2026-03-11 11:00:01] [main] ================================
[2026-03-11 11:00:01] [main] 📋 加载主配置：/home/zhaog/.openclaw/workspace/skills/session-memory-enhanced/config/unified.json
[2026-03-11 11:00:01] [main] 📋 加载代理配置：/home/zhaog/.openclaw/workspace/config/agents.json
[2026-03-11 11:00:01] [main] ✅ 配置加载完成
[2026-03-11 11:00:01] [main]    - 闲置时间：1800秒
[2026-03-11 11:00:01] [main]    - 消息上限：60条
[2026-03-11 11:00:01] [main]    - 结构化提取：true
[2026-03-11 11:00:01] [main]    - 向量检索：true
[2026-03-11 11:00:01] [main] ✅ Session-Memory Enhanced v4.0 完成
[2026-03-11 11:00:01] [main] 🎯 已吸收 memu-engine 核心优势
[2026-03-11 11:00:01] [main] ================================
[2026-03-11 12:00:01] [main] ================================
[2026-03-11 12:00:01] [main] 🚀 Session-Memory Enhanced v4.0 启动（统一增强版）
[2026-03-11 12:00:01] [main] 🎯 融合 session-memory + memu-engine 核心功能
[2026-03-11 12:00:01] [main] ================================
[2026-03-11 12:00:01] [main] 📋 加载主配置：/home/zhaog/.openclaw/workspace/skills/session-memory-enhanced/config/unified.json
[2026-03-11 12:00:01] [main] 📋 加载代理配置：/home/zhaog/.openclaw/workspace/config/agents.json
[2026-03-11 12:00:01] [main] ✅ 配置加载完成
[2026-03-11 12:00:01] [main]    - 闲置时间：1800秒
[2026-03-11 12:00:01] [main]    - 消息上限：60条
[2026-03-11 12:00:01] [main]    - 结构化提取：true
[2026-03-11 12:00:01] [main]    - 向量检索：true
[2026-03-11 12:00:01] [main] ✅ Session-Memory Enhanced v4.0 完成
[2026-03-11 12:00:01] [main] 🎯 已吸收 memu-engine 核心优势
[2026-03-11 12:00:01] [main] ================================
[2026-03-11 13:00:01] [main] ================================
[2026-03-11 13:00:01] [main] 🚀 Session-Memory Enhanced v4.0 启动（统一增强版）
[2026-03-11 13:00:01] [main] 🎯 融合 session-memory + memu-engine 核心功能
[2026-03-11 13:00:01] [main] ================================
[2026-03-11 13:00:01] [main] 📋 加载主配置：/home/zhaog/.openclaw/workspace/skills/session-memory-enhanced/config/unified.json
[2026-03-11 13:00:01] [main] 📋 加载代理配置：/home/zhaog/.openclaw/workspace/config/agents.json
[2026-03-11 13:00:01] [main] ✅ 配置加载完成
[2026-03-11 13:00:01] [main]    - 闲置时间：1800秒
[2026-03-11 13:00:01] [main]    - 消息上限：60条
[2026-03-11 13:00:01] [main]    - 结构化提取：true
[2026-03-11 13:00:01] [main]    - 向量检索：true
[2026-03-11 13:00:01] [main] ✅ Session-Memory Enhanced v4.0 完成
[2026-03-11 13:00:01] [main] 🎯 已吸收 memu-engine 核心优势
[2026-03-11 13:00:01] [main] ================================
[2026-03-11 14:00:01] [main] ================================
[2026-03-11 14:00:01] [main] 🚀 Session-Memory Enhanced v4.0 启动（统一增强版）
[2026-03-11 14:00:01] [main] 🎯 融合 session-memory + memu-engine 核心功能
[2026-03-11 14:00:01] [main] ================================
[2026-03-11 14:00:01] [main] 📋 加载主配置：/home/zhaog/.openclaw/workspace/skills/session-memory-enhanced/config/unified.json
[2026-03-11 14:00:01] [main] 📋 加载代理配置：/home/zhaog/.openclaw/workspace/config/agents.json
[2026-03-11 14:00:01] [main] ✅ 配置加载完成
[2026-03-11 14:00:01] [main]    - 闲置时间：1800秒
[2026-03-11 14:00:01] [main]    - 消息上限：60条
[2026-03-11 14:00:01] [main]    - 结构化提取：true
[2026-03-11 14:00:01] [main]    - 向量检索：true
[2026-03-11 14:00:01] [main] ✅ Session-Memory Enhanced v4.0 完成
[2026-03-11 14:00:01] [main] 🎯 已吸收 memu-engine 核心优势
[2026-03-11 14:00:01] [main] ================================
[2026-03-11 15:00:01] [main] ================================
[2026-03-11 15:00:01] [main] 🚀 Session-Memory Enhanced v4.0 启动（统一增强版）
[2026-03-11 15:00:01] [main] 🎯 融合 session-memory + memu-engine 核心功能
[2026-03-11 15:00:01] [main] ================================
[2026-03-11 15:00:01] [main] 📋 加载主配置：/home/zhaog/.openclaw/workspace/skills/session-memory-enhanced/config/unified.json
[2026-03-11 15:00:01] [main] 📋 加载代理配置：/home/zhaog/.openclaw/workspace/config/agents.json
[2026-03-11 15:00:01] [main] ✅ 配置加载完成
[2026-03-11 15:00:01] [main]    - 闲置时间：1800秒
[2026-03-11 15:00:01] [main]    - 消息上限：60条
[2026-03-11 15:00:01] [main]    - 结构化提取：true
[2026-03-11 15:00:01] [main]    - 向量检索：true
[2026-03-11 15:00:01] [main] ✅ Session-Memory Enhanced v4.0 完成
[2026-03-11 15:00:01] [main] 🎯 已吸收 memu-engine 核心优势
[2026-03-11 15:00:01] [main] ================================
[2026-03-11 16:00:01] [main] ================================
[2026-03-11 16:00:01] [main] 🚀 Session-Memory Enhanced v4.0 启动（统一增强版）
[2026-03-11 16:00:01] [main] 🎯 融合 session-memory + memu-engine 核心功能
[2026-03-11 16:00:01] [main] ================================
[2026-03-11 16:00:01] [main] 📋 加载主配置：/home/zhaog/.openclaw/workspace/skills/session-memory-enhanced/config/unified.json
[2026-03-11 16:00:01] [main] 📋 加载代理配置：/home/zhaog/.openclaw/workspace/config/agents.json
[2026-03-11 16:00:01] [main] ✅ 配置加载完成
[2026-03-11 16:00:01] [main]    - 闲置时间：1800秒
[2026-03-11 16:00:01] [main]    - 消息上限：60条
[2026-03-11 16:00:01] [main]    - 结构化提取：true
[2026-03-11 16:00:01] [main]    - 向量检索：true
[2026-03-11 16:00:01] [main] ✅ Session-Memory Enhanced v4.0 完成
[2026-03-11 16:00:01] [main] 🎯 已吸收 memu-engine 核心优势
[2026-03-11 16:00:01] [main] ================================
[2026-03-11 17:00:01] [main] ================================
[2026-03-11 17:00:01] [main] 🚀 Session-Memory Enhanced v4.0 启动（统一增强版）
[2026-03-11 17:00:01] [main] 🎯 融合 session-memory + memu-engine 核心功能
[2026-03-11 17:00:01] [main] ================================
[2026-03-11 17:00:01] [main] 📋 加载主配置：/home/zhaog/.openclaw/workspace/skills/session-memory-enhanced/config/unified.json
[2026-03-11 17:00:01] [main] 📋 加载代理配置：/home/zhaog/.openclaw/workspace/config/agents.json
[2026-03-11 17:00:01] [main] ✅ 配置加载完成
[2026-03-11 17:00:01] [main]    - 闲置时间：1800秒
[2026-03-11 17:00:01] [main]    - 消息上限：60条
[2026-03-11 17:00:01] [main]    - 结构化提取：true
[2026-03-11 17:00:01] [main]    - 向量检索：true
[2026-03-11 17:00:01] [main] ✅ Session-Memory Enhanced v4.0 完成
[2026-03-11 17:00:01] [main] 🎯 已吸收 memu-engine 核心优势
[2026-03-11 17:00:01] [main] ================================
[2026-03-11 18:00:01] [main] ================================
[2026-03-11 18:00:01] [main] 🚀 Session-Memory Enhanced v4.0 启动（统一增强版）
[2026-03-11 18:00:01] [main] 🎯 融合 session-memory + memu-engine 核心功能
[2026-03-11 18:00:01] [main] ================================
[2026-03-11 18:00:01] [main] 📋 加载主配置：/home/zhaog/.openclaw/workspace/skills/session-memory-enhanced/config/unified.json
[2026-03-11 18:00:01] [main] 📋 加载代理配置：/home/zhaog/.openclaw/workspace/config/agents.json
[2026-03-11 18:00:01] [main] ✅ 配置加载完成
[2026-03-11 18:00:01] [main]    - 闲置时间：1800秒
[2026-03-11 18:00:01] [main]    - 消息上限：60条
[2026-03-11 18:00:01] [main]    - 结构化提取：true
[2026-03-11 18:00:01] [main]    - 向量检索：true
[2026-03-11 18:00:01] [main] ✅ Session-Memory Enhanced v4.0 完成
[2026-03-11 18:00:01] [main] 🎯 已吸收 memu-engine 核心优势
[2026-03-11 18:00:01] [main] ================================
[2026-03-11 19:00:01] [main] ================================
[2026-03-11 19:00:01] [main] 🚀 Session-Memory Enhanced v4.0 启动（统一增强版）
[2026-03-11 19:00:01] [main] 🎯 融合 session-memory + memu-engine 核心功能
[2026-03-11 19:00:01] [main] ================================
[2026-03-11 19:00:01] [main] 📋 加载主配置：/home/zhaog/.openclaw/workspace/skills/session-memory-enhanced/config/unified.json
[2026-03-11 19:00:01] [main] 📋 加载代理配置：/home/zhaog/.openclaw/workspace/config/agents.json
[2026-03-11 19:00:01] [main] ✅ 配置加载完成
[2026-03-11 19:00:01] [main]    - 闲置时间：1800秒
[2026-03-11 19:00:01] [main]    - 消息上限：60条
[2026-03-11 19:00:01] [main]    - 结构化提取：true
[2026-03-11 19:00:01] [main]    - 向量检索：true
[2026-03-11 19:00:01] [main] ✅ Session-Memory Enhanced v4.0 完成
[2026-03-11 19:00:01] [main] 🎯 已吸收 memu-engine 核心优势
[2026-03-11 19:00:01] [main] ================================
