[2026-03-25 14:56:24] [morning-review] ===== 午间运营回顾开始 =====
[2026-03-25 14:56:24] [morning-review] 今日记忆文件: 50行
[2026-03-25 14:56:24] [morning-review] 上午 intel/ 文件变更:
[2026-03-25 14:56:24] [morning-review]   📄 "agents/xiaomila-media/intel/345206205345256271345210235347250277.md"
[2026-03-25 14:56:24] [morning-review]   📄 "agents/xiaomila-media/intel/350277220350220245345276205345212236.md"
[2026-03-25 14:56:24] [morning-review] 待办进度: ✅6 完成 / ⏳5 待做
[2026-03-25 14:56:24] [morning-review] ===== 午间运营回顾完成 =====
[2026-03-25 15:44:35] [morning-review] ===== 午间运营回顾开始（15:44）=====
[2026-03-25 15:44:35] [morning-review] 今日记忆文件: 61行
[2026-03-25 15:44:35] [morning-review] 变更统计: intel/0 memory/0 config/0
[2026-03-25 15:44:35] [morning-review]   📄 agents/xiaomila-media/scripts/xiaomila-cron.sh
[2026-03-25 15:44:35] [morning-review] 待办进度: ✅11 完成 / ⏳8 待做
[2026-03-25 15:44:35] [morning-review] ✅ Git 已提交
[2026-03-25 15:44:39] [morning-review] ✅ 已推送到 xiaomila-skills.git main
[2026-03-25 15:44:39] [morning-review] 更新 QMD 向量索引...
[2026-03-25 15:44:40] [morning-review] ✅ QMD 更新完成
[2026-03-25 15:44:40] [morning-review] ===== 午间运营回顾完成 =====
[2026-03-26 02:10:01] [cleanup] 清理旧日志...
[2026-03-26 02:10:01] [cleanup] ✅ 清理完成
[2026-03-26 06:10:01] [qmd-update] 更新 QMD 向量索引...
[2026-03-26 06:10:01] [qmd-update] ✅ QMD 更新完成
